#
# A fatal error has been detected by the Java Runtime Environment:
#
#  EXCEPTION_ACCESS_VIOLATION (0xc0000005) at pc=0x0000000180005b00, pid=1440, tid=0x000000000000103c
#
# JRE version: Java(TM) SE Runtime Environment (8.0_271-b09) (build 1.8.0_271-b09)
# Java VM: Java HotSpot(TM) 64-Bit Server VM (25.271-b09 mixed mode windows-amd64 compressed oops)
# Problematic frame:
# C  [rxtxSerial.dll+0x5b00]
#
# Failed to write core dump. Minidumps are not enabled by default on client versions of Windows
#
# If you would like to submit a bug report, please visit:
#   http://bugreport.java.com/bugreport/crash.jsp
# The crash happened outside the Java Virtual Machine in native code.
# See problematic frame for where to report the bug.
#

---------------  T H R E A D  ---------------

Current thread (0x00000238c1b10800):  JavaThread "Thread-0" [_thread_in_native, id=4156, stack(0x000000ad63900000,0x000000ad63a00000)]

siginfo: ExceptionCode=0xc0000005, reading address 0x00000000639fec78

Registers:
RAX=0x0000000000000001, RBX=0x0000000000000000, RCX=0x000000018001d4d5, RDX=0xfffffffffffff665
RSP=0x000000ad639fe1f0, RBP=0x00000000ffffffff, RSI=0x0000000000000000, RDI=0x00000238c1b109f8
R8 =0x0000000000000002, R9 =0xfffffffffffff63c, R10=0x0000000000000008, R11=0x8101010101010100
R12=0x00000000639fec70, R13=0x0000000000000003, R14=0x000000ad639fe3d0, R15=0x0000000000000000
RIP=0x0000000180005b00, EFLAGS=0x0000000000010202

Top of Stack: (sp=0x000000ad639fe1f0)
0x000000ad639fe1f0:   0000000000000000 00000000639fec70
0x000000ad639fe200:   0000000000000000 0000000000000000
0x000000ad639fe210:   0000000000000000 000000ad639fe3d0
0x000000ad639fe220:   00000238bf56bf18 0000000000000001
0x000000ad639fe230:   00000238c1b109f8 0000000000000003
0x000000ad639fe240:   ffffffffffffffff 0000000180006211
0x000000ad639fe250:   00000238c1aefb30 ffffffffffffffff
0x000000ad639fe260:   0000000000000001 00000238c1aefb30
0x000000ad639fe270:   0000023800000003 000000adffffffff
0x000000ad639fe280:   000000ad639fe3d8 000000005f3832cb
0x000000ad639fe290:   000000ad639fe2c0 0000000000000000
0x000000ad639fe2a0:   00000238c1b10800 00000238c05a9980
0x000000ad639fe2b0:   00000238bf56bf20 00000238c1b10800
0x000000ad639fe2c0:   00000238bf56bf20 0000acc697432d08
0x000000ad639fe2d0:   0000000000000769 00000238bf56bf18
0x000000ad639fe2e0:   00000238c1b10800 000000ad639fe3d8 

Instructions: (pc=0x0000000180005b00)
0x0000000180005ae0:   15 23 7a 01 00 48 8d 48 60 e8 3a 5d 00 00 4c 8b
0x0000000180005af0:   e5 8b ac 24 88 00 00 00 44 8b ac 24 80 00 00 00
0x0000000180005b00:   45 8b 74 24 08 41 89 5c 24 08 41 8b fd 85 ed 78
0x0000000180005b10:   09 ff 15 e9 14 01 00 44 8b f8 45 85 ed 7e 4a 90 


Register to memory mapping:

RAX=0x0000000000000001 is an unknown value
RBX=0x0000000000000000 is an unknown value
RCX=0x000000018001d4d5 is an unknown value
RDX=0xfffffffffffff665 is an unknown value
RSP=0x000000ad639fe1f0 is pointing into the stack for thread: 0x00000238c1b10800
RBP=0x00000000ffffffff is an unknown value
RSI=0x0000000000000000 is an unknown value
RDI=0x00000238c1b109f8 is an unknown value
R8 =0x0000000000000002 is an unknown value
R9 =0xfffffffffffff63c is an unknown value
R10=0x0000000000000008 is an unknown value
R11=0x8101010101010100 is an unknown value
R12=0x00000000639fec70 is an unknown value
R13=0x0000000000000003 is an unknown value
R14=0x000000ad639fe3d0 is pointing into the stack for thread: 0x00000238c1b10800
R15=0x0000000000000000 is an unknown value


Stack: [0x000000ad63900000,0x000000ad63a00000],  sp=0x000000ad639fe1f0,  free space=1016k
Native frames: (J=compiled Java code, j=interpreted, Vv=VM code, C=native code)
C  [rxtxSerial.dll+0x5b00]
C  [rxtxSerial.dll+0x6211]
C  0x00000238a68b9f4e

Java frames: (J=compiled Java code, j=interpreted, Vv=VM code)
j  gnu.io.RXTXPort.readArray([BII)I+0
j  gnu.io.RXTXPort$SerialInputStream.read([BII)I+212
j  gnu.io.RXTXPort$SerialInputStream.read([B)I+60
j  Ports.S_Port_64bits.serialEvent(Lgnu/io/SerialPortEvent;)V+82
j  gnu.io.RXTXPort.sendEvent(IZ)Z+382
v  ~StubRoutines::call_stub
j  gnu.io.RXTXPort.eventLoop()V+0
j  gnu.io.RXTXPort$MonitorThread.run()V+12
v  ~StubRoutines::call_stub

---------------  P R O C E S S  ---------------

Java Threads: ( => current thread )
  0x00000238c1b13000 JavaThread "Thread-1" [_thread_blocked, id=13136, stack(0x000000ad63a00000,0x000000ad63b00000)]
=>0x00000238c1b10800 JavaThread "Thread-0" [_thread_in_native, id=4156, stack(0x000000ad63900000,0x000000ad63a00000)]
  0x00000238c1a38800 JavaThread "Service Thread" daemon [_thread_blocked, id=728, stack(0x000000ad63700000,0x000000ad63800000)]
  0x00000238c056d800 JavaThread "C1 CompilerThread3" daemon [_thread_blocked, id=14812, stack(0x000000ad63600000,0x000000ad63700000)]
  0x00000238c056d000 JavaThread "C2 CompilerThread2" daemon [_thread_blocked, id=7820, stack(0x000000ad63500000,0x000000ad63600000)]
  0x00000238c0564800 JavaThread "C2 CompilerThread1" daemon [_thread_blocked, id=11568, stack(0x000000ad63400000,0x000000ad63500000)]
  0x00000238c055e000 JavaThread "C2 CompilerThread0" daemon [_thread_blocked, id=12460, stack(0x000000ad63300000,0x000000ad63400000)]
  0x00000238c055c800 JavaThread "Attach Listener" daemon [_thread_blocked, id=15152, stack(0x000000ad63200000,0x000000ad63300000)]
  0x00000238c055b000 JavaThread "Signal Dispatcher" daemon [_thread_blocked, id=13340, stack(0x000000ad63100000,0x000000ad63200000)]
  0x00000238c053c800 JavaThread "Finalizer" daemon [_thread_blocked, id=11904, stack(0x000000ad63000000,0x000000ad63100000)]
  0x00000238c050b000 JavaThread "Reference Handler" daemon [_thread_blocked, id=8284, stack(0x000000ad62f00000,0x000000ad63000000)]
  0x00000238a4e1e000 JavaThread "main" [_thread_in_Java, id=13924, stack(0x000000ad62500000,0x000000ad62600000)]

Other Threads:
  0x00000238c0503800 VMThread [stack: 0x000000ad62e00000,0x000000ad62f00000] [id=11816]
  0x00000238c05d9800 WatcherThread [stack: 0x000000ad63800000,0x000000ad63900000] [id=12212]

VM state:not at safepoint (normal execution)

VM Mutex/Monitor currently owned by a thread: None

heap address: 0x00000006c0e00000, size: 4082 MB, Compressed Oops mode: Zero based, Oop shift amount: 3
Narrow klass base: 0x0000000000000000, Narrow klass shift: 3
Compressed class space size: 1073741824 Address: 0x00000007c0000000

Heap:
 PSYoungGen      total 76288K, used 5242K [0x000000076af80000, 0x0000000770480000, 0x00000007c0000000)
  eden space 65536K, 8% used [0x000000076af80000,0x000000076b49ebe8,0x000000076ef80000)
  from space 10752K, 0% used [0x000000076fa00000,0x000000076fa00000,0x0000000770480000)
  to   space 10752K, 0% used [0x000000076ef80000,0x000000076ef80000,0x000000076fa00000)
 ParOldGen       total 175104K, used 0K [0x00000006c0e00000, 0x00000006cb900000, 0x000000076af80000)
  object space 175104K, 0% used [0x00000006c0e00000,0x00000006c0e00000,0x00000006cb900000)
 Metaspace       used 2962K, capacity 4772K, committed 4864K, reserved 1056768K
  class space    used 324K, capacity 464K, committed 512K, reserved 1048576K

Card table byte_map: [0x00000238b5c60000,0x00000238b6460000] byte_map_base: 0x00000238b2659000

Marking Bits: (ParMarkBitMap*) 0x000000005faa7fe0
 Begin Bits: [0x00000238b69c0000, 0x00000238ba988000)
 End Bits:   [0x00000238ba988000, 0x00000238be950000)

Polling page: 0x00000238a4fb0000

CodeCache: size=245760Kb used=1267Kb max_used=1278Kb free=244492Kb
 bounds [0x00000238a68a0000, 0x00000238a6b10000, 0x00000238b58a0000]
 total_blobs=347 nmethods=106 adapters=154
 compilation: enabled

Compilation events (10 events):
Event: 2.547 Thread 0x00000238c056d800 nmethod 102 0x00000238a69dc990 code [0x00000238a69dcb20, 0x00000238a69dce00]
Event: 2.558 Thread 0x00000238c055e000 nmethod 101 0x00000238a69daad0 code [0x00000238a69dac20, 0x00000238a69db1c8]
Event: 2.592 Thread 0x00000238c056d800  103       1       java.util.zip.ZipFile::access$000 (5 bytes)
Event: 2.592 Thread 0x00000238c056d800 nmethod 103 0x00000238a69dc6d0 code [0x00000238a69dc820, 0x00000238a69dc918]
Event: 4.585 Thread 0x00000238c056d800  104 %     3       Ports.S_Port_64bits::waitForIncomingData @ 0 (13 bytes)
Event: 4.585 Thread 0x00000238c056d800 nmethod 104% 0x00000238a69dc250 code [0x00000238a69dc3c0, 0x00000238a69dc5d8]
Event: 4.585 Thread 0x00000238c056d800  105       3       Ports.S_Port_64bits::waitForIncomingData (13 bytes)
Event: 4.586 Thread 0x00000238c056d800 nmethod 105 0x00000238a69dbe10 code [0x00000238a69dbf80, 0x00000238a69dc178]
Event: 4.586 Thread 0x00000238c0564800  106 %     4       Ports.S_Port_64bits::waitForIncomingData @ 0 (13 bytes)
Event: 4.588 Thread 0x00000238c0564800 nmethod 106% 0x00000238a69ddcd0 code [0x00000238a69dde00, 0x00000238a69dde98]

GC Heap History (0 events):
No events

Deoptimization events (0 events):
No events

Classes redefined (0 events):
No events

Internal exceptions (6 events):
Event: 0.032 Thread 0x00000238a4e1e000 Exception <a 'java/lang/NoSuchMethodError': Method sun.misc.Unsafe.defineClass(Ljava/lang/String;[BII)Ljava/lang/Class; name or signature does not match> (0x000000076af87cc0) thrown at [C:\jenkins\workspace\8-2-build-windows-amd64-cygwin\jdk8u271\605\hots
Event: 0.032 Thread 0x00000238a4e1e000 Exception <a 'java/lang/NoSuchMethodError': Method sun.misc.Unsafe.prefetchRead(Ljava/lang/Object;J)V name or signature does not match> (0x000000076af87fa8) thrown at [C:\jenkins\workspace\8-2-build-windows-amd64-cygwin\jdk8u271\605\hotspot\src\share\vm\p
Event: 1.117 Thread 0x00000238a4e1e000 Exception <a 'java/io/FileNotFoundException'> (0x000000076b0839d8) thrown at [C:\jenkins\workspace\8-2-build-windows-amd64-cygwin\jdk8u271\605\hotspot\src\share\vm\prims\jni.cpp, line 710]
Event: 1.325 Thread 0x00000238a4e1e000 Exception <a 'java/io/FileNotFoundException'> (0x000000076b09a400) thrown at [C:\jenkins\workspace\8-2-build-windows-amd64-cygwin\jdk8u271\605\hotspot\src\share\vm\prims\jni.cpp, line 710]
Event: 1.329 Thread 0x00000238a4e1e000 Exception <a 'java/io/FileNotFoundException'> (0x000000076b0b0e90) thrown at [C:\jenkins\workspace\8-2-build-windows-amd64-cygwin\jdk8u271\605\hotspot\src\share\vm\prims\jni.cpp, line 710]
Event: 1.531 Thread 0x00000238a4e1e000 Exception <a 'java/io/FileNotFoundException'> (0x000000076b0c7248) thrown at [C:\jenkins\workspace\8-2-build-windows-amd64-cygwin\jdk8u271\605\hotspot\src\share\vm\prims\jni.cpp, line 710]

Events (10 events):
Event: 2.571 Thread 0x00000238c1b10800 Thread added: 0x00000238c1b10800
Event: 2.579 Thread 0x00000238c1b13000 Thread added: 0x00000238c1b13000
Event: 2.591 loading class gnu/io/SerialPortEvent
Event: 2.591 loading class gnu/io/SerialPortEvent done
Event: 2.592 loading class java/util/EventObject
Event: 2.592 loading class java/util/EventObject done
Event: 4.122 Executing VM operation: EnableBiasedLocking
Event: 4.122 Executing VM operation: EnableBiasedLocking done
Event: 4.588 Thread 0x00000238a4e1e000 DEOPT PACKING pc=0x00000238a69dc500 sp=0x000000ad625ff4c0
Event: 4.588 Thread 0x00000238a4e1e000 DEOPT UNPACKING pc=0x00000238a68e7898 sp=0x000000ad625ff208 mode 0


Dynamic libraries:
0x00007ff764ad0000 - 0x00007ff764b17000 	C:\Program Files\Java\jre1.8.0_271\bin\javaw.exe
0x00007ff987fa0000 - 0x00007ff988190000 	C:\WINDOWS\SYSTEM32\ntdll.dll
0x00007ff987280000 - 0x00007ff987332000 	C:\WINDOWS\System32\KERNEL32.DLL
0x00007ff985a70000 - 0x00007ff985d15000 	C:\WINDOWS\System32\KERNELBASE.dll
0x00007ff982ee0000 - 0x00007ff982f6f000 	C:\WINDOWS\SYSTEM32\apphelp.dll
0x00007ff9865c0000 - 0x00007ff986663000 	C:\WINDOWS\System32\ADVAPI32.dll
0x00007ff986050000 - 0x00007ff9860ee000 	C:\WINDOWS\System32\msvcrt.dll
0x00007ff986100000 - 0x00007ff986197000 	C:\WINDOWS\System32\sechost.dll
0x00007ff986910000 - 0x00007ff986a30000 	C:\WINDOWS\System32\RPCRT4.dll
0x00007ff987510000 - 0x00007ff9876a4000 	C:\WINDOWS\System32\USER32.dll
0x00007ff985d20000 - 0x00007ff985d41000 	C:\WINDOWS\System32\win32u.dll
0x00007ff986250000 - 0x00007ff986276000 	C:\WINDOWS\System32\GDI32.dll
0x00007ff985eb0000 - 0x00007ff986046000 	C:\WINDOWS\System32\gdi32full.dll
0x00007ff9859b0000 - 0x00007ff985a4e000 	C:\WINDOWS\System32\msvcp_win.dll
0x00007ff9856b0000 - 0x00007ff9857aa000 	C:\WINDOWS\System32\ucrtbase.dll
0x00007ff97da90000 - 0x00007ff97dd14000 	C:\WINDOWS\WinSxS\amd64_microsoft.windows.common-controls_6595b64144ccf1df_6.0.18362.1139_none_9e7bf2d3e4605ac6\COMCTL32.dll
0x00007ff9876b0000 - 0x00007ff9879e5000 	C:\WINDOWS\System32\combase.dll
0x00007ff9857b0000 - 0x00007ff985830000 	C:\WINDOWS\System32\bcryptPrimitives.dll
0x00007ff9873b0000 - 0x00007ff9873de000 	C:\WINDOWS\System32\IMM32.DLL
0x00007ff972aa0000 - 0x00007ff972ab5000 	C:\Program Files\Java\jre1.8.0_271\bin\vcruntime140.dll
0x00007ff966550000 - 0x00007ff9665eb000 	C:\Program Files\Java\jre1.8.0_271\bin\msvcp140.dll
0x000000005f2b0000 - 0x000000005fb1f000 	C:\Program Files\Java\jre1.8.0_271\bin\server\jvm.dll
0x00007ff9860f0000 - 0x00007ff9860f8000 	C:\WINDOWS\System32\PSAPI.DLL
0x00007ff980650000 - 0x00007ff98065a000 	C:\WINDOWS\SYSTEM32\VERSION.dll
0x00007ff982cb0000 - 0x00007ff982cd4000 	C:\WINDOWS\SYSTEM32\WINMM.dll
0x00007ff982e10000 - 0x00007ff982e19000 	C:\WINDOWS\SYSTEM32\WSOCK32.dll
0x00007ff9879f0000 - 0x00007ff987a5f000 	C:\WINDOWS\System32\WS2_32.dll
0x00007ff982c80000 - 0x00007ff982cad000 	C:\WINDOWS\SYSTEM32\WINMMBASE.dll
0x00007ff985d50000 - 0x00007ff985d9a000 	C:\WINDOWS\System32\cfgmgr32.dll
0x00007ff984ec0000 - 0x00007ff984ed1000 	C:\WINDOWS\System32\kernel.appcore.dll
0x00007ff9762c0000 - 0x00007ff9762d0000 	C:\Program Files\Java\jre1.8.0_271\bin\verify.dll
0x00007ff972a70000 - 0x00007ff972a9b000 	C:\Program Files\Java\jre1.8.0_271\bin\java.dll
0x00007ff972a50000 - 0x00007ff972a68000 	C:\Program Files\Java\jre1.8.0_271\bin\zip.dll
0x00007ff986b70000 - 0x00007ff987257000 	C:\WINDOWS\System32\SHELL32.dll
0x00007ff986510000 - 0x00007ff9865b9000 	C:\WINDOWS\System32\shcore.dll
0x00007ff984f30000 - 0x00007ff9856b0000 	C:\WINDOWS\System32\windows.storage.dll
0x00007ff984e70000 - 0x00007ff984e93000 	C:\WINDOWS\System32\profapi.dll
0x00007ff984ee0000 - 0x00007ff984f2a000 	C:\WINDOWS\System32\powrprof.dll
0x00007ff984e60000 - 0x00007ff984e70000 	C:\WINDOWS\System32\UMPDC.dll
0x00007ff986670000 - 0x00007ff9866c2000 	C:\WINDOWS\System32\shlwapi.dll
0x00007ff985a50000 - 0x00007ff985a67000 	C:\WINDOWS\System32\cryptsp.dll
0x0000000180000000 - 0x0000000180025000 	C:\Program Files\Java\jre1.8.0_271\bin\rxtxSerial.dll
0x00007ff974d80000 - 0x00007ff974f74000 	C:\WINDOWS\SYSTEM32\dbghelp.dll

VM Arguments:
jvm_args: -Dfile.encoding=Cp1252 
java_command: multimeters.Keithley2700_v4
java_class_path (initial): E:\repos\thermalCalibrations\KeithleyInstruments\bin;E:\repos\thermalCalibrations\ElectronicDevices\bin;E:\repos\thermalCalibrations\Comunicacion RS232;E:\repos\java_development_libraries\comms\serial\mfz-rxtx-2.2-20081207-win-x64\RXTXcomm.jar;E:\repos\java_development_libraries\comms\javacomm20-win32\commapi\comm.jar;E:\repos\thermalCalibrations\InstrumentInterfaces\target\classes;E:\repos\java_development_libraries\tratamiento de unidades de medida\jscience-4.3.1.jar;E:\repos\java_development_libraries\frameworks\quantity_v_0_9.jar
Launcher Type: SUN_STANDARD

Environment Variables:
PATH=C:/Program Files/Java/jdk-13.0.1/bin/server;C:/Program Files/Java/jdk-13.0.1/bin;C:\Program Files (x86)\davidsoft\;C:\Program Files (x86)\davidsoft\getPhones\app;C:\Python38-32;C:\Python38-32\Scripts;C:\Program Files (x86)\Common Files\Oracle\Java\javapath;C:\WINDOWS\system32;C:\WINDOWS;C:\WINDOWS\System32\Wbem;C:\WINDOWS\System32\WindowsPowerShell\v1.0\;C:\WINDOWS\System32\OpenSSH\;C:\Program Files\Git\cmd;C:\Program Files (x86)\davidsoft\getCIDOS.jar;C:\ProgramData\chocolatey\bin;C:\ProgramData\chocolatey\lib\chromedriver\tools;C:\Program Files (x86)\IVI Foundation\IVI\bin;C:\Program Files\IVI Foundation\IVI\bin;C:\Program Files (x86)\IVI Foundation\VISA\WinNT\Bin;C:\Program Files\IVI Foundation\VISA\Win64\Bin\;C:\Program Files (x86)\IVI Foundation\VISA\WinNT\Bin\;C:\Users\DavidS\AppData\Local\Microsoft\WindowsApps;C:\Program Files\Microsoft VS Code\bin;C:\Users\DavidS\eclipse\java-2019-09\eclipse;
USERNAME=DavidS
OS=Windows_NT
PROCESSOR_IDENTIFIER=Intel64 Family 6 Model 60 Stepping 3, GenuineIntel



---------------  S Y S T E M  ---------------

OS: Windows 10.0 , 64 bit Build 18362 (10.0.18362.1110)

CPU:total 8 (initial active 8) (4 cores per cpu, 2 threads per core) family 6 model 60 stepping 3, cmov, cx8, fxsr, mmx, sse, sse2, sse3, ssse3, sse4.1, sse4.2, popcnt, avx, avx2, aes, clmul, erms, lzcnt, ht, tsc, tscinvbit, bmi1, bmi2

Memory: 4k page, physical 16715220k(11447888k free), swap 19205588k(13404968k free)

vm_info: Java HotSpot(TM) 64-Bit Server VM (25.271-b09) for windows-amd64 JRE (1.8.0_271-b09), built on Sep 16 2020 19:14:59 by "" with MS VC++ 15.9 (VS2017)

time: Tue Oct 27 16:35:12 2020
timezone: Hora estándar romance
elapsed time: 5.674113 seconds (0d 0h 0m 5s)

