#
# A fatal error has been detected by the Java Runtime Environment:
#
#  EXCEPTION_ACCESS_VIOLATION (0xc0000005) at pc=0x0000000180005b00, pid=9292, tid=0x0000000000002120
#
# JRE version: Java(TM) SE Runtime Environment (8.0_271-b09) (build 1.8.0_271-b09)
# Java VM: Java HotSpot(TM) 64-Bit Server VM (25.271-b09 mixed mode windows-amd64 compressed oops)
# Problematic frame:
# C  [rxtxSerial.dll+0x5b00]
#
# Failed to write core dump. Minidumps are not enabled by default on client versions of Windows
#
# If you would like to submit a bug report, please visit:
#   http://bugreport.java.com/bugreport/crash.jsp
# The crash happened outside the Java Virtual Machine in native code.
# See problematic frame for where to report the bug.
#

---------------  T H R E A D  ---------------

Current thread (0x000001d17f1de800):  JavaThread "Thread-0" [_thread_in_native, id=8480, stack(0x000000293fa00000,0x000000293fb00000)]

siginfo: ExceptionCode=0xc0000005, reading address 0x000000003fafefd8

Registers:
RAX=0x0000000000000001, RBX=0x0000000000000000, RCX=0x000000018001d4d5, RDX=0xfffffffffffff665
RSP=0x000000293fafe550, RBP=0x00000000ffffffff, RSI=0x0000000000000000, RDI=0x000001d17f1de9f8
R8 =0x0000000000000002, R9 =0xfffffffffffff63c, R10=0x0000000000000008, R11=0x8101010101010100
R12=0x000000003fafefd0, R13=0x0000000000000003, R14=0x000000293fafe730, R15=0x0000000000000000
RIP=0x0000000180005b00, EFLAGS=0x0000000000010202

Top of Stack: (sp=0x000000293fafe550)
0x000000293fafe550:   0000000000000000 000000003fafefd0
0x000000293fafe560:   0000000000000000 0000000000000000
0x000000293fafe570:   0000000000000000 000000293fafe730
0x000000293fafe580:   000001d17e0bbf18 0000000000000001
0x000000293fafe590:   000001d17f1de9f8 0000000000000003
0x000000293fafe5a0:   ffffffffffffffff 0000000180006211
0x000000293fafe5b0:   000001d10f699a20 ffffffffffffffff
0x000000293fafe5c0:   0000000000000001 000001d10f699a20
0x000000293fafe5d0:   000001d100000003 00000029ffffffff
0x000000293fafe5e0:   000000293fafe738 000000005f3832cb
0x000000293fafe5f0:   000000293fafe620 0000000000000000
0x000000293fafe600:   000001d17f1de800 000001d17f1d8380
0x000000293fafe610:   000001d17e0bbf20 000001d17f1de800
0x000000293fafe620:   000001d17e0bbf20 0000ac47b365dc6e
0x000000293fafe630:   0000000000000769 000001d17e0bbf18
0x000000293fafe640:   000001d17f1de800 000000293fafe738 

Instructions: (pc=0x0000000180005b00)
0x0000000180005ae0:   15 23 7a 01 00 48 8d 48 60 e8 3a 5d 00 00 4c 8b
0x0000000180005af0:   e5 8b ac 24 88 00 00 00 44 8b ac 24 80 00 00 00
0x0000000180005b00:   45 8b 74 24 08 41 89 5c 24 08 41 8b fd 85 ed 78
0x0000000180005b10:   09 ff 15 e9 14 01 00 44 8b f8 45 85 ed 7e 4a 90 


Register to memory mapping:

RAX=0x0000000000000001 is an unknown value
RBX=0x0000000000000000 is an unknown value
RCX=0x000000018001d4d5 is an unknown value
RDX=0xfffffffffffff665 is an unknown value
RSP=0x000000293fafe550 is pointing into the stack for thread: 0x000001d17f1de800
RBP=0x00000000ffffffff is an unknown value
RSI=0x0000000000000000 is an unknown value
RDI=0x000001d17f1de9f8 is an unknown value
R8 =0x0000000000000002 is an unknown value
R9 =0xfffffffffffff63c is an unknown value
R10=0x0000000000000008 is an unknown value
R11=0x8101010101010100 is an unknown value
R12=0x000000003fafefd0 is an unknown value
R13=0x0000000000000003 is an unknown value
R14=0x000000293fafe730 is pointing into the stack for thread: 0x000001d17f1de800
R15=0x0000000000000000 is an unknown value


Stack: [0x000000293fa00000,0x000000293fb00000],  sp=0x000000293fafe550,  free space=1017k
Native frames: (J=compiled Java code, j=interpreted, Vv=VM code, C=native code)
C  [rxtxSerial.dll+0x5b00]
C  [rxtxSerial.dll+0x6211]
C  0x000001d100019f4e

Java frames: (J=compiled Java code, j=interpreted, Vv=VM code)
j  gnu.io.RXTXPort.readArray([BII)I+0
j  gnu.io.RXTXPort$SerialInputStream.read([BII)I+212
j  gnu.io.RXTXPort$SerialInputStream.read([B)I+60
j  Ports.S_Port_64bits.serialEvent(Lgnu/io/SerialPortEvent;)V+82
j  gnu.io.RXTXPort.sendEvent(IZ)Z+382
v  ~StubRoutines::call_stub
j  gnu.io.RXTXPort.eventLoop()V+0
j  gnu.io.RXTXPort$MonitorThread.run()V+12
v  ~StubRoutines::call_stub

---------------  P R O C E S S  ---------------

Java Threads: ( => current thread )
  0x000001d17f1dd800 JavaThread "Thread-1" [_thread_blocked, id=12380, stack(0x000000293fb00000,0x000000293fc00000)]
=>0x000001d17f1de800 JavaThread "Thread-0" [_thread_in_native, id=8480, stack(0x000000293fa00000,0x000000293fb00000)]
  0x000001d17f1e0000 JavaThread "Service Thread" daemon [_thread_blocked, id=12480, stack(0x000000293f800000,0x000000293f900000)]
  0x000001d17f1da000 JavaThread "C1 CompilerThread3" daemon [_thread_blocked, id=11672, stack(0x000000293f700000,0x000000293f800000)]
  0x000001d17f1db800 JavaThread "C2 CompilerThread2" daemon [_thread_blocked, id=11288, stack(0x000000293f600000,0x000000293f700000)]
  0x000001d17f1d1800 JavaThread "C2 CompilerThread1" daemon [_thread_blocked, id=11176, stack(0x000000293f500000,0x000000293f600000)]
  0x000001d17f1c6000 JavaThread "C2 CompilerThread0" daemon [_thread_blocked, id=3268, stack(0x000000293f400000,0x000000293f500000)]
  0x000001d17f1c4800 JavaThread "Attach Listener" daemon [_thread_blocked, id=4560, stack(0x000000293f300000,0x000000293f400000)]
  0x000001d17f1c3800 JavaThread "Signal Dispatcher" daemon [_thread_blocked, id=12272, stack(0x000000293f200000,0x000000293f300000)]
  0x000001d17e59d800 JavaThread "Finalizer" daemon [_thread_blocked, id=13688, stack(0x000000293f100000,0x000000293f200000)]
  0x000001d17f179000 JavaThread "Reference Handler" daemon [_thread_blocked, id=15084, stack(0x000000293f000000,0x000000293f100000)]
  0x000001d172ac8000 JavaThread "main" [_thread_in_Java, id=10272, stack(0x000000293e600000,0x000000293e700000)]

Other Threads:
  0x000001d17f173800 VMThread [stack: 0x000000293ef00000,0x000000293f000000] [id=12884]
  0x000001d17f24d800 WatcherThread [stack: 0x000000293f900000,0x000000293fa00000] [id=9856]

VM state:not at safepoint (normal execution)

VM Mutex/Monitor currently owned by a thread: None

heap address: 0x00000006c0e00000, size: 4082 MB, Compressed Oops mode: Zero based, Oop shift amount: 3
Narrow klass base: 0x0000000000000000, Narrow klass shift: 3
Compressed class space size: 1073741824 Address: 0x00000007c0000000

Heap:
 PSYoungGen      total 76288K, used 5243K [0x000000076af80000, 0x0000000770480000, 0x00000007c0000000)
  eden space 65536K, 8% used [0x000000076af80000,0x000000076b49ec10,0x000000076ef80000)
  from space 10752K, 0% used [0x000000076fa00000,0x000000076fa00000,0x0000000770480000)
  to   space 10752K, 0% used [0x000000076ef80000,0x000000076ef80000,0x000000076fa00000)
 ParOldGen       total 175104K, used 0K [0x00000006c0e00000, 0x00000006cb900000, 0x000000076af80000)
  object space 175104K, 0% used [0x00000006c0e00000,0x00000006c0e00000,0x00000006cb900000)
 Metaspace       used 2962K, capacity 4772K, committed 4864K, reserved 1056768K
  class space    used 324K, capacity 464K, committed 512K, reserved 1048576K

Card table byte_map: [0x000001d174760000,0x000001d174f60000] byte_map_base: 0x000001d171159000

Marking Bits: (ParMarkBitMap*) 0x000000005faa7fe0
 Begin Bits: [0x000001d1754c0000, 0x000001d179488000)
 End Bits:   [0x000001d179488000, 0x000001d17d450000)

Polling page: 0x000001d172a80000

CodeCache: size=245760Kb used=1267Kb max_used=1278Kb free=244492Kb
 bounds [0x000001d100000000, 0x000001d100270000, 0x000001d10f000000]
 total_blobs=347 nmethods=106 adapters=154
 compilation: enabled

Compilation events (10 events):
Event: 2.538 Thread 0x000001d17f1da000 nmethod 102 0x000001d100137c50 code [0x000001d100137de0, 0x000001d1001380c0]
Event: 2.549 Thread 0x000001d17f1d1800 nmethod 101 0x000001d10013bb10 code [0x000001d10013bc60, 0x000001d10013c208]
Event: 2.583 Thread 0x000001d17f1da000  103       1       java.util.zip.ZipFile::access$000 (5 bytes)
Event: 2.584 Thread 0x000001d17f1da000 nmethod 103 0x000001d10013b850 code [0x000001d10013b9a0, 0x000001d10013ba98]
Event: 4.575 Thread 0x000001d17f1da000  104 %     3       Ports.S_Port_64bits::waitForIncomingData @ 0 (13 bytes)
Event: 4.575 Thread 0x000001d17f1da000 nmethod 104% 0x000001d10013d550 code [0x000001d10013d6c0, 0x000001d10013d8d8]
Event: 4.575 Thread 0x000001d17f1db800  105 %     4       Ports.S_Port_64bits::waitForIncomingData @ 0 (13 bytes)
Event: 4.576 Thread 0x000001d17f1db800 nmethod 105% 0x000001d10013b590 code [0x000001d10013b6c0, 0x000001d10013b758]
Event: 4.577 Thread 0x000001d17f1c6000  106       4       Ports.S_Port_64bits::waitForIncomingData (13 bytes)
Event: 4.577 Thread 0x000001d17f1c6000 nmethod 106 0x000001d10013e7d0 code [0x000001d10013e900, 0x000001d10013e978]

GC Heap History (0 events):
No events

Deoptimization events (0 events):
No events

Classes redefined (0 events):
No events

Internal exceptions (6 events):
Event: 0.029 Thread 0x000001d172ac8000 Exception <a 'java/lang/NoSuchMethodError': Method sun.misc.Unsafe.defineClass(Ljava/lang/String;[BII)Ljava/lang/Class; name or signature does not match> (0x000000076af87cc0) thrown at [C:\jenkins\workspace\8-2-build-windows-amd64-cygwin\jdk8u271\605\hots
Event: 0.029 Thread 0x000001d172ac8000 Exception <a 'java/lang/NoSuchMethodError': Method sun.misc.Unsafe.prefetchRead(Ljava/lang/Object;J)V name or signature does not match> (0x000000076af87fa8) thrown at [C:\jenkins\workspace\8-2-build-windows-amd64-cygwin\jdk8u271\605\hotspot\src\share\vm\p
Event: 1.095 Thread 0x000001d172ac8000 Exception <a 'java/io/FileNotFoundException'> (0x000000076b083998) thrown at [C:\jenkins\workspace\8-2-build-windows-amd64-cygwin\jdk8u271\605\hotspot\src\share\vm\prims\jni.cpp, line 710]
Event: 1.300 Thread 0x000001d172ac8000 Exception <a 'java/io/FileNotFoundException'> (0x000000076b09a3c0) thrown at [C:\jenkins\workspace\8-2-build-windows-amd64-cygwin\jdk8u271\605\hotspot\src\share\vm\prims\jni.cpp, line 710]
Event: 1.305 Thread 0x000001d172ac8000 Exception <a 'java/io/FileNotFoundException'> (0x000000076b0b0e50) thrown at [C:\jenkins\workspace\8-2-build-windows-amd64-cygwin\jdk8u271\605\hotspot\src\share\vm\prims\jni.cpp, line 710]
Event: 1.524 Thread 0x000001d172ac8000 Exception <a 'java/io/FileNotFoundException'> (0x000000076b0c7208) thrown at [C:\jenkins\workspace\8-2-build-windows-amd64-cygwin\jdk8u271\605\hotspot\src\share\vm\prims\jni.cpp, line 710]

Events (10 events):
Event: 2.562 Thread 0x000001d17f1de800 Thread added: 0x000001d17f1de800
Event: 2.571 Thread 0x000001d17f1dd800 Thread added: 0x000001d17f1dd800
Event: 2.583 loading class gnu/io/SerialPortEvent
Event: 2.583 loading class gnu/io/SerialPortEvent done
Event: 2.583 loading class java/util/EventObject
Event: 2.584 loading class java/util/EventObject done
Event: 4.099 Executing VM operation: EnableBiasedLocking
Event: 4.099 Executing VM operation: EnableBiasedLocking done
Event: 4.577 Thread 0x000001d172ac8000 DEOPT PACKING pc=0x000001d10013d800 sp=0x000000293e6fefe0
Event: 4.577 Thread 0x000001d172ac8000 DEOPT UNPACKING pc=0x000001d100047898 sp=0x000000293e6fed28 mode 0


Dynamic libraries:
0x00007ff764ad0000 - 0x00007ff764b17000 	C:\Program Files\Java\jre1.8.0_271\bin\javaw.exe
0x00007ff987fa0000 - 0x00007ff988190000 	C:\WINDOWS\SYSTEM32\ntdll.dll
0x00007ff987280000 - 0x00007ff987332000 	C:\WINDOWS\System32\KERNEL32.DLL
0x00007ff985a70000 - 0x00007ff985d15000 	C:\WINDOWS\System32\KERNELBASE.dll
0x00007ff9865c0000 - 0x00007ff986663000 	C:\WINDOWS\System32\ADVAPI32.dll
0x00007ff986050000 - 0x00007ff9860ee000 	C:\WINDOWS\System32\msvcrt.dll
0x00007ff986100000 - 0x00007ff986197000 	C:\WINDOWS\System32\sechost.dll
0x00007ff986910000 - 0x00007ff986a30000 	C:\WINDOWS\System32\RPCRT4.dll
0x00007ff987510000 - 0x00007ff9876a4000 	C:\WINDOWS\System32\USER32.dll
0x00007ff985d20000 - 0x00007ff985d41000 	C:\WINDOWS\System32\win32u.dll
0x00007ff986250000 - 0x00007ff986276000 	C:\WINDOWS\System32\GDI32.dll
0x00007ff985eb0000 - 0x00007ff986046000 	C:\WINDOWS\System32\gdi32full.dll
0x00007ff9859b0000 - 0x00007ff985a4e000 	C:\WINDOWS\System32\msvcp_win.dll
0x00007ff9856b0000 - 0x00007ff9857aa000 	C:\WINDOWS\System32\ucrtbase.dll
0x00007ff97da90000 - 0x00007ff97dd14000 	C:\WINDOWS\WinSxS\amd64_microsoft.windows.common-controls_6595b64144ccf1df_6.0.18362.1139_none_9e7bf2d3e4605ac6\COMCTL32.dll
0x00007ff9876b0000 - 0x00007ff9879e5000 	C:\WINDOWS\System32\combase.dll
0x00007ff9857b0000 - 0x00007ff985830000 	C:\WINDOWS\System32\bcryptPrimitives.dll
0x00007ff9873b0000 - 0x00007ff9873de000 	C:\WINDOWS\System32\IMM32.DLL
0x00007ff976320000 - 0x00007ff976335000 	C:\Program Files\Java\jre1.8.0_271\bin\vcruntime140.dll
0x00007ff964800000 - 0x00007ff96489b000 	C:\Program Files\Java\jre1.8.0_271\bin\msvcp140.dll
0x000000005f2b0000 - 0x000000005fb1f000 	C:\Program Files\Java\jre1.8.0_271\bin\server\jvm.dll
0x00007ff9860f0000 - 0x00007ff9860f8000 	C:\WINDOWS\System32\PSAPI.DLL
0x00007ff980650000 - 0x00007ff98065a000 	C:\WINDOWS\SYSTEM32\VERSION.dll
0x00007ff982e10000 - 0x00007ff982e19000 	C:\WINDOWS\SYSTEM32\WSOCK32.dll
0x00007ff982cb0000 - 0x00007ff982cd4000 	C:\WINDOWS\SYSTEM32\WINMM.dll
0x00007ff9879f0000 - 0x00007ff987a5f000 	C:\WINDOWS\System32\WS2_32.dll
0x00007ff982c80000 - 0x00007ff982cad000 	C:\WINDOWS\SYSTEM32\WINMMBASE.dll
0x00007ff985d50000 - 0x00007ff985d9a000 	C:\WINDOWS\System32\cfgmgr32.dll
0x00007ff984ec0000 - 0x00007ff984ed1000 	C:\WINDOWS\System32\kernel.appcore.dll
0x00007ff975020000 - 0x00007ff975030000 	C:\Program Files\Java\jre1.8.0_271\bin\verify.dll
0x00007ff972100000 - 0x00007ff97212b000 	C:\Program Files\Java\jre1.8.0_271\bin\java.dll
0x00007ff972bf0000 - 0x00007ff972c08000 	C:\Program Files\Java\jre1.8.0_271\bin\zip.dll
0x00007ff986b70000 - 0x00007ff987257000 	C:\WINDOWS\System32\SHELL32.dll
0x00007ff986510000 - 0x00007ff9865b9000 	C:\WINDOWS\System32\shcore.dll
0x00007ff984f30000 - 0x00007ff9856b0000 	C:\WINDOWS\System32\windows.storage.dll
0x00007ff984e70000 - 0x00007ff984e93000 	C:\WINDOWS\System32\profapi.dll
0x00007ff984ee0000 - 0x00007ff984f2a000 	C:\WINDOWS\System32\powrprof.dll
0x00007ff984e60000 - 0x00007ff984e70000 	C:\WINDOWS\System32\UMPDC.dll
0x00007ff986670000 - 0x00007ff9866c2000 	C:\WINDOWS\System32\shlwapi.dll
0x00007ff985a50000 - 0x00007ff985a67000 	C:\WINDOWS\System32\cryptsp.dll
0x0000000180000000 - 0x0000000180025000 	C:\Program Files\Java\jre1.8.0_271\bin\rxtxSerial.dll
0x00007ff974d80000 - 0x00007ff974f74000 	C:\WINDOWS\SYSTEM32\dbghelp.dll

VM Arguments:
jvm_args: -Dfile.encoding=Cp1252 
java_command: multimeters.Keithley2700_v4
java_class_path (initial): E:\repos\thermalCalibrations\KeithleyInstruments\bin;E:\repos\thermalCalibrations\ElectronicDevices\bin;E:\repos\thermalCalibrations\Comunicacion RS232;E:\repos\java_development_libraries\comms\serial\mfz-rxtx-2.2-20081207-win-x64\RXTXcomm.jar;E:\repos\java_development_libraries\comms\javacomm20-win32\commapi\comm.jar;E:\repos\thermalCalibrations\InstrumentInterfaces\target\classes;E:\repos\java_development_libraries\tratamiento de unidades de medida\jscience-4.3.1.jar;E:\repos\java_development_libraries\frameworks\quantity_v_0_9.jar
Launcher Type: SUN_STANDARD

Environment Variables:
PATH=C:/Program Files/Java/jdk-13.0.1/bin/server;C:/Program Files/Java/jdk-13.0.1/bin;C:\Program Files (x86)\davidsoft\;C:\Program Files (x86)\davidsoft\getPhones\app;C:\Python38-32;C:\Python38-32\Scripts;C:\Program Files (x86)\Common Files\Oracle\Java\javapath;C:\WINDOWS\system32;C:\WINDOWS;C:\WINDOWS\System32\Wbem;C:\WINDOWS\System32\WindowsPowerShell\v1.0\;C:\WINDOWS\System32\OpenSSH\;C:\Program Files\Git\cmd;C:\Program Files (x86)\davidsoft\getCIDOS.jar;C:\ProgramData\chocolatey\bin;C:\ProgramData\chocolatey\lib\chromedriver\tools;C:\Program Files (x86)\IVI Foundation\IVI\bin;C:\Program Files\IVI Foundation\IVI\bin;C:\Program Files (x86)\IVI Foundation\VISA\WinNT\Bin;C:\Program Files\IVI Foundation\VISA\Win64\Bin\;C:\Program Files (x86)\IVI Foundation\VISA\WinNT\Bin\;C:\Users\DavidS\AppData\Local\Microsoft\WindowsApps;C:\Program Files\Microsoft VS Code\bin;C:\Users\DavidS\eclipse\java-2019-09\eclipse;
USERNAME=DavidS
OS=Windows_NT
PROCESSOR_IDENTIFIER=Intel64 Family 6 Model 60 Stepping 3, GenuineIntel



---------------  S Y S T E M  ---------------

OS: Windows 10.0 , 64 bit Build 18362 (10.0.18362.1110)

CPU:total 8 (initial active 8) (4 cores per cpu, 2 threads per core) family 6 model 60 stepping 3, cmov, cx8, fxsr, mmx, sse, sse2, sse3, ssse3, sse4.1, sse4.2, popcnt, avx, avx2, aes, clmul, erms, lzcnt, ht, tsc, tscinvbit, bmi1, bmi2

Memory: 4k page, physical 16715220k(10182520k free), swap 19205588k(11637648k free)

vm_info: Java HotSpot(TM) 64-Bit Server VM (25.271-b09) for windows-amd64 JRE (1.8.0_271-b09), built on Sep 16 2020 19:14:59 by "" with MS VC++ 15.9 (VS2017)

time: Tue Oct 27 16:23:34 2020
timezone: Hora estándar romance
elapsed time: 5.650812 seconds (0d 0h 0m 5s)

