#
# A fatal error has been detected by the Java Runtime Environment:
#
#  EXCEPTION_ACCESS_VIOLATION (0xc0000005) at pc=0x0000000180005b00, pid=2524, tid=6664
#
# JRE version: Java(TM) SE Runtime Environment (13.0.1+9) (build 13.0.1+9)
# Java VM: Java HotSpot(TM) 64-Bit Server VM (13.0.1+9, mixed mode, sharing, tiered, compressed oops, g1 gc, windows-amd64)
# Problematic frame:
# C  [rxtxSerial.dll+0x5b00]
#
# No core dump will be written. Minidumps are not enabled by default on client versions of Windows
#
# If you would like to submit a bug report, please visit:
#   http://bugreport.java.com/bugreport/crash.jsp
# The crash happened outside the Java Virtual Machine in native code.
# See problematic frame for where to report the bug.
#

---------------  S U M M A R Y ------------

Command Line: -agentlib:jdwp=transport=dt_socket,suspend=y,address=localhost:51475 -javaagent:C:\Users\DavidS\eclipse\java-2019-09\eclipse\configuration\org.eclipse.osgi\229\0\.cp\lib\javaagent-shaded.jar -Dfile.encoding=Cp1252 multimeters.Keithley2700_v4

Host: Intel(R) Core(TM) i7-4790 CPU @ 3.60GHz, 8 cores, 15G,  Windows 10 , 64 bit Build 18362 (10.0.18362.1110)
Time: Tue Oct 27 15:41:46 2020 Hora estándar romance elapsed time: 5 seconds (0d 0h 0m 5s)

---------------  T H R E A D  ---------------

Current thread (0x00000288ffe96800):  JavaThread "Thread-0" [_thread_in_native, id=6664, stack(0x000000e9ff400000,0x000000e9ff500000)]

Stack: [0x000000e9ff400000,0x000000e9ff500000],  sp=0x000000e9ff4fe700,  free space=1017k
Native frames: (J=compiled Java code, j=interpreted, Vv=VM code, C=native code)
C  [rxtxSerial.dll+0x5b00]

Java frames: (J=compiled Java code, j=interpreted, Vv=VM code)
j  gnu.io.RXTXPort.readArray([BII)I+0
j  gnu.io.RXTXPort$SerialInputStream.read([BII)I+212
j  gnu.io.RXTXPort$SerialInputStream.read([B)I+60
j  Ports.S_Port_64bits.serialEvent(Lgnu/io/SerialPortEvent;)V+82
j  gnu.io.RXTXPort.sendEvent(IZ)Z+382
v  ~StubRoutines::call_stub
j  gnu.io.RXTXPort.eventLoop()V+0
j  gnu.io.RXTXPort$MonitorThread.run()V+12
v  ~StubRoutines::call_stub

siginfo: EXCEPTION_ACCESS_VIOLATION (0xc0000005), reading address 0xffffffffff4ff218


Register to memory mapping:

RIP=0x0000000180005b00 rxtxSerial.dll
RAX=0x0000000000000001 is an unknown value
RBX=0x0 is NULL
RCX=0x000000018001d4d5 rxtxSerial.dll
RDX=0xfffffffffffff665 is an unknown value
RSP=0x000000e9ff4fe700 is pointing into the stack for thread: 0x00000288ffe96800
RBP=0x00000000ffffffff is an unknown value
RSI=0x0 is NULL
RDI=0x00000288ffe96b10 points into unknown readable memory: 50 e8 1d 36 f9 7f 00 00
R8 =0x0000000000000002 is an unknown value
R9 =0xfffffffffffff63c is an unknown value
R10=0x00000288ffe99450 points into unknown readable memory: 04 00 00 00 1e 00 00 00
R11=0x8101010101010100 is an unknown value
R12=0xffffffffff4ff210 is an unknown value
R13=0x0000000000000003 is an unknown value
R14=0x000000e9ff4fe8f0 is pointing into the stack for thread: 0x00000288ffe96800
R15=0x0 is NULL


Registers:
RAX=0x0000000000000001, RBX=0x0000000000000000, RCX=0x000000018001d4d5, RDX=0xfffffffffffff665
RSP=0x000000e9ff4fe700, RBP=0x00000000ffffffff, RSI=0x0000000000000000, RDI=0x00000288ffe96b10
R8 =0x0000000000000002, R9 =0xfffffffffffff63c, R10=0x00000288ffe99450, R11=0x8101010101010100
R12=0xffffffffff4ff210, R13=0x0000000000000003, R14=0x000000e9ff4fe8f0, R15=0x0000000000000000
RIP=0x0000000180005b00, EFLAGS=0x0000000000010202

Top of Stack: (sp=0x000000e9ff4fe700)
0x000000e9ff4fe700:   0000000000000000 ffffffffff4ff210
0x000000e9ff4fe710:   0000000000000000 00000288ffe96b10
0x000000e9ff4fe720:   0000000000000000 000000e9ff4fe8f0
0x000000e9ff4fe730:   00000288883ebca8 0000000000000001
0x000000e9ff4fe740:   00000288ffe96b10 0000000000000003
0x000000e9ff4fe750:   ffffffffffffffff 0000000180006211
0x000000e9ff4fe760:   0000028888c0fdf0 ffffffffffffffff
0x000000e9ff4fe770:   0000000000000001 0000028888c0fdf0
0x000000e9ff4fe780:   0000028800000003 00007ff9ffffffff
0x000000e9ff4fe790:   000000e9ff4fe8f8 000000e9ff4fe8f8
0x000000e9ff4fe7a0:   00000288ffe96800 000000e9ff4fe8f8
0x000000e9ff4fe7b0:   000000e9ff4fe8c0 00007ff935b5af27
0x000000e9ff4fe7c0:   000000e9ff4fe7e0 00000288ffe96800
0x000000e9ff4fe7d0:   000000000014ab34 0000ac930a3f0032
0x000000e9ff4fe7e0:   00000288883ebcb0 00000288883ebca8
0x000000e9ff4fe7f0:   00000288ffe96800 000000e9ff4fe8f8 

Instructions: (pc=0x0000000180005b00)
0x0000000180005a00:   5d c3 cc cc cc cc cc cc cc cc cc cc cc cc cc cc
0x0000000180005a10:   48 89 5c 24 08 4c 89 4c 24 20 44 89 44 24 18 55
0x0000000180005a20:   56 57 41 54 41 55 41 56 41 57 48 83 ec 20 48 8b
0x0000000180005a30:   2a 48 8b 01 33 db 48 8b d5 48 8b f9 44 8b fb 8b
0x0000000180005a40:   f3 ff 90 f8 00 00 00 4c 8d 0d 9e 70 01 00 4c 8b
0x0000000180005a50:   e0 48 8b 07 4c 8d 05 b5 70 01 00 49 8b d4 48 8b
0x0000000180005a60:   cf ff 90 f0 02 00 00 48 8b cf 4c 8b c0 48 85 c0
0x0000000180005a70:   48 8b 07 75 28 ff 90 80 00 00 00 4c 8b 1f 48 8b
0x0000000180005a80:   cf 41 ff 93 88 00 00 00 4c 8b 1f 49 8b d4 48 8b
0x0000000180005a90:   cf 41 ff 93 b8 00 00 00 4c 8b e3 eb 54 48 8b d5
0x0000000180005aa0:   ff 90 20 03 00 00 49 8b d4 48 8b cf 48 63 e8 48
0x0000000180005ab0:   8b 07 ff 90 b8 00 00 00 48 8d 15 51 70 01 00 48
0x0000000180005ac0:   8d 0d 0e 7a 01 00 41 b8 02 00 00 00 e8 6f 62 00
0x0000000180005ad0:   00 85 c0 75 19 85 ed 75 15 e8 c2 5e 00 00 48 8d
0x0000000180005ae0:   15 23 7a 01 00 48 8d 48 60 e8 3a 5d 00 00 4c 8b
0x0000000180005af0:   e5 8b ac 24 88 00 00 00 44 8b ac 24 80 00 00 00
0x0000000180005b00:   45 8b 74 24 08 41 89 5c 24 08 41 8b fd 85 ed 78
0x0000000180005b10:   09 ff 15 e9 14 01 00 44 8b f8 45 85 ed 7e 4a 90
0x0000000180005b20:   8b c6 ff c6 83 f8 14 7d 40 85 ed 78 0d ff 15 cd
0x0000000180005b30:   14 01 00 41 2b c7 3b c5 7d 2f 8b 4c 24 70 48 63
0x0000000180005b40:   d3 44 8b c7 48 03 54 24 78 e8 a2 31 00 00 85 c0
0x0000000180005b50:   78 33 74 06 03 d8 2b f8 eb 0a b9 e8 03 00 00 e8
0x0000000180005b60:   1c 1c 00 00 41 3b dd 7c b7 8b c3 45 89 74 24 08
0x0000000180005b70:   48 8b 5c 24 60 48 83 c4 20 41 5f 41 5e 41 5d 41
0x0000000180005b80:   5c 5f 5e 5d c3 e8 1e 61 00 00 83 38 04 74 05 e8
0x0000000180005b90:   14 61 00 00 83 c8 ff eb d2 cc cc cc cc cc cc cc
0x0000000180005ba0:   40 53 55 56 57 41 54 41 55 48 81 ec b8 00 00 00
0x0000000180005bb0:   48 8b 05 71 85 01 00 48 33 c4 48 89 84 24 a0 00
0x0000000180005bc0:   00 00 48 8b 01 45 8b e9 41 8b f8 48 8b f2 48 8b
0x0000000180005bd0:   d9 ff 90 f8 00 00 00 4c 8b 13 4c 8d 0d 33 6f 01
0x0000000180005be0:   00 4c 8d 05 7c 6f 01 00 48 8b d0 48 8b cb 4c 8b
0x0000000180005bf0:   e0 41 ff 92 f0 02 00 00 33 ed 48 8b cb 4c 8b c0 


Stack slot to memory mapping:
stack at sp + 0 slots: 0x0 is NULL
stack at sp + 1 slots: 0xffffffffff4ff210 is an unknown value
stack at sp + 2 slots: 0x0 is NULL
stack at sp + 3 slots: 0x00000288ffe96b10 points into unknown readable memory: 50 e8 1d 36 f9 7f 00 00
stack at sp + 4 slots: 0x0 is NULL
stack at sp + 5 slots: 0x000000e9ff4fe8f0 is pointing into the stack for thread: 0x00000288ffe96800
stack at sp + 6 slots: 0x00000288883ebca8 is pointing into metadata
stack at sp + 7 slots: 0x0000000000000001 is an unknown value


---------------  P R O C E S S  ---------------

Threads class SMR info:
_java_thread_list=0x00000288ffe98b50, length=15, elements={
0x00000288e2011000, 0x00000288ffad5800, 0x00000288ffadb000, 0x00000288ffb7c800,
0x00000288ffb7d800, 0x00000288ffb7e800, 0x00000288ffb8e000, 0x00000288ffb94800,
0x00000288ffaba000, 0x00000288ffd9e800, 0x00000288ffda3800, 0x00000288ffda4800,
0x00000288ffe9e000, 0x00000288ffe96800, 0x00000288ffe97800
}

Java Threads: ( => current thread )
  0x00000288e2011000 JavaThread "main" [_thread_in_Java, id=2340, stack(0x000000e9fe500000,0x000000e9fe600000)]
  0x00000288ffad5800 JavaThread "Reference Handler" daemon [_thread_blocked, id=3604, stack(0x000000e9fec00000,0x000000e9fed00000)]
  0x00000288ffadb000 JavaThread "Finalizer" daemon [_thread_blocked, id=12500, stack(0x000000e9fed00000,0x000000e9fee00000)]
  0x00000288ffb7c800 JavaThread "Signal Dispatcher" daemon [_thread_blocked, id=3116, stack(0x000000e9fee00000,0x000000e9fef00000)]
  0x00000288ffb7d800 JavaThread "Attach Listener" daemon [_thread_blocked, id=3208, stack(0x000000e9fef00000,0x000000e9ff000000)]
  0x00000288ffb7e800 JavaThread "C2 CompilerThread0" daemon [_thread_blocked, id=11828, stack(0x000000e9ff000000,0x000000e9ff100000)]
  0x00000288ffb8e000 JavaThread "C1 CompilerThread0" daemon [_thread_blocked, id=13468, stack(0x000000e9ff100000,0x000000e9ff200000)]
  0x00000288ffb94800 JavaThread "Sweeper thread" daemon [_thread_blocked, id=3140, stack(0x000000e9ff200000,0x000000e9ff300000)]
  0x00000288ffaba000 JavaThread "Common-Cleaner" daemon [_thread_blocked, id=12564, stack(0x000000e9ff300000,0x000000e9ff400000)]
  0x00000288ffd9e800 JavaThread "JDWP Transport Listener: dt_socket" daemon [_thread_blocked, id=528, stack(0x000000e9ff500000,0x000000e9ff600000)]
  0x00000288ffda3800 JavaThread "JDWP Event Helper Thread" daemon [_thread_blocked, id=12992, stack(0x000000e9ff600000,0x000000e9ff700000)]
  0x00000288ffda4800 JavaThread "JDWP Command Reader" daemon [_thread_in_native, id=11108, stack(0x000000e9ff700000,0x000000e9ff800000)]
  0x00000288ffe9e000 JavaThread "Service Thread" daemon [_thread_blocked, id=11404, stack(0x000000e9ff800000,0x000000e9ff900000)]
=>0x00000288ffe96800 JavaThread "Thread-0" [_thread_in_native, id=6664, stack(0x000000e9ff400000,0x000000e9ff500000)]
  0x00000288ffe97800 JavaThread "Thread-1" [_thread_blocked, id=5268, stack(0x000000e9ffa00000,0x000000e9ffb00000)]

Other Threads:
  0x00000288ffad2000 VMThread "VM Thread" [stack: 0x000000e9feb00000,0x000000e9fec00000] [id=10200]
  0x0000028888c49800 WatcherThread [stack: 0x000000e9ff900000,0x000000e9ffa00000] [id=3400]
  0x00000288e207b800 GCTaskThread "GC Thread#0" [stack: 0x000000e9fe600000,0x000000e9fe700000] [id=9512]
  0x00000288e209e800 ConcurrentGCThread "G1 Main Marker" [stack: 0x000000e9fe700000,0x000000e9fe800000] [id=6516]
  0x00000288e20a0000 ConcurrentGCThread "G1 Conc#0" [stack: 0x000000e9fe800000,0x000000e9fe900000] [id=3460]
  0x00000288ff9d0000 ConcurrentGCThread "G1 Refine#0" [stack: 0x000000e9fe900000,0x000000e9fea00000] [id=9140]
  0x00000288ff9d3800 ConcurrentGCThread "G1 Young RemSet Sampling" [stack: 0x000000e9fea00000,0x000000e9feb00000] [id=3852]

Threads with active compile tasks:

VM state:not at safepoint (normal execution)

VM Mutex/Monitor currently owned by a thread: None

Heap address: 0x0000000700e00000, size: 4082 MB, Compressed Oops mode: Zero based, Oop shift amount: 3
Narrow klass base: 0x0000000800000000, Narrow klass shift: 3
Compressed class space size: 1073741824 Address: 0x0000000800b40000

Heap:
 garbage-first heap   total 262144K, used 5120K [0x0000000700e00000, 0x0000000800000000)
  region size 1024K, 6 young (6144K), 0 survivors (0K)
 Metaspace       used 2728K, capacity 4881K, committed 5120K, reserved 1056768K
  class space    used 268K, capacity 455K, committed 512K, reserved 1048576K
Heap Regions: E=young(eden), S=young(survivor), O=old, HS=humongous(starts), HC=humongous(continues), CS=collection set, F=free, A=archive, TAMS=top-at-mark-start (previous, next)
|   0|0x0000000700e00000, 0x0000000700e00000, 0x0000000700f00000|  0%| F|  |TAMS 0x0000000700e00000, 0x0000000700e00000| Untracked 
|   1|0x0000000700f00000, 0x0000000700f00000, 0x0000000701000000|  0%| F|  |TAMS 0x0000000700f00000, 0x0000000700f00000| Untracked 
|   2|0x0000000701000000, 0x0000000701000000, 0x0000000701100000|  0%| F|  |TAMS 0x0000000701000000, 0x0000000701000000| Untracked 
|   3|0x0000000701100000, 0x0000000701100000, 0x0000000701200000|  0%| F|  |TAMS 0x0000000701100000, 0x0000000701100000| Untracked 
|   4|0x0000000701200000, 0x0000000701200000, 0x0000000701300000|  0%| F|  |TAMS 0x0000000701200000, 0x0000000701200000| Untracked 
|   5|0x0000000701300000, 0x0000000701300000, 0x0000000701400000|  0%| F|  |TAMS 0x0000000701300000, 0x0000000701300000| Untracked 
|   6|0x0000000701400000, 0x0000000701400000, 0x0000000701500000|  0%| F|  |TAMS 0x0000000701400000, 0x0000000701400000| Untracked 
|   7|0x0000000701500000, 0x0000000701500000, 0x0000000701600000|  0%| F|  |TAMS 0x0000000701500000, 0x0000000701500000| Untracked 
|   8|0x0000000701600000, 0x0000000701600000, 0x0000000701700000|  0%| F|  |TAMS 0x0000000701600000, 0x0000000701600000| Untracked 
|   9|0x0000000701700000, 0x0000000701700000, 0x0000000701800000|  0%| F|  |TAMS 0x0000000701700000, 0x0000000701700000| Untracked 
|  10|0x0000000701800000, 0x0000000701800000, 0x0000000701900000|  0%| F|  |TAMS 0x0000000701800000, 0x0000000701800000| Untracked 
|  11|0x0000000701900000, 0x0000000701900000, 0x0000000701a00000|  0%| F|  |TAMS 0x0000000701900000, 0x0000000701900000| Untracked 
|  12|0x0000000701a00000, 0x0000000701a00000, 0x0000000701b00000|  0%| F|  |TAMS 0x0000000701a00000, 0x0000000701a00000| Untracked 
|  13|0x0000000701b00000, 0x0000000701b00000, 0x0000000701c00000|  0%| F|  |TAMS 0x0000000701b00000, 0x0000000701b00000| Untracked 
|  14|0x0000000701c00000, 0x0000000701c00000, 0x0000000701d00000|  0%| F|  |TAMS 0x0000000701c00000, 0x0000000701c00000| Untracked 
|  15|0x0000000701d00000, 0x0000000701d00000, 0x0000000701e00000|  0%| F|  |TAMS 0x0000000701d00000, 0x0000000701d00000| Untracked 
|  16|0x0000000701e00000, 0x0000000701e00000, 0x0000000701f00000|  0%| F|  |TAMS 0x0000000701e00000, 0x0000000701e00000| Untracked 
|  17|0x0000000701f00000, 0x0000000701f00000, 0x0000000702000000|  0%| F|  |TAMS 0x0000000701f00000, 0x0000000701f00000| Untracked 
|  18|0x0000000702000000, 0x0000000702000000, 0x0000000702100000|  0%| F|  |TAMS 0x0000000702000000, 0x0000000702000000| Untracked 
|  19|0x0000000702100000, 0x0000000702100000, 0x0000000702200000|  0%| F|  |TAMS 0x0000000702100000, 0x0000000702100000| Untracked 
|  20|0x0000000702200000, 0x0000000702200000, 0x0000000702300000|  0%| F|  |TAMS 0x0000000702200000, 0x0000000702200000| Untracked 
|  21|0x0000000702300000, 0x0000000702300000, 0x0000000702400000|  0%| F|  |TAMS 0x0000000702300000, 0x0000000702300000| Untracked 
|  22|0x0000000702400000, 0x0000000702400000, 0x0000000702500000|  0%| F|  |TAMS 0x0000000702400000, 0x0000000702400000| Untracked 
|  23|0x0000000702500000, 0x0000000702500000, 0x0000000702600000|  0%| F|  |TAMS 0x0000000702500000, 0x0000000702500000| Untracked 
|  24|0x0000000702600000, 0x0000000702600000, 0x0000000702700000|  0%| F|  |TAMS 0x0000000702600000, 0x0000000702600000| Untracked 
|  25|0x0000000702700000, 0x0000000702700000, 0x0000000702800000|  0%| F|  |TAMS 0x0000000702700000, 0x0000000702700000| Untracked 
|  26|0x0000000702800000, 0x0000000702800000, 0x0000000702900000|  0%| F|  |TAMS 0x0000000702800000, 0x0000000702800000| Untracked 
|  27|0x0000000702900000, 0x0000000702900000, 0x0000000702a00000|  0%| F|  |TAMS 0x0000000702900000, 0x0000000702900000| Untracked 
|  28|0x0000000702a00000, 0x0000000702a00000, 0x0000000702b00000|  0%| F|  |TAMS 0x0000000702a00000, 0x0000000702a00000| Untracked 
|  29|0x0000000702b00000, 0x0000000702b00000, 0x0000000702c00000|  0%| F|  |TAMS 0x0000000702b00000, 0x0000000702b00000| Untracked 
|  30|0x0000000702c00000, 0x0000000702c00000, 0x0000000702d00000|  0%| F|  |TAMS 0x0000000702c00000, 0x0000000702c00000| Untracked 
|  31|0x0000000702d00000, 0x0000000702d00000, 0x0000000702e00000|  0%| F|  |TAMS 0x0000000702d00000, 0x0000000702d00000| Untracked 
|  32|0x0000000702e00000, 0x0000000702e00000, 0x0000000702f00000|  0%| F|  |TAMS 0x0000000702e00000, 0x0000000702e00000| Untracked 
|  33|0x0000000702f00000, 0x0000000702f00000, 0x0000000703000000|  0%| F|  |TAMS 0x0000000702f00000, 0x0000000702f00000| Untracked 
|  34|0x0000000703000000, 0x0000000703000000, 0x0000000703100000|  0%| F|  |TAMS 0x0000000703000000, 0x0000000703000000| Untracked 
|  35|0x0000000703100000, 0x0000000703100000, 0x0000000703200000|  0%| F|  |TAMS 0x0000000703100000, 0x0000000703100000| Untracked 
|  36|0x0000000703200000, 0x0000000703200000, 0x0000000703300000|  0%| F|  |TAMS 0x0000000703200000, 0x0000000703200000| Untracked 
|  37|0x0000000703300000, 0x0000000703300000, 0x0000000703400000|  0%| F|  |TAMS 0x0000000703300000, 0x0000000703300000| Untracked 
|  38|0x0000000703400000, 0x0000000703400000, 0x0000000703500000|  0%| F|  |TAMS 0x0000000703400000, 0x0000000703400000| Untracked 
|  39|0x0000000703500000, 0x0000000703500000, 0x0000000703600000|  0%| F|  |TAMS 0x0000000703500000, 0x0000000703500000| Untracked 
|  40|0x0000000703600000, 0x0000000703600000, 0x0000000703700000|  0%| F|  |TAMS 0x0000000703600000, 0x0000000703600000| Untracked 
|  41|0x0000000703700000, 0x0000000703700000, 0x0000000703800000|  0%| F|  |TAMS 0x0000000703700000, 0x0000000703700000| Untracked 
|  42|0x0000000703800000, 0x0000000703800000, 0x0000000703900000|  0%| F|  |TAMS 0x0000000703800000, 0x0000000703800000| Untracked 
|  43|0x0000000703900000, 0x0000000703900000, 0x0000000703a00000|  0%| F|  |TAMS 0x0000000703900000, 0x0000000703900000| Untracked 
|  44|0x0000000703a00000, 0x0000000703a00000, 0x0000000703b00000|  0%| F|  |TAMS 0x0000000703a00000, 0x0000000703a00000| Untracked 
|  45|0x0000000703b00000, 0x0000000703b00000, 0x0000000703c00000|  0%| F|  |TAMS 0x0000000703b00000, 0x0000000703b00000| Untracked 
|  46|0x0000000703c00000, 0x0000000703c00000, 0x0000000703d00000|  0%| F|  |TAMS 0x0000000703c00000, 0x0000000703c00000| Untracked 
|  47|0x0000000703d00000, 0x0000000703d00000, 0x0000000703e00000|  0%| F|  |TAMS 0x0000000703d00000, 0x0000000703d00000| Untracked 
|  48|0x0000000703e00000, 0x0000000703e00000, 0x0000000703f00000|  0%| F|  |TAMS 0x0000000703e00000, 0x0000000703e00000| Untracked 
|  49|0x0000000703f00000, 0x0000000703f00000, 0x0000000704000000|  0%| F|  |TAMS 0x0000000703f00000, 0x0000000703f00000| Untracked 
|  50|0x0000000704000000, 0x0000000704000000, 0x0000000704100000|  0%| F|  |TAMS 0x0000000704000000, 0x0000000704000000| Untracked 
|  51|0x0000000704100000, 0x0000000704100000, 0x0000000704200000|  0%| F|  |TAMS 0x0000000704100000, 0x0000000704100000| Untracked 
|  52|0x0000000704200000, 0x0000000704200000, 0x0000000704300000|  0%| F|  |TAMS 0x0000000704200000, 0x0000000704200000| Untracked 
|  53|0x0000000704300000, 0x0000000704300000, 0x0000000704400000|  0%| F|  |TAMS 0x0000000704300000, 0x0000000704300000| Untracked 
|  54|0x0000000704400000, 0x0000000704400000, 0x0000000704500000|  0%| F|  |TAMS 0x0000000704400000, 0x0000000704400000| Untracked 
|  55|0x0000000704500000, 0x0000000704500000, 0x0000000704600000|  0%| F|  |TAMS 0x0000000704500000, 0x0000000704500000| Untracked 
|  56|0x0000000704600000, 0x0000000704600000, 0x0000000704700000|  0%| F|  |TAMS 0x0000000704600000, 0x0000000704600000| Untracked 
|  57|0x0000000704700000, 0x0000000704700000, 0x0000000704800000|  0%| F|  |TAMS 0x0000000704700000, 0x0000000704700000| Untracked 
|  58|0x0000000704800000, 0x0000000704800000, 0x0000000704900000|  0%| F|  |TAMS 0x0000000704800000, 0x0000000704800000| Untracked 
|  59|0x0000000704900000, 0x0000000704900000, 0x0000000704a00000|  0%| F|  |TAMS 0x0000000704900000, 0x0000000704900000| Untracked 
|  60|0x0000000704a00000, 0x0000000704a00000, 0x0000000704b00000|  0%| F|  |TAMS 0x0000000704a00000, 0x0000000704a00000| Untracked 
|  61|0x0000000704b00000, 0x0000000704b00000, 0x0000000704c00000|  0%| F|  |TAMS 0x0000000704b00000, 0x0000000704b00000| Untracked 
|  62|0x0000000704c00000, 0x0000000704c00000, 0x0000000704d00000|  0%| F|  |TAMS 0x0000000704c00000, 0x0000000704c00000| Untracked 
|  63|0x0000000704d00000, 0x0000000704d00000, 0x0000000704e00000|  0%| F|  |TAMS 0x0000000704d00000, 0x0000000704d00000| Untracked 
|  64|0x0000000704e00000, 0x0000000704e00000, 0x0000000704f00000|  0%| F|  |TAMS 0x0000000704e00000, 0x0000000704e00000| Untracked 
|  65|0x0000000704f00000, 0x0000000704f00000, 0x0000000705000000|  0%| F|  |TAMS 0x0000000704f00000, 0x0000000704f00000| Untracked 
|  66|0x0000000705000000, 0x0000000705000000, 0x0000000705100000|  0%| F|  |TAMS 0x0000000705000000, 0x0000000705000000| Untracked 
|  67|0x0000000705100000, 0x0000000705100000, 0x0000000705200000|  0%| F|  |TAMS 0x0000000705100000, 0x0000000705100000| Untracked 
|  68|0x0000000705200000, 0x0000000705200000, 0x0000000705300000|  0%| F|  |TAMS 0x0000000705200000, 0x0000000705200000| Untracked 
|  69|0x0000000705300000, 0x0000000705300000, 0x0000000705400000|  0%| F|  |TAMS 0x0000000705300000, 0x0000000705300000| Untracked 
|  70|0x0000000705400000, 0x0000000705400000, 0x0000000705500000|  0%| F|  |TAMS 0x0000000705400000, 0x0000000705400000| Untracked 
|  71|0x0000000705500000, 0x0000000705500000, 0x0000000705600000|  0%| F|  |TAMS 0x0000000705500000, 0x0000000705500000| Untracked 
|  72|0x0000000705600000, 0x0000000705600000, 0x0000000705700000|  0%| F|  |TAMS 0x0000000705600000, 0x0000000705600000| Untracked 
|  73|0x0000000705700000, 0x0000000705700000, 0x0000000705800000|  0%| F|  |TAMS 0x0000000705700000, 0x0000000705700000| Untracked 
|  74|0x0000000705800000, 0x0000000705800000, 0x0000000705900000|  0%| F|  |TAMS 0x0000000705800000, 0x0000000705800000| Untracked 
|  75|0x0000000705900000, 0x0000000705900000, 0x0000000705a00000|  0%| F|  |TAMS 0x0000000705900000, 0x0000000705900000| Untracked 
|  76|0x0000000705a00000, 0x0000000705a00000, 0x0000000705b00000|  0%| F|  |TAMS 0x0000000705a00000, 0x0000000705a00000| Untracked 
|  77|0x0000000705b00000, 0x0000000705b00000, 0x0000000705c00000|  0%| F|  |TAMS 0x0000000705b00000, 0x0000000705b00000| Untracked 
|  78|0x0000000705c00000, 0x0000000705c00000, 0x0000000705d00000|  0%| F|  |TAMS 0x0000000705c00000, 0x0000000705c00000| Untracked 
|  79|0x0000000705d00000, 0x0000000705d00000, 0x0000000705e00000|  0%| F|  |TAMS 0x0000000705d00000, 0x0000000705d00000| Untracked 
|  80|0x0000000705e00000, 0x0000000705e00000, 0x0000000705f00000|  0%| F|  |TAMS 0x0000000705e00000, 0x0000000705e00000| Untracked 
|  81|0x0000000705f00000, 0x0000000705f00000, 0x0000000706000000|  0%| F|  |TAMS 0x0000000705f00000, 0x0000000705f00000| Untracked 
|  82|0x0000000706000000, 0x0000000706000000, 0x0000000706100000|  0%| F|  |TAMS 0x0000000706000000, 0x0000000706000000| Untracked 
|  83|0x0000000706100000, 0x0000000706100000, 0x0000000706200000|  0%| F|  |TAMS 0x0000000706100000, 0x0000000706100000| Untracked 
|  84|0x0000000706200000, 0x0000000706200000, 0x0000000706300000|  0%| F|  |TAMS 0x0000000706200000, 0x0000000706200000| Untracked 
|  85|0x0000000706300000, 0x0000000706300000, 0x0000000706400000|  0%| F|  |TAMS 0x0000000706300000, 0x0000000706300000| Untracked 
|  86|0x0000000706400000, 0x0000000706400000, 0x0000000706500000|  0%| F|  |TAMS 0x0000000706400000, 0x0000000706400000| Untracked 
|  87|0x0000000706500000, 0x0000000706500000, 0x0000000706600000|  0%| F|  |TAMS 0x0000000706500000, 0x0000000706500000| Untracked 
|  88|0x0000000706600000, 0x0000000706600000, 0x0000000706700000|  0%| F|  |TAMS 0x0000000706600000, 0x0000000706600000| Untracked 
|  89|0x0000000706700000, 0x0000000706700000, 0x0000000706800000|  0%| F|  |TAMS 0x0000000706700000, 0x0000000706700000| Untracked 
|  90|0x0000000706800000, 0x0000000706800000, 0x0000000706900000|  0%| F|  |TAMS 0x0000000706800000, 0x0000000706800000| Untracked 
|  91|0x0000000706900000, 0x0000000706900000, 0x0000000706a00000|  0%| F|  |TAMS 0x0000000706900000, 0x0000000706900000| Untracked 
|  92|0x0000000706a00000, 0x0000000706a00000, 0x0000000706b00000|  0%| F|  |TAMS 0x0000000706a00000, 0x0000000706a00000| Untracked 
|  93|0x0000000706b00000, 0x0000000706b00000, 0x0000000706c00000|  0%| F|  |TAMS 0x0000000706b00000, 0x0000000706b00000| Untracked 
|  94|0x0000000706c00000, 0x0000000706c00000, 0x0000000706d00000|  0%| F|  |TAMS 0x0000000706c00000, 0x0000000706c00000| Untracked 
|  95|0x0000000706d00000, 0x0000000706d00000, 0x0000000706e00000|  0%| F|  |TAMS 0x0000000706d00000, 0x0000000706d00000| Untracked 
|  96|0x0000000706e00000, 0x0000000706e00000, 0x0000000706f00000|  0%| F|  |TAMS 0x0000000706e00000, 0x0000000706e00000| Untracked 
|  97|0x0000000706f00000, 0x0000000706f00000, 0x0000000707000000|  0%| F|  |TAMS 0x0000000706f00000, 0x0000000706f00000| Untracked 
|  98|0x0000000707000000, 0x0000000707000000, 0x0000000707100000|  0%| F|  |TAMS 0x0000000707000000, 0x0000000707000000| Untracked 
|  99|0x0000000707100000, 0x0000000707100000, 0x0000000707200000|  0%| F|  |TAMS 0x0000000707100000, 0x0000000707100000| Untracked 
| 100|0x0000000707200000, 0x0000000707200000, 0x0000000707300000|  0%| F|  |TAMS 0x0000000707200000, 0x0000000707200000| Untracked 
| 101|0x0000000707300000, 0x0000000707300000, 0x0000000707400000|  0%| F|  |TAMS 0x0000000707300000, 0x0000000707300000| Untracked 
| 102|0x0000000707400000, 0x0000000707400000, 0x0000000707500000|  0%| F|  |TAMS 0x0000000707400000, 0x0000000707400000| Untracked 
| 103|0x0000000707500000, 0x0000000707500000, 0x0000000707600000|  0%| F|  |TAMS 0x0000000707500000, 0x0000000707500000| Untracked 
| 104|0x0000000707600000, 0x0000000707600000, 0x0000000707700000|  0%| F|  |TAMS 0x0000000707600000, 0x0000000707600000| Untracked 
| 105|0x0000000707700000, 0x0000000707700000, 0x0000000707800000|  0%| F|  |TAMS 0x0000000707700000, 0x0000000707700000| Untracked 
| 106|0x0000000707800000, 0x0000000707800000, 0x0000000707900000|  0%| F|  |TAMS 0x0000000707800000, 0x0000000707800000| Untracked 
| 107|0x0000000707900000, 0x0000000707900000, 0x0000000707a00000|  0%| F|  |TAMS 0x0000000707900000, 0x0000000707900000| Untracked 
| 108|0x0000000707a00000, 0x0000000707a00000, 0x0000000707b00000|  0%| F|  |TAMS 0x0000000707a00000, 0x0000000707a00000| Untracked 
| 109|0x0000000707b00000, 0x0000000707b00000, 0x0000000707c00000|  0%| F|  |TAMS 0x0000000707b00000, 0x0000000707b00000| Untracked 
| 110|0x0000000707c00000, 0x0000000707c00000, 0x0000000707d00000|  0%| F|  |TAMS 0x0000000707c00000, 0x0000000707c00000| Untracked 
| 111|0x0000000707d00000, 0x0000000707d00000, 0x0000000707e00000|  0%| F|  |TAMS 0x0000000707d00000, 0x0000000707d00000| Untracked 
| 112|0x0000000707e00000, 0x0000000707e00000, 0x0000000707f00000|  0%| F|  |TAMS 0x0000000707e00000, 0x0000000707e00000| Untracked 
| 113|0x0000000707f00000, 0x0000000707f00000, 0x0000000708000000|  0%| F|  |TAMS 0x0000000707f00000, 0x0000000707f00000| Untracked 
| 114|0x0000000708000000, 0x0000000708000000, 0x0000000708100000|  0%| F|  |TAMS 0x0000000708000000, 0x0000000708000000| Untracked 
| 115|0x0000000708100000, 0x0000000708100000, 0x0000000708200000|  0%| F|  |TAMS 0x0000000708100000, 0x0000000708100000| Untracked 
| 116|0x0000000708200000, 0x0000000708200000, 0x0000000708300000|  0%| F|  |TAMS 0x0000000708200000, 0x0000000708200000| Untracked 
| 117|0x0000000708300000, 0x0000000708300000, 0x0000000708400000|  0%| F|  |TAMS 0x0000000708300000, 0x0000000708300000| Untracked 
| 118|0x0000000708400000, 0x0000000708400000, 0x0000000708500000|  0%| F|  |TAMS 0x0000000708400000, 0x0000000708400000| Untracked 
| 119|0x0000000708500000, 0x0000000708500000, 0x0000000708600000|  0%| F|  |TAMS 0x0000000708500000, 0x0000000708500000| Untracked 
| 120|0x0000000708600000, 0x0000000708600000, 0x0000000708700000|  0%| F|  |TAMS 0x0000000708600000, 0x0000000708600000| Untracked 
| 121|0x0000000708700000, 0x0000000708700000, 0x0000000708800000|  0%| F|  |TAMS 0x0000000708700000, 0x0000000708700000| Untracked 
| 122|0x0000000708800000, 0x0000000708800000, 0x0000000708900000|  0%| F|  |TAMS 0x0000000708800000, 0x0000000708800000| Untracked 
| 123|0x0000000708900000, 0x0000000708900000, 0x0000000708a00000|  0%| F|  |TAMS 0x0000000708900000, 0x0000000708900000| Untracked 
| 124|0x0000000708a00000, 0x0000000708a00000, 0x0000000708b00000|  0%| F|  |TAMS 0x0000000708a00000, 0x0000000708a00000| Untracked 
| 125|0x0000000708b00000, 0x0000000708b00000, 0x0000000708c00000|  0%| F|  |TAMS 0x0000000708b00000, 0x0000000708b00000| Untracked 
| 126|0x0000000708c00000, 0x0000000708c00000, 0x0000000708d00000|  0%| F|  |TAMS 0x0000000708c00000, 0x0000000708c00000| Untracked 
| 127|0x0000000708d00000, 0x0000000708d00000, 0x0000000708e00000|  0%| F|  |TAMS 0x0000000708d00000, 0x0000000708d00000| Untracked 
| 128|0x0000000708e00000, 0x0000000708e00000, 0x0000000708f00000|  0%| F|  |TAMS 0x0000000708e00000, 0x0000000708e00000| Untracked 
| 129|0x0000000708f00000, 0x0000000708f00000, 0x0000000709000000|  0%| F|  |TAMS 0x0000000708f00000, 0x0000000708f00000| Untracked 
| 130|0x0000000709000000, 0x0000000709000000, 0x0000000709100000|  0%| F|  |TAMS 0x0000000709000000, 0x0000000709000000| Untracked 
| 131|0x0000000709100000, 0x0000000709100000, 0x0000000709200000|  0%| F|  |TAMS 0x0000000709100000, 0x0000000709100000| Untracked 
| 132|0x0000000709200000, 0x0000000709200000, 0x0000000709300000|  0%| F|  |TAMS 0x0000000709200000, 0x0000000709200000| Untracked 
| 133|0x0000000709300000, 0x0000000709300000, 0x0000000709400000|  0%| F|  |TAMS 0x0000000709300000, 0x0000000709300000| Untracked 
| 134|0x0000000709400000, 0x0000000709400000, 0x0000000709500000|  0%| F|  |TAMS 0x0000000709400000, 0x0000000709400000| Untracked 
| 135|0x0000000709500000, 0x0000000709500000, 0x0000000709600000|  0%| F|  |TAMS 0x0000000709500000, 0x0000000709500000| Untracked 
| 136|0x0000000709600000, 0x0000000709600000, 0x0000000709700000|  0%| F|  |TAMS 0x0000000709600000, 0x0000000709600000| Untracked 
| 137|0x0000000709700000, 0x0000000709700000, 0x0000000709800000|  0%| F|  |TAMS 0x0000000709700000, 0x0000000709700000| Untracked 
| 138|0x0000000709800000, 0x0000000709800000, 0x0000000709900000|  0%| F|  |TAMS 0x0000000709800000, 0x0000000709800000| Untracked 
| 139|0x0000000709900000, 0x0000000709900000, 0x0000000709a00000|  0%| F|  |TAMS 0x0000000709900000, 0x0000000709900000| Untracked 
| 140|0x0000000709a00000, 0x0000000709a00000, 0x0000000709b00000|  0%| F|  |TAMS 0x0000000709a00000, 0x0000000709a00000| Untracked 
| 141|0x0000000709b00000, 0x0000000709b00000, 0x0000000709c00000|  0%| F|  |TAMS 0x0000000709b00000, 0x0000000709b00000| Untracked 
| 142|0x0000000709c00000, 0x0000000709c00000, 0x0000000709d00000|  0%| F|  |TAMS 0x0000000709c00000, 0x0000000709c00000| Untracked 
| 143|0x0000000709d00000, 0x0000000709d00000, 0x0000000709e00000|  0%| F|  |TAMS 0x0000000709d00000, 0x0000000709d00000| Untracked 
| 144|0x0000000709e00000, 0x0000000709e00000, 0x0000000709f00000|  0%| F|  |TAMS 0x0000000709e00000, 0x0000000709e00000| Untracked 
| 145|0x0000000709f00000, 0x0000000709f00000, 0x000000070a000000|  0%| F|  |TAMS 0x0000000709f00000, 0x0000000709f00000| Untracked 
| 146|0x000000070a000000, 0x000000070a000000, 0x000000070a100000|  0%| F|  |TAMS 0x000000070a000000, 0x000000070a000000| Untracked 
| 147|0x000000070a100000, 0x000000070a100000, 0x000000070a200000|  0%| F|  |TAMS 0x000000070a100000, 0x000000070a100000| Untracked 
| 148|0x000000070a200000, 0x000000070a200000, 0x000000070a300000|  0%| F|  |TAMS 0x000000070a200000, 0x000000070a200000| Untracked 
| 149|0x000000070a300000, 0x000000070a300000, 0x000000070a400000|  0%| F|  |TAMS 0x000000070a300000, 0x000000070a300000| Untracked 
| 150|0x000000070a400000, 0x000000070a400000, 0x000000070a500000|  0%| F|  |TAMS 0x000000070a400000, 0x000000070a400000| Untracked 
| 151|0x000000070a500000, 0x000000070a500000, 0x000000070a600000|  0%| F|  |TAMS 0x000000070a500000, 0x000000070a500000| Untracked 
| 152|0x000000070a600000, 0x000000070a600000, 0x000000070a700000|  0%| F|  |TAMS 0x000000070a600000, 0x000000070a600000| Untracked 
| 153|0x000000070a700000, 0x000000070a700000, 0x000000070a800000|  0%| F|  |TAMS 0x000000070a700000, 0x000000070a700000| Untracked 
| 154|0x000000070a800000, 0x000000070a800000, 0x000000070a900000|  0%| F|  |TAMS 0x000000070a800000, 0x000000070a800000| Untracked 
| 155|0x000000070a900000, 0x000000070a900000, 0x000000070aa00000|  0%| F|  |TAMS 0x000000070a900000, 0x000000070a900000| Untracked 
| 156|0x000000070aa00000, 0x000000070aa00000, 0x000000070ab00000|  0%| F|  |TAMS 0x000000070aa00000, 0x000000070aa00000| Untracked 
| 157|0x000000070ab00000, 0x000000070ab00000, 0x000000070ac00000|  0%| F|  |TAMS 0x000000070ab00000, 0x000000070ab00000| Untracked 
| 158|0x000000070ac00000, 0x000000070ac00000, 0x000000070ad00000|  0%| F|  |TAMS 0x000000070ac00000, 0x000000070ac00000| Untracked 
| 159|0x000000070ad00000, 0x000000070ad00000, 0x000000070ae00000|  0%| F|  |TAMS 0x000000070ad00000, 0x000000070ad00000| Untracked 
| 160|0x000000070ae00000, 0x000000070ae00000, 0x000000070af00000|  0%| F|  |TAMS 0x000000070ae00000, 0x000000070ae00000| Untracked 
| 161|0x000000070af00000, 0x000000070af00000, 0x000000070b000000|  0%| F|  |TAMS 0x000000070af00000, 0x000000070af00000| Untracked 
| 162|0x000000070b000000, 0x000000070b000000, 0x000000070b100000|  0%| F|  |TAMS 0x000000070b000000, 0x000000070b000000| Untracked 
| 163|0x000000070b100000, 0x000000070b100000, 0x000000070b200000|  0%| F|  |TAMS 0x000000070b100000, 0x000000070b100000| Untracked 
| 164|0x000000070b200000, 0x000000070b200000, 0x000000070b300000|  0%| F|  |TAMS 0x000000070b200000, 0x000000070b200000| Untracked 
| 165|0x000000070b300000, 0x000000070b300000, 0x000000070b400000|  0%| F|  |TAMS 0x000000070b300000, 0x000000070b300000| Untracked 
| 166|0x000000070b400000, 0x000000070b400000, 0x000000070b500000|  0%| F|  |TAMS 0x000000070b400000, 0x000000070b400000| Untracked 
| 167|0x000000070b500000, 0x000000070b500000, 0x000000070b600000|  0%| F|  |TAMS 0x000000070b500000, 0x000000070b500000| Untracked 
| 168|0x000000070b600000, 0x000000070b600000, 0x000000070b700000|  0%| F|  |TAMS 0x000000070b600000, 0x000000070b600000| Untracked 
| 169|0x000000070b700000, 0x000000070b700000, 0x000000070b800000|  0%| F|  |TAMS 0x000000070b700000, 0x000000070b700000| Untracked 
| 170|0x000000070b800000, 0x000000070b800000, 0x000000070b900000|  0%| F|  |TAMS 0x000000070b800000, 0x000000070b800000| Untracked 
| 171|0x000000070b900000, 0x000000070b900000, 0x000000070ba00000|  0%| F|  |TAMS 0x000000070b900000, 0x000000070b900000| Untracked 
| 172|0x000000070ba00000, 0x000000070ba00000, 0x000000070bb00000|  0%| F|  |TAMS 0x000000070ba00000, 0x000000070ba00000| Untracked 
| 173|0x000000070bb00000, 0x000000070bb00000, 0x000000070bc00000|  0%| F|  |TAMS 0x000000070bb00000, 0x000000070bb00000| Untracked 
| 174|0x000000070bc00000, 0x000000070bc00000, 0x000000070bd00000|  0%| F|  |TAMS 0x000000070bc00000, 0x000000070bc00000| Untracked 
| 175|0x000000070bd00000, 0x000000070bd00000, 0x000000070be00000|  0%| F|  |TAMS 0x000000070bd00000, 0x000000070bd00000| Untracked 
| 176|0x000000070be00000, 0x000000070be00000, 0x000000070bf00000|  0%| F|  |TAMS 0x000000070be00000, 0x000000070be00000| Untracked 
| 177|0x000000070bf00000, 0x000000070bf00000, 0x000000070c000000|  0%| F|  |TAMS 0x000000070bf00000, 0x000000070bf00000| Untracked 
| 178|0x000000070c000000, 0x000000070c000000, 0x000000070c100000|  0%| F|  |TAMS 0x000000070c000000, 0x000000070c000000| Untracked 
| 179|0x000000070c100000, 0x000000070c100000, 0x000000070c200000|  0%| F|  |TAMS 0x000000070c100000, 0x000000070c100000| Untracked 
| 180|0x000000070c200000, 0x000000070c200000, 0x000000070c300000|  0%| F|  |TAMS 0x000000070c200000, 0x000000070c200000| Untracked 
| 181|0x000000070c300000, 0x000000070c300000, 0x000000070c400000|  0%| F|  |TAMS 0x000000070c300000, 0x000000070c300000| Untracked 
| 182|0x000000070c400000, 0x000000070c400000, 0x000000070c500000|  0%| F|  |TAMS 0x000000070c400000, 0x000000070c400000| Untracked 
| 183|0x000000070c500000, 0x000000070c500000, 0x000000070c600000|  0%| F|  |TAMS 0x000000070c500000, 0x000000070c500000| Untracked 
| 184|0x000000070c600000, 0x000000070c600000, 0x000000070c700000|  0%| F|  |TAMS 0x000000070c600000, 0x000000070c600000| Untracked 
| 185|0x000000070c700000, 0x000000070c700000, 0x000000070c800000|  0%| F|  |TAMS 0x000000070c700000, 0x000000070c700000| Untracked 
| 186|0x000000070c800000, 0x000000070c800000, 0x000000070c900000|  0%| F|  |TAMS 0x000000070c800000, 0x000000070c800000| Untracked 
| 187|0x000000070c900000, 0x000000070c900000, 0x000000070ca00000|  0%| F|  |TAMS 0x000000070c900000, 0x000000070c900000| Untracked 
| 188|0x000000070ca00000, 0x000000070ca00000, 0x000000070cb00000|  0%| F|  |TAMS 0x000000070ca00000, 0x000000070ca00000| Untracked 
| 189|0x000000070cb00000, 0x000000070cb00000, 0x000000070cc00000|  0%| F|  |TAMS 0x000000070cb00000, 0x000000070cb00000| Untracked 
| 190|0x000000070cc00000, 0x000000070cc00000, 0x000000070cd00000|  0%| F|  |TAMS 0x000000070cc00000, 0x000000070cc00000| Untracked 
| 191|0x000000070cd00000, 0x000000070cd00000, 0x000000070ce00000|  0%| F|  |TAMS 0x000000070cd00000, 0x000000070cd00000| Untracked 
| 192|0x000000070ce00000, 0x000000070ce00000, 0x000000070cf00000|  0%| F|  |TAMS 0x000000070ce00000, 0x000000070ce00000| Untracked 
| 193|0x000000070cf00000, 0x000000070cf00000, 0x000000070d000000|  0%| F|  |TAMS 0x000000070cf00000, 0x000000070cf00000| Untracked 
| 194|0x000000070d000000, 0x000000070d000000, 0x000000070d100000|  0%| F|  |TAMS 0x000000070d000000, 0x000000070d000000| Untracked 
| 195|0x000000070d100000, 0x000000070d100000, 0x000000070d200000|  0%| F|  |TAMS 0x000000070d100000, 0x000000070d100000| Untracked 
| 196|0x000000070d200000, 0x000000070d200000, 0x000000070d300000|  0%| F|  |TAMS 0x000000070d200000, 0x000000070d200000| Untracked 
| 197|0x000000070d300000, 0x000000070d300000, 0x000000070d400000|  0%| F|  |TAMS 0x000000070d300000, 0x000000070d300000| Untracked 
| 198|0x000000070d400000, 0x000000070d400000, 0x000000070d500000|  0%| F|  |TAMS 0x000000070d400000, 0x000000070d400000| Untracked 
| 199|0x000000070d500000, 0x000000070d500000, 0x000000070d600000|  0%| F|  |TAMS 0x000000070d500000, 0x000000070d500000| Untracked 
| 200|0x000000070d600000, 0x000000070d600000, 0x000000070d700000|  0%| F|  |TAMS 0x000000070d600000, 0x000000070d600000| Untracked 
| 201|0x000000070d700000, 0x000000070d700000, 0x000000070d800000|  0%| F|  |TAMS 0x000000070d700000, 0x000000070d700000| Untracked 
| 202|0x000000070d800000, 0x000000070d800000, 0x000000070d900000|  0%| F|  |TAMS 0x000000070d800000, 0x000000070d800000| Untracked 
| 203|0x000000070d900000, 0x000000070d900000, 0x000000070da00000|  0%| F|  |TAMS 0x000000070d900000, 0x000000070d900000| Untracked 
| 204|0x000000070da00000, 0x000000070da00000, 0x000000070db00000|  0%| F|  |TAMS 0x000000070da00000, 0x000000070da00000| Untracked 
| 205|0x000000070db00000, 0x000000070db00000, 0x000000070dc00000|  0%| F|  |TAMS 0x000000070db00000, 0x000000070db00000| Untracked 
| 206|0x000000070dc00000, 0x000000070dc00000, 0x000000070dd00000|  0%| F|  |TAMS 0x000000070dc00000, 0x000000070dc00000| Untracked 
| 207|0x000000070dd00000, 0x000000070dd00000, 0x000000070de00000|  0%| F|  |TAMS 0x000000070dd00000, 0x000000070dd00000| Untracked 
| 208|0x000000070de00000, 0x000000070de00000, 0x000000070df00000|  0%| F|  |TAMS 0x000000070de00000, 0x000000070de00000| Untracked 
| 209|0x000000070df00000, 0x000000070df00000, 0x000000070e000000|  0%| F|  |TAMS 0x000000070df00000, 0x000000070df00000| Untracked 
| 210|0x000000070e000000, 0x000000070e000000, 0x000000070e100000|  0%| F|  |TAMS 0x000000070e000000, 0x000000070e000000| Untracked 
| 211|0x000000070e100000, 0x000000070e100000, 0x000000070e200000|  0%| F|  |TAMS 0x000000070e100000, 0x000000070e100000| Untracked 
| 212|0x000000070e200000, 0x000000070e200000, 0x000000070e300000|  0%| F|  |TAMS 0x000000070e200000, 0x000000070e200000| Untracked 
| 213|0x000000070e300000, 0x000000070e300000, 0x000000070e400000|  0%| F|  |TAMS 0x000000070e300000, 0x000000070e300000| Untracked 
| 214|0x000000070e400000, 0x000000070e400000, 0x000000070e500000|  0%| F|  |TAMS 0x000000070e400000, 0x000000070e400000| Untracked 
| 215|0x000000070e500000, 0x000000070e500000, 0x000000070e600000|  0%| F|  |TAMS 0x000000070e500000, 0x000000070e500000| Untracked 
| 216|0x000000070e600000, 0x000000070e600000, 0x000000070e700000|  0%| F|  |TAMS 0x000000070e600000, 0x000000070e600000| Untracked 
| 217|0x000000070e700000, 0x000000070e700000, 0x000000070e800000|  0%| F|  |TAMS 0x000000070e700000, 0x000000070e700000| Untracked 
| 218|0x000000070e800000, 0x000000070e800000, 0x000000070e900000|  0%| F|  |TAMS 0x000000070e800000, 0x000000070e800000| Untracked 
| 219|0x000000070e900000, 0x000000070e900000, 0x000000070ea00000|  0%| F|  |TAMS 0x000000070e900000, 0x000000070e900000| Untracked 
| 220|0x000000070ea00000, 0x000000070ea00000, 0x000000070eb00000|  0%| F|  |TAMS 0x000000070ea00000, 0x000000070ea00000| Untracked 
| 221|0x000000070eb00000, 0x000000070eb00000, 0x000000070ec00000|  0%| F|  |TAMS 0x000000070eb00000, 0x000000070eb00000| Untracked 
| 222|0x000000070ec00000, 0x000000070ec00000, 0x000000070ed00000|  0%| F|  |TAMS 0x000000070ec00000, 0x000000070ec00000| Untracked 
| 223|0x000000070ed00000, 0x000000070ed00000, 0x000000070ee00000|  0%| F|  |TAMS 0x000000070ed00000, 0x000000070ed00000| Untracked 
| 224|0x000000070ee00000, 0x000000070ee00000, 0x000000070ef00000|  0%| F|  |TAMS 0x000000070ee00000, 0x000000070ee00000| Untracked 
| 225|0x000000070ef00000, 0x000000070ef00000, 0x000000070f000000|  0%| F|  |TAMS 0x000000070ef00000, 0x000000070ef00000| Untracked 
| 226|0x000000070f000000, 0x000000070f000000, 0x000000070f100000|  0%| F|  |TAMS 0x000000070f000000, 0x000000070f000000| Untracked 
| 227|0x000000070f100000, 0x000000070f100000, 0x000000070f200000|  0%| F|  |TAMS 0x000000070f100000, 0x000000070f100000| Untracked 
| 228|0x000000070f200000, 0x000000070f200000, 0x000000070f300000|  0%| F|  |TAMS 0x000000070f200000, 0x000000070f200000| Untracked 
| 229|0x000000070f300000, 0x000000070f300000, 0x000000070f400000|  0%| F|  |TAMS 0x000000070f300000, 0x000000070f300000| Untracked 
| 230|0x000000070f400000, 0x000000070f400000, 0x000000070f500000|  0%| F|  |TAMS 0x000000070f400000, 0x000000070f400000| Untracked 
| 231|0x000000070f500000, 0x000000070f500000, 0x000000070f600000|  0%| F|  |TAMS 0x000000070f500000, 0x000000070f500000| Untracked 
| 232|0x000000070f600000, 0x000000070f600000, 0x000000070f700000|  0%| F|  |TAMS 0x000000070f600000, 0x000000070f600000| Untracked 
| 233|0x000000070f700000, 0x000000070f700000, 0x000000070f800000|  0%| F|  |TAMS 0x000000070f700000, 0x000000070f700000| Untracked 
| 234|0x000000070f800000, 0x000000070f800000, 0x000000070f900000|  0%| F|  |TAMS 0x000000070f800000, 0x000000070f800000| Untracked 
| 235|0x000000070f900000, 0x000000070f900000, 0x000000070fa00000|  0%| F|  |TAMS 0x000000070f900000, 0x000000070f900000| Untracked 
| 236|0x000000070fa00000, 0x000000070fa00000, 0x000000070fb00000|  0%| F|  |TAMS 0x000000070fa00000, 0x000000070fa00000| Untracked 
| 237|0x000000070fb00000, 0x000000070fb00000, 0x000000070fc00000|  0%| F|  |TAMS 0x000000070fb00000, 0x000000070fb00000| Untracked 
| 238|0x000000070fc00000, 0x000000070fc00000, 0x000000070fd00000|  0%| F|  |TAMS 0x000000070fc00000, 0x000000070fc00000| Untracked 
| 239|0x000000070fd00000, 0x000000070fd00000, 0x000000070fe00000|  0%| F|  |TAMS 0x000000070fd00000, 0x000000070fd00000| Untracked 
| 240|0x000000070fe00000, 0x000000070fe00000, 0x000000070ff00000|  0%| F|  |TAMS 0x000000070fe00000, 0x000000070fe00000| Untracked 
| 241|0x000000070ff00000, 0x000000070ff00000, 0x0000000710000000|  0%| F|  |TAMS 0x000000070ff00000, 0x000000070ff00000| Untracked 
| 242|0x0000000710000000, 0x0000000710000000, 0x0000000710100000|  0%| F|  |TAMS 0x0000000710000000, 0x0000000710000000| Untracked 
| 243|0x0000000710100000, 0x0000000710100000, 0x0000000710200000|  0%| F|  |TAMS 0x0000000710100000, 0x0000000710100000| Untracked 
| 244|0x0000000710200000, 0x0000000710200000, 0x0000000710300000|  0%| F|  |TAMS 0x0000000710200000, 0x0000000710200000| Untracked 
| 245|0x0000000710300000, 0x0000000710300000, 0x0000000710400000|  0%| F|  |TAMS 0x0000000710300000, 0x0000000710300000| Untracked 
| 246|0x0000000710400000, 0x0000000710400000, 0x0000000710500000|  0%| F|  |TAMS 0x0000000710400000, 0x0000000710400000| Untracked 
| 247|0x0000000710500000, 0x0000000710500000, 0x0000000710600000|  0%| F|  |TAMS 0x0000000710500000, 0x0000000710500000| Untracked 
| 248|0x0000000710600000, 0x0000000710600000, 0x0000000710700000|  0%| F|  |TAMS 0x0000000710600000, 0x0000000710600000| Untracked 
| 249|0x0000000710700000, 0x0000000710700000, 0x0000000710800000|  0%| F|  |TAMS 0x0000000710700000, 0x0000000710700000| Untracked 
| 250|0x0000000710800000, 0x000000071087b998, 0x0000000710900000| 48%| E|  |TAMS 0x0000000710800000, 0x0000000710800000| Complete 
| 251|0x0000000710900000, 0x0000000710a00000, 0x0000000710a00000|100%| E|CS|TAMS 0x0000000710900000, 0x0000000710900000| Complete 
| 252|0x0000000710a00000, 0x0000000710b00000, 0x0000000710b00000|100%| E|CS|TAMS 0x0000000710a00000, 0x0000000710a00000| Complete 
| 253|0x0000000710b00000, 0x0000000710c00000, 0x0000000710c00000|100%| E|CS|TAMS 0x0000000710b00000, 0x0000000710b00000| Complete 
| 254|0x0000000710c00000, 0x0000000710d00000, 0x0000000710d00000|100%| E|CS|TAMS 0x0000000710c00000, 0x0000000710c00000| Complete 
| 255|0x0000000710d00000, 0x0000000710e00000, 0x0000000710e00000|100%| E|CS|TAMS 0x0000000710d00000, 0x0000000710d00000| Complete 

Card table byte_map: [0x00000288fbf50000,0x00000288fc750000] _byte_map_base: 0x00000288f8749000

Marking Bits (Prev, Next): (CMBitMap*) 0x00000288e207d418, (CMBitMap*) 0x00000288e207d458
 Prev Bits: [0x0000028880000000, 0x0000028883fc8000)
 Next Bits: [0x0000028883fd0000, 0x0000028887f98000)

Polling page: 0x00000288e20e0000

Metaspace:

Usage:
  Non-class:      4.32 MB capacity,     2.40 MB ( 56%) used,     1.92 MB ( 44%) free+waste,     4.00 KB ( <1%) overhead. 
      Class:    455.00 KB capacity,   268.86 KB ( 59%) used,   183.89 KB ( 40%) free+waste,     2.25 KB ( <1%) overhead. 
       Both:      4.77 MB capacity,     2.66 MB ( 56%) used,     2.10 MB ( 44%) free+waste,     6.25 KB ( <1%) overhead. 

Virtual space:
  Non-class space:        8.00 MB reserved,       4.50 MB ( 56%) committed 
      Class space:        1.00 GB reserved,     512.00 KB ( <1%) committed 
             Both:        1.01 GB reserved,       5.00 MB ( <1%) committed 

Chunk freelists:
   Non-Class:  54.00 KB
       Class:  25.00 KB
        Both:  79.00 KB

MaxMetaspaceSize: 17179869184.00 GB
CompressedClassSpaceSize: 1.00 GB

CodeHeap 'non-profiled nmethods': size=120000Kb used=151Kb max_used=151Kb free=119848Kb
 bounds [0x00000288f37b0000, 0x00000288f3a20000, 0x00000288face0000]
CodeHeap 'profiled nmethods': size=120000Kb used=709Kb max_used=709Kb free=119290Kb
 bounds [0x00000288ec280000, 0x00000288ec4f0000, 0x00000288f37b0000]
CodeHeap 'non-nmethods': size=5760Kb used=1213Kb max_used=1229Kb free=4546Kb
 bounds [0x00000288ebce0000, 0x00000288ebf50000, 0x00000288ec280000]
 total_blobs=1236 nmethods=473 adapters=282
 compilation: enabled
              stopped_count=0, restarted_count=0
 full_count=0

Compilation events (20 events):
Event: 2.649 Thread 0x00000288ffb8e000 nmethod 465 0x00000288ec326010 code [0x00000288ec326200, 0x00000288ec326600]
Event: 2.649 Thread 0x00000288ffb8e000  466       3       java.net.URL::isBuiltinStreamHandler (8 bytes)
Event: 2.649 Thread 0x00000288ffb8e000 nmethod 466 0x00000288ec326810 code [0x00000288ec3269c0, 0x00000288ec326c10]
Event: 2.650 Thread 0x00000288ffb7e800 nmethod 461 0x00000288f37d4790 code [0x00000288f37d4920, 0x00000288f37d4b58]
Event: 2.650 Thread 0x00000288ffb7e800  464       4       java.lang.String::<init> (15 bytes)
Event: 2.651 Thread 0x00000288ffb7e800 nmethod 464 0x00000288f37d4d10 code [0x00000288f37d4ea0, 0x00000288f37d4ff8]
Event: 2.658 Thread 0x00000288ffb7e800  467       4       java.lang.StringLatin1::indexOf (121 bytes)
Event: 2.665 Thread 0x00000288ffb7e800 nmethod 467 0x00000288f37d5090 code [0x00000288f37d5220, 0x00000288f37d5738]
Event: 2.668 Thread 0x00000288ffb8e000  468       3       java.lang.ClassLoader::checkName (37 bytes)
Event: 2.669 Thread 0x00000288ffb8e000 nmethod 468 0x00000288ec326d10 code [0x00000288ec326f80, 0x00000288ec3279c0]
Event: 2.669 Thread 0x00000288ffb8e000  470   !   3       java.net.URL::<init> (543 bytes)
Event: 2.673 Thread 0x00000288ffb8e000 nmethod 470 0x00000288ec327d90 code [0x00000288ec328500, 0x00000288ec32e660]
Event: 2.673 Thread 0x00000288ffb8e000  469       3       java.net.URL::<init> (8 bytes)
Event: 2.673 Thread 0x00000288ffb8e000 nmethod 469 0x00000288ec330990 code [0x00000288ec330b40, 0x00000288ec330d10]
Event: 4.668 Thread 0x00000288ffb8e000  471 %     3       Ports.S_Port_64bits::waitForIncomingData @ 0 (13 bytes)
Event: 4.668 Thread 0x00000288ffb8e000 nmethod 471% 0x00000288ec330d90 code [0x00000288ec330f40, 0x00000288ec3311b8]
Event: 4.668 Thread 0x00000288ffb8e000  472       3       Ports.S_Port_64bits::waitForIncomingData (13 bytes)
Event: 4.669 Thread 0x00000288ffb8e000 nmethod 472 0x00000288ec331290 code [0x00000288ec331440, 0x00000288ec331678]
Event: 4.669 Thread 0x00000288ffb7e800  473 %     4       Ports.S_Port_64bits::waitForIncomingData @ 0 (13 bytes)
Event: 4.671 Thread 0x00000288ffb7e800 nmethod 473% 0x00000288f37d5a10 code [0x00000288f37d5ba0, 0x00000288f37d5c98]

GC Heap History (0 events):
No events

Deoptimization events (20 events):
Event: 4.670 Thread 0x00000288e2011000 DEOPT PACKING pc=0x00000288ec3310ce sp=0x000000e9fe5ff400
Event: 4.670 Thread 0x00000288e2011000 DEOPT UNPACKING pc=0x00000288ebd2964e sp=0x000000e9fe5fe8c0 mode 0
Event: 4.670 Thread 0x00000288e2011000 DEOPT PACKING pc=0x00000288ec3310ce sp=0x000000e9fe5ff400
Event: 4.670 Thread 0x00000288e2011000 DEOPT UNPACKING pc=0x00000288ebd2964e sp=0x000000e9fe5fe8c0 mode 0
Event: 4.670 Thread 0x00000288e2011000 DEOPT PACKING pc=0x00000288ec3310ce sp=0x000000e9fe5ff400
Event: 4.670 Thread 0x00000288e2011000 DEOPT UNPACKING pc=0x00000288ebd2964e sp=0x000000e9fe5fe8c0 mode 0
Event: 4.670 Thread 0x00000288e2011000 DEOPT PACKING pc=0x00000288ec3310ce sp=0x000000e9fe5ff400
Event: 4.670 Thread 0x00000288e2011000 DEOPT UNPACKING pc=0x00000288ebd2964e sp=0x000000e9fe5fe8c0 mode 0
Event: 4.670 Thread 0x00000288e2011000 DEOPT PACKING pc=0x00000288ec3310ce sp=0x000000e9fe5ff400
Event: 4.670 Thread 0x00000288e2011000 DEOPT UNPACKING pc=0x00000288ebd2964e sp=0x000000e9fe5fe8c0 mode 0
Event: 4.670 Thread 0x00000288e2011000 DEOPT PACKING pc=0x00000288ec3310ce sp=0x000000e9fe5ff400
Event: 4.670 Thread 0x00000288e2011000 DEOPT UNPACKING pc=0x00000288ebd2964e sp=0x000000e9fe5fe8c0 mode 0
Event: 4.671 Thread 0x00000288e2011000 DEOPT PACKING pc=0x00000288ec3310ce sp=0x000000e9fe5ff400
Event: 4.671 Thread 0x00000288e2011000 DEOPT UNPACKING pc=0x00000288ebd2964e sp=0x000000e9fe5fe8c0 mode 0
Event: 4.671 Thread 0x00000288e2011000 DEOPT PACKING pc=0x00000288ec3310ce sp=0x000000e9fe5ff400
Event: 4.671 Thread 0x00000288e2011000 DEOPT UNPACKING pc=0x00000288ebd2964e sp=0x000000e9fe5fe8c0 mode 0
Event: 4.671 Thread 0x00000288e2011000 DEOPT PACKING pc=0x00000288ec3310ce sp=0x000000e9fe5ff400
Event: 4.671 Thread 0x00000288e2011000 DEOPT UNPACKING pc=0x00000288ebd2964e sp=0x000000e9fe5fe8c0 mode 0
Event: 4.671 Thread 0x00000288e2011000 DEOPT PACKING pc=0x00000288ec3310ce sp=0x000000e9fe5ff400
Event: 4.671 Thread 0x00000288e2011000 DEOPT UNPACKING pc=0x00000288ebd2964e sp=0x000000e9fe5fe8c0 mode 0

Classes unloaded (0 events):
No events

Classes redefined (0 events):
No events

Internal exceptions (4 events):
Event: 1.228 Thread 0x00000288e2011000 Exception <a 'java/io/FileNotFoundException'{0x0000000710969500}> (0x0000000710969500) 
thrown [t:/workspace/open/src/hotspot/share/prims/jni.cpp, line 598]
Event: 1.434 Thread 0x00000288e2011000 Exception <a 'java/io/FileNotFoundException'{0x000000071097b1f0}> (0x000000071097b1f0) 
thrown [t:/workspace/open/src/hotspot/share/prims/jni.cpp, line 598]
Event: 1.437 Thread 0x00000288e2011000 Exception <a 'java/io/FileNotFoundException'{0x0000000710989880}> (0x0000000710989880) 
thrown [t:/workspace/open/src/hotspot/share/prims/jni.cpp, line 598]
Event: 1.641 Thread 0x00000288e2011000 Exception <a 'java/io/FileNotFoundException'{0x000000071099b090}> (0x000000071099b090) 
thrown [t:/workspace/open/src/hotspot/share/prims/jni.cpp, line 598]

Events (20 events):
Event: 2.650 loading class java/lang/IndexOutOfBoundsException
Event: 2.650 loading class java/lang/IndexOutOfBoundsException done
Event: 2.658 loading class gnu/io/RXTXPort$MonitorThread
Event: 2.658 loading class gnu/io/RXTXPort$MonitorThread done
Event: 2.659 Thread 0x00000288ffe96800 Thread added: 0x00000288ffe96800
Event: 2.665 Thread 0x00000288ffe97800 Thread added: 0x00000288ffe97800
Event: 2.665 loading class java/lang/StringCoding$StringEncoder
Event: 2.666 loading class java/lang/StringCoding$StringEncoder done
Event: 2.668 Executing VM operation: RevokeBias
Event: 2.668 Executing VM operation: RevokeBias done
Event: 2.668 Executing VM operation: RevokeBias
Event: 2.668 Executing VM operation: RevokeBias done
Event: 2.668 loading class gnu/io/SerialPortEvent
Event: 2.668 loading class gnu/io/SerialPortEvent done
Event: 2.669 Executing VM operation: RevokeBias
Event: 2.669 Executing VM operation: RevokeBias done
Event: 2.669 loading class java/util/EventObject
Event: 2.669 loading class java/util/EventObject done
Event: 2.669 Executing VM operation: RevokeBias
Event: 2.670 Executing VM operation: RevokeBias done


Dynamic libraries:
0x00007ff6ba3f0000 - 0x00007ff6ba3ff000 	C:\Program Files\Java\jdk-13.0.1\bin\javaw.exe
0x00007ff987fa0000 - 0x00007ff988190000 	C:\WINDOWS\SYSTEM32\ntdll.dll
0x00007ff987280000 - 0x00007ff987332000 	C:\WINDOWS\System32\KERNEL32.DLL
0x00007ff985a70000 - 0x00007ff985d15000 	C:\WINDOWS\System32\KERNELBASE.dll
0x00007ff9856b0000 - 0x00007ff9857aa000 	C:\WINDOWS\System32\ucrtbase.dll
0x00007ff97de70000 - 0x00007ff97de88000 	C:\Program Files\Java\jdk-13.0.1\bin\jli.dll
0x00007ff970c10000 - 0x00007ff970c25000 	C:\Program Files\Java\jdk-13.0.1\bin\VCRUNTIME140.dll
0x00007ff9865c0000 - 0x00007ff986663000 	C:\WINDOWS\System32\ADVAPI32.dll
0x00007ff986050000 - 0x00007ff9860ee000 	C:\WINDOWS\System32\msvcrt.dll
0x00007ff986100000 - 0x00007ff986197000 	C:\WINDOWS\System32\sechost.dll
0x00007ff986910000 - 0x00007ff986a30000 	C:\WINDOWS\System32\RPCRT4.dll
0x00007ff987510000 - 0x00007ff9876a4000 	C:\WINDOWS\System32\USER32.dll
0x00007ff985d20000 - 0x00007ff985d41000 	C:\WINDOWS\System32\win32u.dll
0x00007ff97da90000 - 0x00007ff97dd14000 	C:\WINDOWS\WinSxS\amd64_microsoft.windows.common-controls_6595b64144ccf1df_6.0.18362.1139_none_9e7bf2d3e4605ac6\COMCTL32.dll
0x00007ff986250000 - 0x00007ff986276000 	C:\WINDOWS\System32\GDI32.dll
0x00007ff985eb0000 - 0x00007ff986046000 	C:\WINDOWS\System32\gdi32full.dll
0x00007ff9876b0000 - 0x00007ff9879e5000 	C:\WINDOWS\System32\combase.dll
0x00007ff9859b0000 - 0x00007ff985a4e000 	C:\WINDOWS\System32\msvcp_win.dll
0x00007ff9857b0000 - 0x00007ff985830000 	C:\WINDOWS\System32\bcryptPrimitives.dll
0x00007ff980650000 - 0x00007ff98065a000 	C:\WINDOWS\SYSTEM32\VERSION.dll
0x00007ff9873b0000 - 0x00007ff9873de000 	C:\WINDOWS\System32\IMM32.DLL
0x00007ff961d90000 - 0x00007ff961e2b000 	C:\Program Files\Java\jdk-13.0.1\bin\msvcp140.dll
0x00007ff9357e0000 - 0x00007ff936346000 	C:\Program Files\Java\jdk-13.0.1\bin\server\jvm.dll
0x00007ff9860f0000 - 0x00007ff9860f8000 	C:\WINDOWS\System32\PSAPI.DLL
0x00007ff982cb0000 - 0x00007ff982cd4000 	C:\WINDOWS\SYSTEM32\WINMM.dll
0x00007ff982e10000 - 0x00007ff982e19000 	C:\WINDOWS\SYSTEM32\WSOCK32.dll
0x00007ff9879f0000 - 0x00007ff987a5f000 	C:\WINDOWS\System32\WS2_32.dll
0x00007ff982c80000 - 0x00007ff982cad000 	C:\WINDOWS\SYSTEM32\winmmbase.dll
0x00007ff985d50000 - 0x00007ff985d9a000 	C:\WINDOWS\System32\cfgmgr32.dll
0x00007ff984ec0000 - 0x00007ff984ed1000 	C:\WINDOWS\System32\kernel.appcore.dll
0x00007ff977dc0000 - 0x00007ff977dd0000 	C:\Program Files\Java\jdk-13.0.1\bin\verify.dll
0x00007ff974d80000 - 0x00007ff974f74000 	C:\WINDOWS\SYSTEM32\DBGHELP.DLL
0x00007ff974be0000 - 0x00007ff974c0a000 	C:\WINDOWS\SYSTEM32\dbgcore.DLL
0x00007ff972be0000 - 0x00007ff972c06000 	C:\Program Files\Java\jdk-13.0.1\bin\java.dll
0x00007ff970bd0000 - 0x00007ff970c08000 	C:\Program Files\Java\jdk-13.0.1\bin\jdwp.dll
0x00007ff97de60000 - 0x00007ff97de6e000 	C:\Program Files\Java\jdk-13.0.1\bin\instrument.dll
0x00007ff972bc0000 - 0x00007ff972bd7000 	C:\Program Files\Java\jdk-13.0.1\bin\zip.dll
0x00007ff975020000 - 0x00007ff97502a000 	C:\Program Files\Java\jdk-13.0.1\bin\jimage.dll
0x00007ff986b70000 - 0x00007ff987257000 	C:\WINDOWS\System32\SHELL32.dll
0x00007ff986510000 - 0x00007ff9865b9000 	C:\WINDOWS\System32\shcore.dll
0x00007ff984f30000 - 0x00007ff9856b0000 	C:\WINDOWS\System32\windows.storage.dll
0x00007ff984e70000 - 0x00007ff984e93000 	C:\WINDOWS\System32\profapi.dll
0x00007ff984ee0000 - 0x00007ff984f2a000 	C:\WINDOWS\System32\powrprof.dll
0x00007ff984e60000 - 0x00007ff984e70000 	C:\WINDOWS\System32\UMPDC.dll
0x00007ff986670000 - 0x00007ff9866c2000 	C:\WINDOWS\System32\shlwapi.dll
0x00007ff985a50000 - 0x00007ff985a67000 	C:\WINDOWS\System32\cryptsp.dll
0x00007ff974520000 - 0x00007ff97452b000 	C:\Program Files\Java\jdk-13.0.1\bin\dt_socket.dll
0x00007ff9846b0000 - 0x00007ff984717000 	C:\WINDOWS\system32\mswsock.dll
0x00007ff984400000 - 0x00007ff9844cb000 	C:\WINDOWS\SYSTEM32\DNSAPI.dll
0x00007ff987f50000 - 0x00007ff987f58000 	C:\WINDOWS\System32\NSI.dll
0x00007ff9843c0000 - 0x00007ff9843fa000 	C:\WINDOWS\SYSTEM32\IPHLPAPI.DLL
0x00000000600e0000 - 0x00000000600ea000 	C:\Program Files\National Instruments\Shared\mDNS Responder\nimdnsNSP.dll
0x00000000600d0000 - 0x00000000600e0000 	C:\WINDOWS\SYSTEM32\nimdnsResponder.dll
0x00007ff97b030000 - 0x00007ff97b03a000 	C:\Windows\System32\rasadhlp.dll
0x00007ff97e380000 - 0x00007ff97e3f7000 	C:\WINDOWS\System32\fwpuclnt.dll
0x00007ff985830000 - 0x00007ff985856000 	C:\WINDOWS\System32\bcrypt.dll
0x00007ff972ba0000 - 0x00007ff972bb9000 	C:\Program Files\Java\jdk-13.0.1\bin\net.dll
0x00007ff97c480000 - 0x00007ff97c570000 	C:\WINDOWS\SYSTEM32\WINHTTP.dll
0x00007ff972b80000 - 0x00007ff972b93000 	C:\Program Files\Java\jdk-13.0.1\bin\nio.dll
0x0000000180000000 - 0x0000000180025000 	C:\Program Files\Java\jdk-13.0.1\bin\rxtxSerial.dll

dbghelp: loaded successfully - version: 4.0.5 - missing functions: none
symbol engine: initialized successfully - sym options: 0x614 - pdb path: .;C:\Program Files\Java\jdk-13.0.1\bin;C:\WINDOWS\SYSTEM32;C:\WINDOWS\WinSxS\amd64_microsoft.windows.common-controls_6595b64144ccf1df_6.0.18362.1139_none_9e7bf2d3e4605ac6;C:\Program Files\Java\jdk-13.0.1\bin\server;C:\Program Files\National Instruments\Shared\mDNS Responder

VM Arguments:
jvm_args: -agentlib:jdwp=transport=dt_socket,suspend=y,address=localhost:51475 -javaagent:C:\Users\DavidS\eclipse\java-2019-09\eclipse\configuration\org.eclipse.osgi\229\0\.cp\lib\javaagent-shaded.jar -Dfile.encoding=Cp1252 
java_command: multimeters.Keithley2700_v4
java_class_path (initial): E:\repos\thermalCalibrations\KeithleyInstruments\bin;E:\repos\thermalCalibrations\ElectronicDevices\bin;E:\repos\thermalCalibrations\Comunicacion RS232;E:\repos\java_development_libraries\comms\serial\mfz-rxtx-2.2-20081207-win-x64\RXTXcomm.jar;E:\repos\java_development_libraries\comms\javacomm20-win32\commapi\comm.jar;E:\repos\thermalCalibrations\InstrumentInterfaces\target\classes;E:\repos\java_development_libraries\tratamiento de unidades de medida\jscience-4.3.1.jar;E:\repos\java_development_libraries\frameworks\quantity_v_0_9.jar
Launcher Type: SUN_STANDARD

[Global flags]
     intx CICompilerCount                          = 4                                         {product} {ergonomic}
     uint ConcGCThreads                            = 2                                         {product} {ergonomic}
     uint G1ConcRefinementThreads                  = 8                                         {product} {ergonomic}
   size_t G1HeapRegionSize                         = 1048576                                   {product} {ergonomic}
    uintx GCDrainStackTargetSize                   = 64                                        {product} {ergonomic}
   size_t InitialHeapSize                          = 268435456                                 {product} {ergonomic}
   size_t MarkStackSize                            = 4194304                                   {product} {ergonomic}
   size_t MaxHeapSize                              = 4280287232                                {product} {ergonomic}
   size_t MaxNewSize                               = 2567962624                                {product} {ergonomic}
   size_t MinHeapDeltaBytes                        = 1048576                                   {product} {ergonomic}
   size_t MinHeapSize                              = 8388608                                   {product} {ergonomic}
    uintx NonNMethodCodeHeapSize                   = 5836300                                {pd product} {ergonomic}
    uintx NonProfiledCodeHeapSize                  = 122910970                              {pd product} {ergonomic}
    uintx ProfiledCodeHeapSize                     = 122910970                              {pd product} {ergonomic}
    uintx ReservedCodeCacheSize                    = 251658240                              {pd product} {ergonomic}
     bool SegmentedCodeCache                       = true                                      {product} {ergonomic}
   size_t SoftMaxHeapSize                          = 4280287232                             {manageable} {ergonomic}
     bool UseCompressedClassPointers               = true                                 {lp64_product} {ergonomic}
     bool UseCompressedOops                        = true                                 {lp64_product} {ergonomic}
     bool UseG1GC                                  = true                                      {product} {ergonomic}
     bool UseLargePagesIndividualAllocation        = false                                  {pd product} {ergonomic}

Logging:
Log output configuration:
 #0: stdout all=warning uptime,level,tags
 #1: stderr all=off uptime,level,tags

Environment Variables:
PATH=C:/Program Files/Java/jdk-13.0.1/bin/server;C:/Program Files/Java/jdk-13.0.1/bin;C:\Program Files (x86)\davidsoft\;C:\Program Files (x86)\davidsoft\getPhones\app;C:\Python38-32;C:\Python38-32\Scripts;C:\Program Files (x86)\Common Files\Oracle\Java\javapath;C:\WINDOWS\system32;C:\WINDOWS;C:\WINDOWS\System32\Wbem;C:\WINDOWS\System32\WindowsPowerShell\v1.0\;C:\WINDOWS\System32\OpenSSH\;C:\Program Files\Git\cmd;C:\Program Files (x86)\davidsoft\getCIDOS.jar;C:\ProgramData\chocolatey\bin;C:\ProgramData\chocolatey\lib\chromedriver\tools;C:\Program Files (x86)\IVI Foundation\IVI\bin;C:\Program Files\IVI Foundation\IVI\bin;C:\Program Files (x86)\IVI Foundation\VISA\WinNT\Bin;C:\Program Files\IVI Foundation\VISA\Win64\Bin\;C:\Program Files (x86)\IVI Foundation\VISA\WinNT\Bin\;C:\Users\DavidS\AppData\Local\Microsoft\WindowsApps;C:\Program Files\Microsoft VS Code\bin;C:\Windows;
USERNAME=DavidS
OS=Windows_NT
PROCESSOR_IDENTIFIER=Intel64 Family 6 Model 60 Stepping 3, GenuineIntel



---------------  S Y S T E M  ---------------

OS: Windows 10 , 64 bit Build 18362 (10.0.18362.1110)

CPU:total 8 (initial active 8) (4 cores per cpu, 2 threads per core) family 6 model 60 stepping 3, cmov, cx8, fxsr, mmx, sse, sse2, sse3, ssse3, sse4.1, sse4.2, popcnt, avx, avx2, aes, clmul, erms, lzcnt, ht, tsc, tscinvbit, bmi1, bmi2, fma

Memory: 4k page, system-wide physical 16323M (9411M free)
TotalPageFile size 18755M (AvailPageFile size 10482M)
current process WorkingSet (physical memory assigned to process): 43M, peak: 45M
current process commit charge ("private bytes"): 350M, peak: 352M

vm_info: Java HotSpot(TM) 64-Bit Server VM (13.0.1+9) for windows-amd64 JRE (13.0.1+9), built on Oct  6 2019 12:37:49 by "mach5one" with unknown MS VC++:1916

END.
