#
# A fatal error has been detected by the Java Runtime Environment:
#
#  EXCEPTION_ACCESS_VIOLATION (0xc0000005) at pc=0x000000007110b5db, pid=10312, tid=0x0000000000000e4c
#
# JRE version: Java(TM) SE Runtime Environment (8.0_271-b09) (build 1.8.0_271-b09)
# Java VM: Java HotSpot(TM) 64-Bit Server VM (25.271-b09 mixed mode windows-amd64 compressed oops)
# Problematic frame:
# C  [jSSC-2.8_x86_64.dll+0xb5db]
#
# Failed to write core dump. Minidumps are not enabled by default on client versions of Windows
#
# If you would like to submit a bug report, please visit:
#   http://bugreport.java.com/bugreport/crash.jsp
# The crash happened outside the Java Virtual Machine in native code.
# See problematic frame for where to report the bug.
#

---------------  T H R E A D  ---------------

Current thread (0x000001a05b1a3000):  JavaThread "AWT-EventQueue-0" [_thread_in_native, id=3660, stack(0x000000140d600000,0x000000140d700000)]

siginfo: ExceptionCode=0xc0000005, reading address 0x000000005d04b5a0

Registers:
RAX=0x000000005d04b5a0, RBX=0x000000140d6fc590, RCX=0x00007ffab294bf74, RDX=0x0000000000000000
RSP=0x000000140d6fc520, RBP=0x000000140d6fc6a0, RSI=0x000001a05b1a31f8, RDI=0x000000000000067c
R8 =0x000000140d6fc418, R9 =0x000000140d6fc510, R10=0x0000000000000000, R11=0x0000000000000246
R12=0x000000140d6fc758, R13=0x000001a05f79ebb0, R14=0x000000140d6fc650, R15=0x000001a05b1a3000
RIP=0x000000007110b5db, EFLAGS=0x0000000000010202

Top of Stack: (sp=0x000000140d6fc520)
0x000000140d6fc520:   000001a05f759630 000001a05f79e880
0x000000140d6fc530:   000000007110b230 000001a045180000
0x000000140d6fc540:   000001a045140000 0000000000000004
0x000000140d6fc550:   000001a05b1a31f8 000000000000067c
0x000000140d6fc560:   000000140d6fc6a0 0000000071112590
0x000000140d6fc570:   000001a05b1a3000 000000140d6fc650
0x000000140d6fc580:   000001a05f79ebb0 000000140d6fc758
0x000000140d6fc590:   000001a05f79ebb0 00007ffab28c5d21
0x000000140d6fc5a0:   000000140d6fc5d0 000001a045180000
0x000000140d6fc5b0:   000000140d6fc6a0 0000000000000000
0x000000140d6fc5c0:   0000000071113500 0000000071113be8
0x000000140d6fc5d0:   000000140d6fc600 0000000071112641
0x000000140d6fc5e0:   000000140d6fc570 000001a05b1a31f8
0x000000140d6fc5f0:   0000000000000000 0000000000000000
0x000000140d6fc600:   000000140d6fc6a0 0000000071101595
0x000000140d6fc610:   000000000000001c 000001a000000000 

Instructions: (pc=0x000000007110b5db)
0x000000007110b5bb:   c5 0f 1f 40 00 55 57 56 53 48 83 ec 28 48 8b 05
0x000000007110b5cb:   39 33 01 00 48 89 cb 48 85 c0 0f 84 c5 00 00 00
0x000000007110b5db:   8b 38 85 ff 0f 88 ab 00 00 00 48 8b 05 1c 33 01
0x000000007110b5eb:   00 48 85 c0 0f 84 bc 00 00 00 8b 30 85 f6 74 57 


Register to memory mapping:

RAX=0x000000005d04b5a0 is an unknown value
RBX=0x000000140d6fc590 is pointing into the stack for thread: 0x000001a05b1a3000
RCX=0x00007ffab294bf74 is an unknown value
RDX=0x0000000000000000 is an unknown value
RSP=0x000000140d6fc520 is pointing into the stack for thread: 0x000001a05b1a3000
RBP=0x000000140d6fc6a0 is pointing into the stack for thread: 0x000001a05b1a3000
RSI=0x000001a05b1a31f8 is an unknown value
RDI=0x000000000000067c is an unknown value
R8 =0x000000140d6fc418 is pointing into the stack for thread: 0x000001a05b1a3000
R9 =0x000000140d6fc510 is pointing into the stack for thread: 0x000001a05b1a3000
R10=0x0000000000000000 is an unknown value
R11=0x0000000000000246 is an unknown value
R12=0x000000140d6fc758 is pointing into the stack for thread: 0x000001a05b1a3000
R13=0x000001a05f79ebb0 is an unknown value
R14=0x000000140d6fc650 is pointing into the stack for thread: 0x000001a05b1a3000
R15=0x000001a05b1a3000 is a thread


Stack: [0x000000140d600000,0x000000140d700000],  sp=0x000000140d6fc520,  free space=1009k
Native frames: (J=compiled Java code, j=interpreted, Vv=VM code, C=native code)
C  [jSSC-2.8_x86_64.dll+0xb5db]
C  [jSSC-2.8_x86_64.dll+0x12590]
C  [jSSC-2.8_x86_64.dll+0x1595]
C  0x000001a046c39f4e

Java frames: (J=compiled Java code, j=interpreted, Vv=VM code)
j  jssc.SerialNativeInterface.openPort(Ljava/lang/String;Z)J+0
j  jssc.SerialPort.openPort()Z+65
j  com.intelligt.modbus.jlibmodbus.serial.SerialPortJSSC.open()V+4
j  com.intelligt.modbus.jlibmodbus.net.ModbusConnectionSerial.openImpl()V+11
j  com.intelligt.modbus.jlibmodbus.net.ModbusConnection.open()V+1
j  com.intelligt.modbus.jlibmodbus.master.ModbusMaster.connectImpl()V+4
j  com.intelligt.modbus.jlibmodbus.master.ModbusMaster.connect()V+8
j  Ovens.Eurotherm2404_v5.createModBusMaster(Lcom/intelligt/modbus/jlibmodbus/serial/SerialParameters;Lcom/intelligt/modbus/jlibmodbus/Modbus$LogLevel;)Lcom/intelligt/modbus/jlibmodbus/master/ModbusMaster;+10
j  actions.RunCalibrationSetUp_Action.createInstruments()I+94
j  actions.RunCalibrationSetUp_Action.execute(Lcontroller/ActionRequest;)Z+81
j  Main.Calibration_MainController.doAction(Lcontroller/ActionRequest;)V+33
j  views.CalibrationSetUp_MainScreen_JFrame.actionPerformed(Ljava/awt/event/ActionEvent;)V+18
j  javax.swing.AbstractButton.fireActionPerformed(Ljava/awt/event/ActionEvent;)V+83
j  javax.swing.AbstractButton$Handler.actionPerformed(Ljava/awt/event/ActionEvent;)V+5
j  javax.swing.DefaultButtonModel.fireActionPerformed(Ljava/awt/event/ActionEvent;)V+34
j  javax.swing.DefaultButtonModel.setPressed(Z)V+117
j  javax.swing.AbstractButton.doClick(I)V+64
j  javax.swing.plaf.basic.BasicMenuItemUI.doClick(Ljavax/swing/MenuSelectionManager;)V+53
j  javax.swing.plaf.basic.BasicMenuItemUI$Handler.mouseReleased(Ljava/awt/event/MouseEvent;)V+76
j  java.awt.Component.processMouseEvent(Ljava/awt/event/MouseEvent;)V+64
j  javax.swing.JComponent.processMouseEvent(Ljava/awt/event/MouseEvent;)V+23
j  java.awt.Component.processEvent(Ljava/awt/AWTEvent;)V+81
j  java.awt.Container.processEvent(Ljava/awt/AWTEvent;)V+18
j  java.awt.Component.dispatchEventImpl(Ljava/awt/AWTEvent;)V+589
j  java.awt.Container.dispatchEventImpl(Ljava/awt/AWTEvent;)V+42
j  java.awt.Component.dispatchEvent(Ljava/awt/AWTEvent;)V+2
j  java.awt.LightweightDispatcher.retargetMouseEvent(Ljava/awt/Component;ILjava/awt/event/MouseEvent;)V+349
j  java.awt.LightweightDispatcher.processMouseEvent(Ljava/awt/event/MouseEvent;)Z+155
j  java.awt.LightweightDispatcher.dispatchEvent(Ljava/awt/AWTEvent;)Z+50
j  java.awt.Container.dispatchEventImpl(Ljava/awt/AWTEvent;)V+12
j  java.awt.Window.dispatchEventImpl(Ljava/awt/AWTEvent;)V+19
j  java.awt.Component.dispatchEvent(Ljava/awt/AWTEvent;)V+2
j  java.awt.EventQueue.dispatchEventImpl(Ljava/awt/AWTEvent;Ljava/lang/Object;)V+41
j  java.awt.EventQueue.access$500(Ljava/awt/EventQueue;Ljava/awt/AWTEvent;Ljava/lang/Object;)V+3
j  java.awt.EventQueue$3.run()Ljava/lang/Void;+32
j  java.awt.EventQueue$3.run()Ljava/lang/Object;+1
v  ~StubRoutines::call_stub
J 472  java.security.AccessController.doPrivileged(Ljava/security/PrivilegedAction;Ljava/security/AccessControlContext;)Ljava/lang/Object; (0 bytes) @ 0x000001a046e2a926 [0x000001a046e2a8c0+0x66]
J 491 C1 java.security.ProtectionDomain$JavaSecurityAccessImpl.doIntersectionPrivilege(Ljava/security/PrivilegedAction;Ljava/security/AccessControlContext;Ljava/security/AccessControlContext;)Ljava/lang/Object; (22 bytes) @ 0x000001a046e31eec [0x000001a046e31a80+0x46c]
j  java.security.ProtectionDomain$JavaSecurityAccessImpl.doIntersectionPrivilege(Ljava/security/PrivilegedAction;Ljava/security/AccessControlContext;)Ljava/lang/Object;+6
j  java.awt.EventQueue$4.run()Ljava/lang/Void;+11
j  java.awt.EventQueue$4.run()Ljava/lang/Object;+1
v  ~StubRoutines::call_stub
J 472  java.security.AccessController.doPrivileged(Ljava/security/PrivilegedAction;Ljava/security/AccessControlContext;)Ljava/lang/Object; (0 bytes) @ 0x000001a046e2a926 [0x000001a046e2a8c0+0x66]
J 548 C1 java.awt.EventQueue.dispatchEvent(Ljava/awt/AWTEvent;)V (80 bytes) @ 0x000001a046e494bc [0x000001a046e48640+0xe7c]
J 553 C1 java.awt.EventDispatchThread.pumpOneEventForFilters(I)V (190 bytes) @ 0x000001a046e5004c [0x000001a046e4ef00+0x114c]
j  java.awt.EventDispatchThread.pumpEventsForFilter(ILjava/awt/Conditional;Ljava/awt/EventFilter;)V+35
j  java.awt.EventDispatchThread.pumpEventsForHierarchy(ILjava/awt/Conditional;Ljava/awt/Component;)V+11
j  java.awt.EventDispatchThread.pumpEvents(ILjava/awt/Conditional;)V+4
j  java.awt.EventDispatchThread.pumpEvents(Ljava/awt/Conditional;)V+3
j  java.awt.EventDispatchThread.run()V+9
v  ~StubRoutines::call_stub

---------------  P R O C E S S  ---------------

Java Threads: ( => current thread )
  0x000001a05f831800 JavaThread "Thread-4" [_thread_blocked, id=704, stack(0x000000140e500000,0x000000140e600000)]
  0x000001a05f832000 JavaThread "Thread-3" [_thread_in_native, id=16104, stack(0x000000140df00000,0x000000140e000000)]
  0x000001a05bf16800 JavaThread "TimerQueue" daemon [_thread_blocked, id=10624, stack(0x000000140e400000,0x000000140e500000)]
  0x000001a05bb25000 JavaThread "Swing-Shell" daemon [_thread_blocked, id=6480, stack(0x000000140e100000,0x000000140e200000)]
  0x000001a05bad4800 JavaThread "D3D Screen Updater" daemon [_thread_blocked, id=8904, stack(0x000000140e000000,0x000000140e100000)]
  0x000001a0451b2000 JavaThread "DestroyJavaVM" [_thread_blocked, id=8932, stack(0x000000140bf00000,0x000000140c000000)]
=>0x000001a05b1a3000 JavaThread "AWT-EventQueue-0" [_thread_in_native, id=3660, stack(0x000000140d600000,0x000000140d700000)]
  0x000001a05b192000 JavaThread "AWT-Windows" daemon [_thread_in_native, id=10892, stack(0x000000140d500000,0x000000140d600000)]
  0x000001a05b18b000 JavaThread "AWT-Shutdown" [_thread_blocked, id=5764, stack(0x000000140d400000,0x000000140d500000)]
  0x000001a05b18a800 JavaThread "Java2D Disposer" daemon [_thread_blocked, id=11496, stack(0x000000140d300000,0x000000140d400000)]
  0x000001a05ade8800 JavaThread "Service Thread" daemon [_thread_blocked, id=12088, stack(0x000000140d100000,0x000000140d200000)]
  0x000001a059a21000 JavaThread "C1 CompilerThread3" daemon [_thread_blocked, id=3048, stack(0x000000140d000000,0x000000140d100000)]
  0x000001a059a1b000 JavaThread "C2 CompilerThread2" daemon [_thread_blocked, id=16976, stack(0x000000140cf00000,0x000000140d000000)]
  0x000001a059a17000 JavaThread "C2 CompilerThread1" daemon [_thread_blocked, id=6768, stack(0x000000140ce00000,0x000000140cf00000)]
  0x000001a059a14000 JavaThread "C2 CompilerThread0" daemon [_thread_blocked, id=6364, stack(0x000000140cd00000,0x000000140ce00000)]
  0x000001a059a12000 JavaThread "Attach Listener" daemon [_thread_blocked, id=3932, stack(0x000000140cc00000,0x000000140cd00000)]
  0x000001a059a11000 JavaThread "Signal Dispatcher" daemon [_thread_blocked, id=8368, stack(0x000000140cb00000,0x000000140cc00000)]
  0x000001a0599ea800 JavaThread "Finalizer" daemon [_thread_blocked, id=3824, stack(0x000000140ca00000,0x000000140cb00000)]
  0x000001a0599c9000 JavaThread "Reference Handler" daemon [_thread_blocked, id=1732, stack(0x000000140c900000,0x000000140ca00000)]

Other Threads:
  0x000001a0599c4000 VMThread [stack: 0x000000140c800000,0x000000140c900000] [id=12028]
  0x000001a059a9b000 WatcherThread [stack: 0x000000140d200000,0x000000140d300000] [id=11140]

VM state:not at safepoint (normal execution)

VM Mutex/Monitor currently owned by a thread: None

heap address: 0x00000000c0a00000, size: 1014 MB, Compressed Oops mode: 32-bit
Narrow klass base: 0x0000000000000000, Narrow klass shift: 3
Compressed class space size: 1073741824 Address: 0x0000000100000000

Heap:
 PSYoungGen      total 18944K, used 7755K [0x00000000eae00000, 0x00000000ec300000, 0x0000000100000000)
  eden space 16384K, 31% used [0x00000000eae00000,0x00000000eb31ad28,0x00000000ebe00000)
  from space 2560K, 98% used [0x00000000ebe00000,0x00000000ec078030,0x00000000ec080000)
  to   space 2560K, 0% used [0x00000000ec080000,0x00000000ec080000,0x00000000ec300000)
 ParOldGen       total 44032K, used 453K [0x00000000c0a00000, 0x00000000c3500000, 0x00000000eae00000)
  object space 44032K, 1% used [0x00000000c0a00000,0x00000000c0a71430,0x00000000c3500000)
 Metaspace       used 16243K, capacity 16492K, committed 16640K, reserved 1062912K
  class space    used 2136K, capacity 2269K, committed 2304K, reserved 1048576K

Card table byte_map: [0x000001a055fe0000,0x000001a0561e0000] byte_map_base: 0x000001a0559db000

Marking Bits: (ParMarkBitMap*) 0x0000000063187fe0
 Begin Bits: [0x000001a056340000, 0x000001a057318000)
 End Bits:   [0x000001a057318000, 0x000001a0582f0000)

Polling page: 0x000001a0453e0000

CodeCache: size=245760Kb used=5727Kb max_used=5740Kb free=240032Kb
 bounds [0x000001a046c20000, 0x000001a0471c0000, 0x000001a055c20000]
 total_blobs=2342 nmethods=1798 adapters=456
 compilation: enabled

Compilation events (10 events):
Event: 26.361 Thread 0x000001a059a14000 nmethod 1799 0x000001a0471b8e90 code [0x000001a0471b8fe0, 0x000001a0471b94d8]
Event: 26.361 Thread 0x000001a059a21000 1806  s    3       sun.misc.URLClassPath::getLookupCache (98 bytes)
Event: 26.362 Thread 0x000001a059a21000 nmethod 1806 0x000001a0471b8610 code [0x000001a0471b87a0, 0x000001a0471b8d20]
Event: 26.363 Thread 0x000001a059a21000 1807       3       java.net.URL::toString (5 bytes)
Event: 26.363 Thread 0x000001a059a21000 nmethod 1807 0x000001a0471b3350 code [0x000001a0471b34c0, 0x000001a0471b37b0]
Event: 26.363 Thread 0x000001a059a21000 1808       3       java.net.URL::toExternalForm (9 bytes)
Event: 26.363 Thread 0x000001a059a17000 1809       4       sun.net.www.ParseUtil::encodePath (336 bytes)
Event: 26.364 Thread 0x000001a059a21000 nmethod 1808 0x000001a0471b8190 code [0x000001a0471b8300, 0x000001a0471b8530]
Event: 26.364 Thread 0x000001a059a21000 1810       3       java.nio.charset.CharsetDecoder::maxCharsPerByte (5 bytes)
Event: 26.364 Thread 0x000001a059a21000 nmethod 1810 0x000001a0471b7e50 code [0x000001a0471b7fa0, 0x000001a0471b80f8]

GC Heap History (2 events):
Event: 22.890 GC heap before
{Heap before GC invocations=1 (full 0):
 PSYoungGen      total 18944K, used 16384K [0x00000000eae00000, 0x00000000ec300000, 0x0000000100000000)
  eden space 16384K, 100% used [0x00000000eae00000,0x00000000ebe00000,0x00000000ebe00000)
  from space 2560K, 0% used [0x00000000ec080000,0x00000000ec080000,0x00000000ec300000)
  to   space 2560K, 0% used [0x00000000ebe00000,0x00000000ebe00000,0x00000000ec080000)
 ParOldGen       total 44032K, used 0K [0x00000000c0a00000, 0x00000000c3500000, 0x00000000eae00000)
  object space 44032K, 0% used [0x00000000c0a00000,0x00000000c0a00000,0x00000000c3500000)
 Metaspace       used 15578K, capacity 15848K, committed 16000K, reserved 1062912K
  class space    used 2054K, capacity 2137K, committed 2176K, reserved 1048576K
Event: 22.911 GC heap after
Heap after GC invocations=1 (full 0):
 PSYoungGen      total 18944K, used 2528K [0x00000000eae00000, 0x00000000ec300000, 0x0000000100000000)
  eden space 16384K, 0% used [0x00000000eae00000,0x00000000eae00000,0x00000000ebe00000)
  from space 2560K, 98% used [0x00000000ebe00000,0x00000000ec078030,0x00000000ec080000)
  to   space 2560K, 0% used [0x00000000ec080000,0x00000000ec080000,0x00000000ec300000)
 ParOldGen       total 44032K, used 453K [0x00000000c0a00000, 0x00000000c3500000, 0x00000000eae00000)
  object space 44032K, 1% used [0x00000000c0a00000,0x00000000c0a71430,0x00000000c3500000)
 Metaspace       used 15578K, capacity 15848K, committed 16000K, reserved 1062912K
  class space    used 2054K, capacity 2137K, committed 2176K, reserved 1048576K
}

Deoptimization events (5 events):
Event: 2.758 Thread 0x000001a05b1a3000 Uncommon trap: reason=class_check action=maybe_recompile pc=0x000001a046d93760 method=java.lang.String.equals(Ljava/lang/Object;)Z @ 8
Event: 2.758 Thread 0x000001a05b1a3000 Uncommon trap: reason=class_check action=maybe_recompile pc=0x000001a046d93760 method=java.lang.String.equals(Ljava/lang/Object;)Z @ 8
Event: 2.759 Thread 0x000001a05b1a3000 Uncommon trap: reason=class_check action=maybe_recompile pc=0x000001a046d93760 method=java.lang.String.equals(Ljava/lang/Object;)Z @ 8
Event: 5.110 Thread 0x000001a05b1a3000 Uncommon trap: reason=class_check action=maybe_recompile pc=0x000001a046d93760 method=java.lang.String.equals(Ljava/lang/Object;)Z @ 8
Event: 26.321 Thread 0x000001a05b1a3000 Uncommon trap: reason=unstable_if action=reinterpret pc=0x000001a046fa2b7c method=java.lang.String.indexOf([CII[CIII)I @ 3

Classes redefined (0 events):
No events

Internal exceptions (10 events):
Event: 0.097 Thread 0x000001a0451b2000 Exception <a 'java/security/PrivilegedActionException'> (0x00000000eae9b138) thrown at [C:\jenkins\workspace\8-2-build-windows-amd64-cygwin\jdk8u271\605\hotspot\src\share\vm\prims\jvm.cpp, line 1512]
Event: 0.154 Thread 0x000001a0451b2000 Exception <a 'java/io/FileNotFoundException'> (0x00000000eae9df90) thrown at [C:\jenkins\workspace\8-2-build-windows-amd64-cygwin\jdk8u271\605\hotspot\src\share\vm\prims\jni.cpp, line 710]
Event: 0.201 Thread 0x000001a0451b2000 Exception <a 'java/lang/NoSuchFieldError': method resolution failed> (0x00000000eafc0b50) thrown at [C:\jenkins\workspace\8-2-build-windows-amd64-cygwin\jdk8u271\605\hotspot\src\share\vm\prims\methodHandles.cpp, line 1169]
Event: 0.203 Thread 0x000001a0451b2000 Exception <a 'java/lang/NoSuchFieldError': method resolution failed> (0x00000000eafcdf20) thrown at [C:\jenkins\workspace\8-2-build-windows-amd64-cygwin\jdk8u271\605\hotspot\src\share\vm\prims\methodHandles.cpp, line 1169]
Event: 0.278 Thread 0x000001a05b1a3000 Exception <a 'java/io/FileNotFoundException'> (0x00000000eb0fbb90) thrown at [C:\jenkins\workspace\8-2-build-windows-amd64-cygwin\jdk8u271\605\hotspot\src\share\vm\prims\jni.cpp, line 710]
Event: 3.643 Thread 0x000001a05b1a3000 Exception <a 'java/lang/NullPointerException'> (0x00000000eb39e050) thrown at [C:\jenkins\workspace\8-2-build-windows-amd64-cygwin\jdk8u271\605\hotspot\src\share\vm\interpreter\linkResolver.cpp, line 1185]
Event: 24.117 Thread 0x000001a05b1a3000 Exception <a 'java/io/FileNotFoundException'> (0x00000000eafe6c48) thrown at [C:\jenkins\workspace\8-2-build-windows-amd64-cygwin\jdk8u271\605\hotspot\src\share\vm\prims\jni.cpp, line 710]
Event: 24.427 Thread 0x000001a05b1a3000 Exception <a 'java/io/FileNotFoundException'> (0x00000000eaffd728) thrown at [C:\jenkins\workspace\8-2-build-windows-amd64-cygwin\jdk8u271\605\hotspot\src\share\vm\prims\jni.cpp, line 710]
Event: 24.429 Thread 0x000001a05b1a3000 Exception <a 'java/io/FileNotFoundException'> (0x00000000eb0143a0) thrown at [C:\jenkins\workspace\8-2-build-windows-amd64-cygwin\jdk8u271\605\hotspot\src\share\vm\prims\jni.cpp, line 710]
Event: 24.720 Thread 0x000001a05b1a3000 Exception <a 'java/io/FileNotFoundException'> (0x00000000eb02a970) thrown at [C:\jenkins\workspace\8-2-build-windows-amd64-cygwin\jdk8u271\605\hotspot\src\share\vm\prims\jni.cpp, line 710]

Events (10 events):
Event: 26.364 loading class com/intelligt/modbus/jlibmodbus/utils/ByteFifo
Event: 26.364 loading class com/intelligt/modbus/jlibmodbus/utils/ByteFifo done
Event: 26.364 loading class com/intelligt/modbus/jlibmodbus/utils/ByteFifo$ByteArrayOutputStream
Event: 26.364 loading class com/intelligt/modbus/jlibmodbus/utils/ByteFifo$ByteArrayOutputStream done
Event: 26.365 loading class com/intelligt/modbus/jlibmodbus/utils/ModbusExceptionCode
Event: 26.365 loading class com/intelligt/modbus/jlibmodbus/utils/ModbusExceptionCode done
Event: 26.365 loading class com/intelligt/modbus/jlibmodbus/utils/ModbusFunctionCode
Event: 26.365 loading class com/intelligt/modbus/jlibmodbus/utils/ModbusFunctionCode done
Event: 26.366 loading class com/intelligt/modbus/jlibmodbus/data/CommStatus
Event: 26.366 loading class com/intelligt/modbus/jlibmodbus/data/CommStatus done


Dynamic libraries:
0x00007ff781940000 - 0x00007ff781987000 	C:\Program Files\Java\jre1.8.0_271\bin\javaw.exe
0x00007ffab28b0000 - 0x00007ffab2aa6000 	C:\WINDOWS\SYSTEM32\ntdll.dll
0x00007ffab1f60000 - 0x00007ffab201d000 	C:\WINDOWS\System32\KERNEL32.DLL
0x00007ffab0290000 - 0x00007ffab0558000 	C:\WINDOWS\System32\KERNELBASE.dll
0x00007ffab1550000 - 0x00007ffab15fa000 	C:\WINDOWS\System32\ADVAPI32.dll
0x00007ffab1dc0000 - 0x00007ffab1e5e000 	C:\WINDOWS\System32\msvcrt.dll
0x00007ffab2050000 - 0x00007ffab20eb000 	C:\WINDOWS\System32\sechost.dll
0x00007ffab13c0000 - 0x00007ffab14e4000 	C:\WINDOWS\System32\RPCRT4.dll
0x00007ffab20f0000 - 0x00007ffab2290000 	C:\WINDOWS\System32\USER32.dll
0x00007ffab08f0000 - 0x00007ffab0912000 	C:\WINDOWS\System32\win32u.dll
0x00007ffab0b80000 - 0x00007ffab0baa000 	C:\WINDOWS\System32\GDI32.dll
0x00007ffab06c0000 - 0x00007ffab07c9000 	C:\WINDOWS\System32\gdi32full.dll
0x00007ffab0800000 - 0x00007ffab089d000 	C:\WINDOWS\System32\msvcp_win.dll
0x00007ffab0190000 - 0x00007ffab0290000 	C:\WINDOWS\System32\ucrtbase.dll
0x00007ffaa05c0000 - 0x00007ffaa085b000 	C:\WINDOWS\WinSxS\amd64_microsoft.windows.common-controls_6595b64144ccf1df_6.0.19041.488_none_ca04af081b815d21\COMCTL32.dll
0x00007ffab1390000 - 0x00007ffab13c0000 	C:\WINDOWS\System32\IMM32.DLL
0x00007ffaad3a0000 - 0x00007ffaad3b5000 	C:\Program Files\Java\jre1.8.0_271\bin\vcruntime140.dll
0x00007ffaab720000 - 0x00007ffaab7bb000 	C:\Program Files\Java\jre1.8.0_271\bin\msvcp140.dll
0x0000000062990000 - 0x00000000631ff000 	C:\Program Files\Java\jre1.8.0_271\bin\server\jvm.dll
0x00007ffab2040000 - 0x00007ffab2048000 	C:\WINDOWS\System32\PSAPI.DLL
0x00007ffaad330000 - 0x00007ffaad339000 	C:\WINDOWS\SYSTEM32\WSOCK32.dll
0x00007ffaa9770000 - 0x00007ffaa977a000 	C:\WINDOWS\SYSTEM32\VERSION.dll
0x00007ffab1ef0000 - 0x00007ffab1f5b000 	C:\WINDOWS\System32\WS2_32.dll
0x00007ffaa8300000 - 0x00007ffaa8327000 	C:\WINDOWS\SYSTEM32\WINMM.dll
0x00007ffaadf70000 - 0x00007ffaadf82000 	C:\WINDOWS\SYSTEM32\kernel.appcore.dll
0x00007ffaad300000 - 0x00007ffaad310000 	C:\Program Files\Java\jre1.8.0_271\bin\verify.dll
0x00007ffaab6f0000 - 0x00007ffaab71b000 	C:\Program Files\Java\jre1.8.0_271\bin\java.dll
0x00007ffaad2e0000 - 0x00007ffaad2f8000 	C:\Program Files\Java\jre1.8.0_271\bin\zip.dll
0x00007ffab1680000 - 0x00007ffab1dc0000 	C:\WINDOWS\System32\SHELL32.dll
0x00007ffaae170000 - 0x00007ffaae904000 	C:\WINDOWS\SYSTEM32\windows.storage.dll
0x00007ffab0bb0000 - 0x00007ffab0f05000 	C:\WINDOWS\System32\combase.dll
0x00007ffaafa70000 - 0x00007ffaafa9c000 	C:\WINDOWS\SYSTEM32\Wldp.dll
0x00007ffab2690000 - 0x00007ffab273e000 	C:\WINDOWS\System32\SHCORE.dll
0x00007ffab2420000 - 0x00007ffab2475000 	C:\WINDOWS\System32\shlwapi.dll
0x00007ffaaff30000 - 0x00007ffaaff56000 	C:\WINDOWS\SYSTEM32\profapi.dll
0x00007ffa7c140000 - 0x00007ffa7c2d4000 	C:\Program Files\Java\jre1.8.0_271\bin\awt.dll
0x00007ffab0a40000 - 0x00007ffab0b0d000 	C:\WINDOWS\System32\OLEAUT32.dll
0x00007ffaad8e0000 - 0x00007ffaad970000 	C:\WINDOWS\SYSTEM32\apphelp.dll
0x00007ffaada90000 - 0x00007ffaadb2f000 	C:\WINDOWS\system32\uxtheme.dll
0x00007ffab0920000 - 0x00007ffab0a35000 	C:\WINDOWS\System32\MSCTF.dll
0x00007ffab2740000 - 0x00007ffab286a000 	C:\WINDOWS\System32\ole32.dll
0x00007ffab00b0000 - 0x00007ffab012f000 	C:\WINDOWS\System32\bcryptPrimitives.dll
0x00007ffaadc80000 - 0x00007ffaadcaf000 	C:\WINDOWS\system32\DWMAPI.DLL
0x00007ffa7bbb0000 - 0x00007ffa7bcd5000 	C:\WINDOWS\system32\opengl32.dll
0x00007ffa9ef90000 - 0x00007ffa9efbc000 	C:\WINDOWS\SYSTEM32\GLU32.dll
0x00007ffa7c630000 - 0x00007ffa7c7fe000 	C:\WINDOWS\system32\d3d9.dll
0x00007ffaa9930000 - 0x00007ffaa9a97000 	C:\WINDOWS\SYSTEM32\aticfx64.dll
0x00007ffa8c3b0000 - 0x00007ffa8c3d1000 	C:\WINDOWS\SYSTEM32\atiu9p64.dll
0x00007ffa6d390000 - 0x00007ffa6dbe9000 	C:\WINDOWS\SYSTEM32\atiumd64.dll
0x0000000063200000 - 0x0000000063a88000 	C:\WINDOWS\SYSTEM32\atiumd6a.dll
0x00007ffaafa20000 - 0x00007ffaafa6b000 	C:\WINDOWS\SYSTEM32\POWRPROF.dll
0x00007ffaafa00000 - 0x00007ffaafa12000 	C:\WINDOWS\SYSTEM32\UMPDC.dll
0x00007ffa9ef40000 - 0x00007ffa9ef89000 	C:\Program Files\Java\jre1.8.0_271\bin\fontmanager.dll
0x00007ffaa8190000 - 0x00007ffaa81ac000 	C:\Program Files\Java\jre1.8.0_271\bin\net.dll
0x00007ffaaf720000 - 0x00007ffaaf78a000 	C:\WINDOWS\system32\mswsock.dll
0x00007ffaa8170000 - 0x00007ffaa8183000 	C:\Program Files\Java\jre1.8.0_271\bin\nio.dll
0x00007ffa9c870000 - 0x00007ffa9c8b3000 	C:\Program Files\Java\jre1.8.0_271\bin\t2k.dll
0x00007ffaa4b10000 - 0x00007ffaa4c0c000 	C:\WINDOWS\SYSTEM32\textinputframework.dll
0x00007ffaacef0000 - 0x00007ffaad24e000 	C:\WINDOWS\System32\CoreUIComponents.dll
0x00007ffaad6b0000 - 0x00007ffaad7a2000 	C:\WINDOWS\System32\CoreMessaging.dll
0x00007ffaabf10000 - 0x00007ffaac066000 	C:\WINDOWS\SYSTEM32\wintypes.dll
0x00007ffaaed40000 - 0x00007ffaaed73000 	C:\WINDOWS\SYSTEM32\ntmarta.dll
0x00007ffaaaac0000 - 0x00007ffaaab6e000 	C:\WINDOWS\SYSTEM32\mscms.dll
0x00007ffaafeb0000 - 0x00007ffaafede000 	C:\WINDOWS\SYSTEM32\USERENV.dll
0x00007ffaaaaa0000 - 0x00007ffaaaab1000 	C:\WINDOWS\SYSTEM32\ColorAdapterClient.dll
0x00007ffa9a2e0000 - 0x00007ffa9a323000 	C:\WINDOWS\SYSTEM32\icm32.dll
0x00007ffa8ed30000 - 0x00007ffa8ede0000 	C:\WINDOWS\WinSxS\amd64_microsoft.windows.common-controls_6595b64144ccf1df_5.82.19041.488_none_4238de57f6b64d28\comctl32.dll
0x00007ffab2370000 - 0x00007ffab2419000 	C:\WINDOWS\System32\clbcatq.dll
0x00007ffaabc20000 - 0x00007ffaabd17000 	C:\WINDOWS\SYSTEM32\PROPSYS.dll
0x00007ffaa81b0000 - 0x00007ffaa81c7000 	C:\WINDOWS\system32\NetworkExplorer.dll
0x00007ffab08a0000 - 0x00007ffab08ee000 	C:\WINDOWS\System32\CFGMGR32.dll
0x00007ffa99730000 - 0x00007ffa9974d000 	C:\WINDOWS\SYSTEM32\MPR.dll
0x00007ffaad390000 - 0x00007ffaad39b000 	C:\WINDOWS\System32\drprov.dll
0x00007ffaaf9a0000 - 0x00007ffaaf9fa000 	C:\WINDOWS\System32\WINSTA.dll
0x00007ffaabd80000 - 0x00007ffaabd98000 	C:\WINDOWS\System32\ntlanman.dll
0x00007ffaa81d0000 - 0x00007ffaa81ee000 	C:\WINDOWS\System32\davclnt.dll
0x00007ffaad380000 - 0x00007ffaad38d000 	C:\WINDOWS\System32\DAVHLPR.dll
0x00007ffaaf1e0000 - 0x00007ffaaf1f7000 	C:\WINDOWS\System32\wkscli.dll
0x00007ffa98af0000 - 0x00007ffa98b02000 	C:\WINDOWS\SYSTEM32\cscapi.dll
0x00007ffaaf520000 - 0x00007ffaaf52c000 	C:\WINDOWS\System32\netutils.dll
0x00007ffaa02a0000 - 0x00007ffaa02f4000 	C:\Windows\System32\dlnashext.dll
0x00007ffa9fb30000 - 0x00007ffa9fb94000 	C:\Windows\System32\PlayToDevice.dll
0x00007ffa92900000 - 0x00007ffa92920000 	C:\Windows\System32\DevDispItemProvider.dll
0x00007ffaa7260000 - 0x00007ffaa72e5000 	C:\WINDOWS\System32\MMDevApi.dll
0x00007ffaafdb0000 - 0x00007ffaafddc000 	C:\WINDOWS\System32\DEVOBJ.dll
0x00007ffa94000000 - 0x00007ffa940a1000 	C:\WINDOWS\system32\wpdshext.dll
0x00007ffa99800000 - 0x00007ffa999a6000 	C:\WINDOWS\WinSxS\amd64_microsoft.windows.gdiplus_6595b64144ccf1df_1.1.19041.572_none_fae9a23b76193bbb\gdiplus.dll
0x00007ffa95940000 - 0x00007ffa959e1000 	C:\Windows\System32\PortableDeviceApi.dll
0x00007ffab0f10000 - 0x00007ffab1377000 	C:\WINDOWS\System32\SETUPAPI.dll
0x00007ffab07d0000 - 0x00007ffab07f7000 	C:\WINDOWS\System32\bcrypt.dll
0x00007ffab0130000 - 0x00007ffab0190000 	C:\WINDOWS\System32\WINTRUST.dll
0x00007ffab0560000 - 0x00007ffab06bd000 	C:\WINDOWS\System32\CRYPT32.dll
0x00007ffaafbf0000 - 0x00007ffaafc02000 	C:\WINDOWS\System32\MSASN1.dll
0x00007ffa96910000 - 0x00007ffa96941000 	C:\Windows\System32\PortableDeviceTypes.dll
0x00007ffaa15f0000 - 0x00007ffaa1627000 	C:\Windows\System32\EhStorShell.dll
0x00007ffaa7690000 - 0x00007ffaa76b6000 	C:\Windows\System32\EhStorAPI.dll
0x00007ffaabd50000 - 0x00007ffaabd64000 	C:\Windows\System32\WTSAPI32.dll
0x00007ffaab9e0000 - 0x00007ffaab9ed000 	C:\WINDOWS\SYSTEM32\LINKINFO.dll
0x00007ffaa4450000 - 0x00007ffaa44e0000 	C:\Windows\System32\appresolver.dll
0x00007ffaa4990000 - 0x00007ffaa49eb000 	C:\Windows\System32\Bcp47Langs.dll
0x00007ffaaebd0000 - 0x00007ffaaebf9000 	C:\Windows\System32\SLC.dll
0x00007ffaaeba0000 - 0x00007ffaaebc5000 	C:\Windows\System32\sppc.dll
0x00007ffaaae50000 - 0x00007ffaab004000 	C:\WINDOWS\SYSTEM32\WindowsCodecs.dll
0x00007ffaa1de0000 - 0x00007ffaa1e1e000 	C:\WINDOWS\system32\dataexchange.dll
0x00007ffaad3c0000 - 0x00007ffaad5a5000 	C:\WINDOWS\system32\dcomp.dll
0x00007ffaac340000 - 0x00007ffaac5a4000 	C:\WINDOWS\system32\d3d11.dll
0x00007ffaae950000 - 0x00007ffaaea43000 	C:\WINDOWS\system32\dxgi.dll
0x00007ffaab300000 - 0x00007ffaab508000 	C:\WINDOWS\system32\twinapi.appcore.dll
0x0000000180000000 - 0x0000000180025000 	C:\Program Files\Java\jre1.8.0_271\bin\rxtxSerial.dll
0x0000000071100000 - 0x0000000071125000 	C:\Users\david.PC541\.jssc\windows\jSSC-2.8_x86_64.dll
0x00007ffa9f4b0000 - 0x00007ffa9f694000 	C:\WINDOWS\SYSTEM32\dbghelp.dll

VM Arguments:
jvm_args: -Dfile.encoding=Cp1252 
java_command: Main.Calibration_MainController
java_class_path (initial): C:\Users\david.PC541\s_development\repos\thermalcalibrations\Thermal_Calibrations_v6\bin;C:\Users\david.PC541\s_development\repos\thermalcalibrations\hobersal\bin;C:\Users\david.PC541\s_development\repos\thermalcalibrations\Comunicacion RS232;C:\Users\david.PC541\s_development\repos\thermalcalibrations\InstrumentInterfaces\target\classes;C:\Users\david.PC541\s_development\repos\java_development_libraries\tratamiento de unidades de medida\jscience-4.3.1.jar;C:\Users\david.PC541\s_development\repos\java_development_libraries\comms\serial\mfz-rxtx-2.2-20081207-win-x64\RXTXcomm.jar;C:\Users\david.PC541\s_development\repos\java_development_libraries\comms\javacomm20-win32\commapi\comm.jar;C:\Users\david.PC541\s_development\repos\java_development_libraries\frameworks\quantity_v_0_9.jar;C:\Users\david.PC541\s_development\repos\java_development_libraries\modBus\jamod-1.2-SNAPSHOT.jar;C:\Users\david.PC541\s_development\repos\java_development_libraries\modBus\modbus4j\modbus4J.jar;C:\Users\david.PC541\s_development\repos\java_development_libraries\modBus\modbus4j\seroUtils.jar;C:\Users\david.PC541\s_development\repos\java_development_libraries\comms\serial\modbus\jLibModbus\jlibmodbus-1.2.9.7.jar;C:\Users\david.PC541\s_development\repos\java_development_libraries\comms\serial\modbus\jLibModbus\jlibmodbus-1.2.9.7-src\lib\jssc-2.8.0.jar;C:\Users\david.PC541\s_development\repos\thermalcalibrations\KeithleyInstruments\bin;C:\Users\david.PC541\s_development\repos\thermalcalibrations\ElectronicDevices\bin;C:\Users\david.PC541\s_development\repos\java_development_libraries\chart_tools\jfreechart-1.0.12\jfreechart-1.0.12.jar;C:\Users\david.PC541\s_development\repos\java_development_libraries\Extructuras de Datos\TADs.jar;C:\Users\david.PC541\s_development\repos\java_development_libraries\XML\libs\jdom.jar;C:\Users\david.PC541\s_development\repos\java_development_libraries\chart_tools\jcommon-1.0.17.jar
Launcher Type: SUN_STANDARD

Environment Variables:
PATH=C:\ProgramData\Oracle\Java\javapath;C:\Program Files (x86)\Common Files\Oracle\Java\javapath;C:\WINDOWS\system32;C:\WINDOWS;C:\WINDOWS\System32\Wbem;C:\WINDOWS\System32\WindowsPowerShell\v1.0\;C:\Program Files (x86)\ATI Technologies\ATI.ACE\Core-Static;C:\WINDOWS\System32\OpenSSH\;C:\Program Files\Git\cmd;C:\Users\david.PC541\AppData\Local\Microsoft\WindowsApps;
USERNAME=david
OS=Windows_NT
PROCESSOR_IDENTIFIER=Intel64 Family 6 Model 42 Stepping 7, GenuineIntel



---------------  S Y S T E M  ---------------

OS: Windows 10.0 , 64 bit Build 19041 (10.0.19041.546)

CPU:total 8 (initial active 8) (4 cores per cpu, 2 threads per core) family 6 model 42 stepping 7, cmov, cx8, fxsr, mmx, sse, sse2, sse3, ssse3, sse4.1, sse4.2, popcnt, avx, aes, clmul, ht, tsc, tscinvbit

Memory: 4k page, physical 4150208k(711600k free), swap 7644828k(2523940k free)

vm_info: Java HotSpot(TM) 64-Bit Server VM (25.271-b09) for windows-amd64 JRE (1.8.0_271-b09), built on Sep 16 2020 19:14:59 by "" with MS VC++ 15.9 (VS2017)

time: Mon Nov  2 09:26:37 2020
timezone: Hora estándar romance
elapsed time: 26.423872 seconds (0d 0h 0m 26s)

