#
# An unexpected error has been detected by Java Runtime Environment:
#
#  EXCEPTION_ACCESS_VIOLATION (0xc0000005) at pc=0x7c92ab0a, pid=1816, tid=496
#
# Java VM: Java HotSpot(TM) Client VM (11.3-b02 mixed mode, sharing windows-x86)
# Problematic frame:
# C  [ntdll.dll+0x1ab0a]
#
# If you would like to submit a bug report, please visit:
#   http://java.sun.com/webapps/bugreport/crash.jsp
# The crash happened outside the Java Virtual Machine in native code.
# See problematic frame for where to report the bug.
#

---------------  T H R E A D  ---------------

Current thread (0x02e1a400):  JavaThread "Connection Thread" [_thread_in_native, id=496, stack(0x03260000,0x032b0000)]

siginfo: ExceptionCode=0xc0000005, writing address 0x00000010

Registers:
EAX=0x00000000, EBX=0x00000000, ECX=0x00001578, EDX=0x030f634c
ESP=0x032aea8c, EBP=0x032aeb00, ESI=0x030f633c, EDI=0x00000000
EIP=0x7c92ab0a, EFLAGS=0x00010246

Top of Stack: (sp=0x032aea8c)
0x032aea8c:   030c3f48 00000000 00000000 ffffffff
0x032aea9c:   7fffffff 000aec68 00000000 00000000
0x032aeaac:   032aeb24 719d57c9 0000158c 0000157c
0x032aeabc:   00000000 719d44a8 032aebb0 032aebbc
0x032aeacc:   00000001 032aeb98 00000001 00000000
0x032aeadc:   00000020 00000800 032aeba8 00000000
0x032aeaec:   00000001 0000158c 00000000 00000000
0x032aeafc:   00001578 032aeb98 7c911046 000f633c 

Instructions: (pc=0x7c92ab0a)
0x7c92aafa:   8b 46 10 3b c3 89 45 fc 0f 84 9e 00 00 00 8b 06
0x7c92ab0a:   ff 40 10 8b 45 fc 83 e0 01 89 45 e8 8b 06 ff 40 


Stack: [0x03260000,0x032b0000],  sp=0x032aea8c,  free space=314k
Native frames: (J=compiled Java code, j=interpreted, Vv=VM code, C=native code)
C  [ntdll.dll+0x1ab0a]
C  [ntdll.dll+0x1046]

Java frames: (J=compiled Java code, j=interpreted, Vv=VM code)
J  java.net.SocketInputStream.socketRead0(Ljava/io/FileDescriptor;[BIII)I
J  java.net.SocketInputStream.read([BII)I
J  java.io.BufferedInputStream.fill()V
J  java.io.BufferedInputStream.read()I
J  org.eclipse.jem.internal.proxy.vm.remote.ConnectionHandler.run()Ljava/lang/Object;
j  org.eclipse.jem.internal.proxy.vm.remote.ConnectionThread.run()V+4
v  ~StubRoutines::call_stub

---------------  P R O C E S S  ---------------

Java Threads: ( => current thread )
  0x03c18400 JavaThread "AWT-EventQueue-0" [_thread_blocked, id=2360, stack(0x05170000,0x051c0000)]
  0x02ab8800 JavaThread "!ComponentManager.CallbackQueueThreadTitle!" [_thread_blocked, id=1320, stack(0x05120000,0x05170000)]
  0x03f0c800 JavaThread "AWT-Shutdown" [_thread_blocked, id=4024, stack(0x05030000,0x05080000)]
  0x03f60400 JavaThread "AWT-Windows" daemon [_thread_in_native, id=3916, stack(0x05080000,0x050d0000)]
  0x03e1a400 JavaThread "Java2D Disposer" daemon [_thread_blocked, id=1884, stack(0x04fe0000,0x05030000)]
=>0x02e1a400 JavaThread "Connection Thread" [_thread_in_native, id=496, stack(0x03260000,0x032b0000)]
  0x02e15c00 JavaThread "Server Thread-Project (TTCCal_v18)-VM for TTCCal_v18" [_thread_blocked, id=2792, stack(0x03000000,0x03050000)]
  0x02ab3400 JavaThread "Low Memory Detector" daemon [_thread_blocked, id=324, stack(0x02d60000,0x02db0000)]
  0x02aad000 JavaThread "CompilerThread0" daemon [_thread_blocked, id=2928, stack(0x02d10000,0x02d60000)]
  0x02aab800 JavaThread "Attach Listener" daemon [_thread_blocked, id=772, stack(0x02cc0000,0x02d10000)]
  0x02aaa400 JavaThread "Signal Dispatcher" daemon [_thread_blocked, id=1376, stack(0x02c70000,0x02cc0000)]
  0x02aa5000 JavaThread "Finalizer" daemon [_thread_blocked, id=4052, stack(0x02c20000,0x02c70000)]
  0x02aa0400 JavaThread "Reference Handler" daemon [_thread_blocked, id=3636, stack(0x02bd0000,0x02c20000)]
  0x003e8000 JavaThread "main" [_thread_blocked, id=2976, stack(0x008c0000,0x00910000)]

Other Threads:
  0x02a9ec00 VMThread [stack: 0x02b80000,0x02bd0000] [id=3476]
  0x02acec00 WatcherThread [stack: 0x02db0000,0x02e00000] [id=2580]

VM state:not at safepoint (normal execution)

VM Mutex/Monitor currently owned by a thread: None

Heap
 def new generation   total 960K, used 285K [0x229c0000, 0x22ac0000, 0x22ea0000)
  eden space 896K,  24% used [0x229c0000, 0x229f79f0, 0x22aa0000)
  from space 64K,  98% used [0x22aa0000, 0x22aafd18, 0x22ab0000)
  to   space 64K,   0% used [0x22ab0000, 0x22ab0000, 0x22ac0000)
 tenured generation   total 9880K, used 5925K [0x22ea0000, 0x23846000, 0x269c0000)
   the space 9880K,  59% used [0x22ea0000, 0x23469668, 0x23469800, 0x23846000)
 compacting perm gen  total 12288K, used 1850K [0x269c0000, 0x275c0000, 0x2a9c0000)
   the space 12288K,  15% used [0x269c0000, 0x26b8ea20, 0x26b8ec00, 0x275c0000)
    ro space 8192K,  63% used [0x2a9c0000, 0x2aed8810, 0x2aed8a00, 0x2b1c0000)
    rw space 12288K,  53% used [0x2b1c0000, 0x2b82d300, 0x2b82d400, 0x2bdc0000)

Dynamic libraries:
0x00400000 - 0x00424000 	C:\Archivos de programa\Java\jre6\bin\javaw.exe
0x7c910000 - 0x7c9c8000 	C:\WINDOWS\system32\ntdll.dll
0x7c800000 - 0x7c902000 	C:\WINDOWS\system32\kernel32.dll
0x77da0000 - 0x77e4c000 	C:\WINDOWS\system32\ADVAPI32.dll
0x77e50000 - 0x77ee2000 	C:\WINDOWS\system32\RPCRT4.dll
0x77fc0000 - 0x77fd1000 	C:\WINDOWS\system32\Secur32.dll
0x7e390000 - 0x7e420000 	C:\WINDOWS\system32\USER32.dll
0x77ef0000 - 0x77f38000 	C:\WINDOWS\system32\GDI32.dll
0x76340000 - 0x7635d000 	C:\WINDOWS\system32\IMM32.DLL
0x7c340000 - 0x7c396000 	C:\Archivos de programa\Java\jre6\bin\msvcr71.dll
0x6d800000 - 0x6da56000 	C:\Archivos de programa\Java\jre6\bin\client\jvm.dll
0x76b00000 - 0x76b2e000 	C:\WINDOWS\system32\WINMM.dll
0x6d290000 - 0x6d298000 	C:\Archivos de programa\Java\jre6\bin\hpi.dll
0x76bb0000 - 0x76bbb000 	C:\WINDOWS\system32\PSAPI.DLL
0x6d7b0000 - 0x6d7bc000 	C:\Archivos de programa\Java\jre6\bin\verify.dll
0x6d330000 - 0x6d34f000 	C:\Archivos de programa\Java\jre6\bin\java.dll
0x6d7f0000 - 0x6d7ff000 	C:\Archivos de programa\Java\jre6\bin\zip.dll
0x6d610000 - 0x6d623000 	C:\Archivos de programa\Java\jre6\bin\net.dll
0x71a30000 - 0x71a47000 	C:\WINDOWS\system32\WS2_32.dll
0x77be0000 - 0x77c38000 	C:\WINDOWS\system32\msvcrt.dll
0x71a20000 - 0x71a28000 	C:\WINDOWS\system32\WS2HELP.dll
0x719d0000 - 0x71a10000 	C:\WINDOWS\System32\mswsock.dll
0x76ee0000 - 0x76f07000 	C:\WINDOWS\system32\DNSAPI.dll
0x76f70000 - 0x76f78000 	C:\WINDOWS\System32\winrnr.dll
0x76f20000 - 0x76f4d000 	C:\WINDOWS\system32\WLDAP32.dll
0x76f80000 - 0x76f86000 	C:\WINDOWS\system32\rasadhlp.dll
0x20b00000 - 0x20b46000 	C:\WINDOWS\system32\imon.dll
0x71a50000 - 0x71a5a000 	C:\WINDOWS\system32\WSOCK32.dll
0x20c00000 - 0x20c0d000 	C:\Archivos de programa\Eset\pr_imon.dll
0x77660000 - 0x77681000 	C:\WINDOWS\system32\NTMARTA.DLL
0x774b0000 - 0x775ed000 	C:\WINDOWS\system32\ole32.dll
0x71b90000 - 0x71ba3000 	C:\WINDOWS\system32\SAMLIB.dll
0x66740000 - 0x66799000 	C:\WINDOWS\system32\hnetcfg.dll
0x71a10000 - 0x71a18000 	C:\WINDOWS\System32\wshtcpip.dll
0x6d000000 - 0x6d14a000 	C:\Archivos de programa\Java\jre6\bin\awt.dll
0x72f80000 - 0x72fa6000 	C:\WINDOWS\system32\WINSPOOL.DRV
0x773a0000 - 0x774a3000 	C:\WINDOWS\WinSxS\x86_Microsoft.Windows.Common-Controls_6595b64144ccf1df_6.0.2600.2982_x-ww_ac3f9c03\comctl32.dll
0x77f40000 - 0x77fb6000 	C:\WINDOWS\system32\SHLWAPI.dll
0x5b150000 - 0x5b188000 	C:\WINDOWS\system32\uxtheme.dll
0x746b0000 - 0x746fb000 	C:\WINDOWS\system32\MSCTF.dll
0x75160000 - 0x7518e000 	C:\WINDOWS\system32\msctfime.ime
0x6d230000 - 0x6d284000 	C:\Archivos de programa\Java\jre6\bin\fontmanager.dll
0x7e6a0000 - 0x7eec0000 	C:\WINDOWS\system32\shell32.dll
0x770f0000 - 0x7717b000 	C:\WINDOWS\system32\OLEAUT32.DLL
0x6d630000 - 0x6d639000 	C:\Archivos de programa\Java\jre6\bin\nio.dll

VM Arguments:
jvm_args: -Dproxyvm.registryKey=11815811 -Dproxyvm.masterPort=2618 -Dproxyvm.bufsize=16000 -Dproxyvm.servername=Project (TTCCal_v18)-VM for TTCCal_v18 -Xverify:none -Dfile.encoding=Cp1252 
java_command: org.eclipse.jem.internal.proxy.vm.remote.RemoteVMApplication
Launcher Type: SUN_STANDARD

Environment Variables:
JAVA_HOME=C:\Archivos de programa\Java\jdk1.5.0_03
CLASSPATH=C:\Tomcat 6.0\bin\bootstrap.jar;C:\Tomcat 6.0\lib\servlet-api.jar;C:\Tomcat 6.0\lib\jsp-api.jar;C:\Tomcat 6.0\lib\el-api.jar;C:\Tomcat 6.0\webapps\agenda;C:\Tomcat 6.0\webapps\agenda\WEB-INF\lib\TADs.jar;C:\LaColla\lib\activation.jar;C:\Tomcat 6.0\webapps\agenda\src;C:\LaColla\lib\util.jar;C:\LaColla\lib\activation.jar;C:\LaColla\lib\chinook.jar;C:\LaColla\lib\commons-collections-3.1.jar;C:\LaColla\lib\commons-collections-testframework-3.1.jar;C:\LaColla\lib\commons-io-1.1.jar;C:\LaColla\lib\commons-logging.jar;C:\LaColla\lib\commons-logging-api.jar;C:\LaColla\lib\commons-vfs.jar;C:\LaColla\lib\hsqldb.jar;C:\LaColla\lib\imap.jar;C:\LaColla\lib\jdom.jar;C:\LaColla\lib\lacolla-1.0.11.jar;C:\LaColla\lib\lacolla-1.0.4.jar;C:\LaColla\lib\log4j-1.2.8.jar;C:\LaColla\lib\log4j.jar;C:\LaColla\lib\mail.jar;C:\LaColla\lib\mailapi.jar;C:\LaColla\lib\pop3.jar;C:\LaColla\lib\smtp.jar;C:\LaColla\lib\tyrex-1.0.3.jar;C:\Tomcat 6.0\webapps\agenda\build\classes;.;..;..\..
PATH=C:/Archivos de programa/Java/jre6/bin/client;C:/Archivos de programa/Java/jre6/bin;C:\WINDOWS\system32;C:\WINDOWS;C:\WINDOWS\System32\Wbem;C:\Snort\bin\;C:\Archivos de programa\Java\jdk1.5.0_03\bin;C:\Archivos de programa\Java\jre1.6.0_03\bin;C:\ant\bin;
USERNAME=Administrador
OS=Windows_NT
PROCESSOR_IDENTIFIER=x86 Family 6 Model 6 Stepping 2, AuthenticAMD



---------------  S Y S T E M  ---------------

OS: Windows XP Build 2600 Service Pack 2

CPU:total 1 (1 cores per cpu, 1 threads per core) family 6 model 6 stepping 2, cmov, cx8, fxsr, mmx, sse, mmxext, 3dnow, 3dnowext

Memory: 4k page, physical 1048120k(239356k free), swap 2521192k(1880880k free)

vm_info: Java HotSpot(TM) Client VM (11.3-b02) for windows-x86 JRE (1.6.0_13-b03), built on Mar  9 2009 01:15:24 by "java_re" with MS VC++ 7.1

time: Fri May 08 22:46:13 2009
elapsed time: 1902 seconds

