#
# An unexpected error has been detected by Java Runtime Environment:
#
#  EXCEPTION_ACCESS_VIOLATION (0xc0000005) at pc=0x7c928fea, pid=3032, tid=2820
#
# Java VM: Java HotSpot(TM) Client VM (1.6.0-b105 mixed mode)
# Problematic frame:
# C  [ntdll.dll+0x18fea]
#
# If you would like to submit a bug report, please visit:
#   http://java.sun.com/webapps/bugreport/crash.jsp
#

---------------  T H R E A D  ---------------

Current thread (0x0aae5800):  JavaThread "JDWP Command Reader" daemon [_thread_in_native, id=2820]

siginfo: ExceptionCode=0xc0000005, writing address 0x00000010

Registers:
EAX=0x00000000, EBX=0x00000000, ECX=0x000005dc, EDX=0x0ad362e4
ESP=0x0af9f9f0, EBP=0x0af9fa64, ESI=0x0ad362d4, EDI=0x00000000
EIP=0x7c928fea, EFLAGS=0x00010246

Top of Stack: (sp=0x0af9f9f0)
0x0af9f9f0:   0ad03d08 00000000 00000000 ffb3b4c0
0x0af9fa00:   ffffffff 0009eb20 00000000 00000000
0x0af9fa10:   0af9fa88 719d57c9 000004c0 0000053c
0x0af9fa20:   00000002 719d44a8 0af9fb14 0af9fb20
0x0af9fa30:   00000001 0af9fafc 00000001 00000000
0x0af9fa40:   00000020 0af9fb84 0af9fb0c 00000000
0x0af9fa50:   00000000 000004c0 00000000 00000000
0x0af9fa60:   000005dc 0af9fafc 7c91104b 00d362d4 

Instructions: (pc=0x7c928fea)
0x7c928fda:   8b 46 10 3b c3 89 45 fc 0f 84 9e 00 00 00 8b 06
0x7c928fea:   ff 40 10 8b 45 fc 83 e0 01 89 45 e8 8b 06 ff 40 


Stack: [0x0af50000,0x0afa0000),  sp=0x0af9f9f0,  free space=318k
Native frames: (J=compiled Java code, j=interpreted, Vv=VM code, C=native code)
C  [ntdll.dll+0x18fea]
C  [ntdll.dll+0x104b]


---------------  P R O C E S S  ---------------

Java Threads: ( => current thread )
  0x0b179000 JavaThread "TimerQueue" daemon [_thread_blocked, id=3488]
  0x003d7800 JavaThread "DestroyJavaVM" [_thread_blocked, id=672]
  0x0b0b9400 JavaThread "AWT-EventQueue-0" [_thread_blocked, id=3052]
  0x0b0b6800 JavaThread "AWT-Shutdown" [_thread_blocked, id=3940]
  0x0b0b5800 JavaThread "Java2D Disposer" daemon [_thread_blocked, id=3612]
  0x0aaf3000 JavaThread "Low Memory Detector" daemon [_thread_blocked, id=2448]
  0x0aaf1800 JavaThread "CompilerThread0" daemon [_thread_blocked, id=2096]
=>0x0aae5800 JavaThread "JDWP Command Reader" daemon [_thread_in_native, id=2820]
  0x0aae4400 JavaThread "JDWP Event Helper Thread" daemon [_thread_blocked, id=2392]
  0x0aae2000 JavaThread "JDWP Transport Listener: dt_socket" daemon [_thread_blocked, id=712]
  0x0aad7000 JavaThread "Attach Listener" daemon [_thread_blocked, id=1632]
  0x0aac8000 JavaThread "Finalizer" daemon [_thread_blocked, id=2248]
  0x0aac3c00 JavaThread "Reference Handler" daemon [_thread_blocked, id=2352]

Other Threads:
  0x0aac0800 VMThread [id=1356]

VM state:at safepoint (normal execution)

VM Mutex/Monitor currently owned by a thread:  ([mutex/lock_event])
[0x003d6300/0x00000700] Threads_lock - owner thread: 0x0aac0800

Heap
 def new generation   total 960K, used 153K [0x029b0000, 0x02ab0000, 0x02e90000)
  eden space 896K,  10% used [0x029b0000, 0x029c6758, 0x02a90000)
  from space 64K, 100% used [0x02a90000, 0x02aa0000, 0x02aa0000)
  to   space 64K,   0% used [0x02aa0000, 0x02aa0000, 0x02ab0000)
 tenured generation   total 4096K, used 909K [0x02e90000, 0x03290000, 0x069b0000)
   the space 4096K,  22% used [0x02e90000, 0x02f73520, 0x02f73600, 0x03290000)
 compacting perm gen  total 12288K, used 9242K [0x069b0000, 0x075b0000, 0x0a9b0000)
   the space 12288K,  75% used [0x069b0000, 0x072b68b0, 0x072b6a00, 0x075b0000)
No shared spaces configured.

Dynamic libraries:
0x00400000 - 0x00423000 	C:\Archivos de programa\Java\jre1.6.0\bin\javaw.exe
0x7c910000 - 0x7c9c6000 	C:\WINDOWS\system32\ntdll.dll
0x7c800000 - 0x7c902000 	C:\WINDOWS\system32\kernel32.dll
0x77da0000 - 0x77e4c000 	C:\WINDOWS\system32\ADVAPI32.dll
0x77e50000 - 0x77ee2000 	C:\WINDOWS\system32\RPCRT4.dll
0x77fc0000 - 0x77fd1000 	C:\WINDOWS\system32\Secur32.dll
0x7e390000 - 0x7e420000 	C:\WINDOWS\system32\USER32.dll
0x77ef0000 - 0x77f38000 	C:\WINDOWS\system32\GDI32.dll
0x76340000 - 0x7635d000 	C:\WINDOWS\system32\IMM32.DLL
0x7c340000 - 0x7c396000 	C:\Archivos de programa\Java\jre1.6.0\bin\msvcr71.dll
0x6d7c0000 - 0x6da07000 	C:\Archivos de programa\Java\jre1.6.0\bin\client\jvm.dll
0x76b00000 - 0x76b2e000 	C:\WINDOWS\system32\WINMM.dll
0x6d310000 - 0x6d318000 	C:\Archivos de programa\Java\jre1.6.0\bin\hpi.dll
0x76bb0000 - 0x76bbb000 	C:\WINDOWS\system32\PSAPI.DLL
0x6d400000 - 0x6d429000 	C:\Archivos de programa\Java\jre1.6.0\bin\jdwp.dll
0x6d6c0000 - 0x6d6c6000 	C:\Archivos de programa\Java\jre1.6.0\bin\npt.dll
0x6d770000 - 0x6d77c000 	C:\Archivos de programa\Java\jre1.6.0\bin\verify.dll
0x6d3b0000 - 0x6d3cf000 	C:\Archivos de programa\Java\jre1.6.0\bin\java.dll
0x6d7b0000 - 0x6d7bf000 	C:\Archivos de programa\Java\jre1.6.0\bin\zip.dll
0x6d280000 - 0x6d287000 	C:\Archivos de programa\Java\jre1.6.0\bin\dt_socket.dll
0x71a30000 - 0x71a47000 	C:\WINDOWS\system32\WS2_32.dll
0x77be0000 - 0x77c38000 	C:\WINDOWS\system32\msvcrt.dll
0x71a20000 - 0x71a28000 	C:\WINDOWS\system32\WS2HELP.dll
0x719d0000 - 0x71a10000 	C:\WINDOWS\System32\mswsock.dll
0x76ee0000 - 0x76f07000 	C:\WINDOWS\system32\DNSAPI.dll
0x76f70000 - 0x76f78000 	C:\WINDOWS\System32\winrnr.dll
0x76f20000 - 0x76f4d000 	C:\WINDOWS\system32\WLDAP32.dll
0x76f80000 - 0x76f86000 	C:\WINDOWS\system32\rasadhlp.dll
0x20b00000 - 0x20b46000 	C:\WINDOWS\system32\imon.dll
0x71a50000 - 0x71a5a000 	C:\WINDOWS\system32\WSOCK32.dll
0x20c00000 - 0x20c0d000 	C:\Archivos de programa\Eset\pr_imon.dll
0x77660000 - 0x77681000 	C:\WINDOWS\system32\NTMARTA.DLL
0x774b0000 - 0x775ed000 	C:\WINDOWS\system32\ole32.dll
0x71b90000 - 0x71ba3000 	C:\WINDOWS\system32\SAMLIB.dll
0x66740000 - 0x66799000 	C:\WINDOWS\system32\hnetcfg.dll
0x71a10000 - 0x71a18000 	C:\WINDOWS\System32\wshtcpip.dll
0x6d000000 - 0x6d1c3000 	C:\Archivos de programa\Java\jre1.6.0\bin\awt.dll
0x72f80000 - 0x72fa6000 	C:\WINDOWS\system32\WINSPOOL.DRV
0x5b150000 - 0x5b188000 	C:\WINDOWS\system32\uxtheme.dll
0x736e0000 - 0x73729000 	C:\WINDOWS\system32\ddraw.dll
0x73b40000 - 0x73b46000 	C:\WINDOWS\system32\DCIMAN32.dll
0x746b0000 - 0x746fb000 	C:\WINDOWS\system32\MSCTF.dll
0x75160000 - 0x7518e000 	C:\WINDOWS\system32\msctfime.ime
0x6d2b0000 - 0x6d303000 	C:\Archivos de programa\Java\jre1.6.0\bin\fontmanager.dll
0x7e6a0000 - 0x7eec0000 	C:\WINDOWS\system32\shell32.dll
0x77f40000 - 0x77fb6000 	C:\WINDOWS\system32\SHLWAPI.dll
0x773a0000 - 0x774a3000 	C:\WINDOWS\WinSxS\x86_Microsoft.Windows.Common-Controls_6595b64144ccf1df_6.0.2600.2982_x-ww_ac3f9c03\comctl32.dll
0x58c30000 - 0x58cca000 	C:\WINDOWS\system32\comctl32.dll
0x6d570000 - 0x6d583000 	C:\Archivos de programa\Java\jre1.6.0\bin\net.dll
0x6d590000 - 0x6d599000 	C:\Archivos de programa\Java\jre1.6.0\bin\nio.dll

VM Arguments:
jvm_args: -agentlib:jdwp=transport=dt_socket,suspend=y,address=localhost:3224 -Dfile.encoding=Cp1252
java_command: Main.MainController
Launcher Type: SUN_STANDARD

Environment Variables:
JAVA_HOME=C:\Archivos de programa\Java\jdk1.5.0_03
CLASSPATH=C:\Tomcat 6.0\bin\bootstrap.jar;C:\Tomcat 6.0\lib\servlet-api.jar;C:\Tomcat 6.0\lib\jsp-api.jar;C:\Tomcat 6.0\lib\el-api.jar;C:\Tomcat 6.0\webapps\agenda;C:\Tomcat 6.0\webapps\agenda\WEB-INF\lib\TADs.jar;C:\LaColla\lib\activation.jar;C:\Tomcat 6.0\webapps\agenda\src;C:\LaColla\lib\util.jar;C:\LaColla\lib\activation.jar;C:\LaColla\lib\chinook.jar;C:\LaColla\lib\commons-collections-3.1.jar;C:\LaColla\lib\commons-collections-testframework-3.1.jar;C:\LaColla\lib\commons-io-1.1.jar;C:\LaColla\lib\commons-logging.jar;C:\LaColla\lib\commons-logging-api.jar;C:\LaColla\lib\commons-vfs.jar;C:\LaColla\lib\hsqldb.jar;C:\LaColla\lib\imap.jar;C:\LaColla\lib\jdom.jar;C:\LaColla\lib\lacolla-1.0.11.jar;C:\LaColla\lib\lacolla-1.0.4.jar;C:\LaColla\lib\log4j-1.2.8.jar;C:\LaColla\lib\log4j.jar;C:\LaColla\lib\mail.jar;C:\LaColla\lib\mailapi.jar;C:\LaColla\lib\pop3.jar;C:\LaColla\lib\smtp.jar;C:\LaColla\lib\tyrex-1.0.3.jar;C:\Tomcat 6.0\webapps\agenda\build\classes;.;..;..\..
PATH=C:/Archivos de programa/Java/jre6/bin/client;C:/Archivos de programa/Java/jre6/bin;C:\WINDOWS\system32;C:\WINDOWS;C:\WINDOWS\System32\Wbem;C:\Snort\bin\;C:\Archivos de programa\Java\jdk1.5.0_03\bin;C:\Archivos de programa\Java\jre1.6.0_03\bin;C:\ant\bin;
USERNAME=Administrador
OS=Windows_NT
PROCESSOR_IDENTIFIER=x86 Family 6 Model 6 Stepping 2, AuthenticAMD



---------------  S Y S T E M  ---------------

OS: Windows XP Build 2600 Service Pack 2

CPU:total 1 family 6, cmov, cx8, fxsr, mmx, sse, mmxext, 3dnowext, 3dnow

Memory: 4k page, physical 1048116k(620852k free), swap 2521196k(2118704k free)

vm_info: Java HotSpot(TM) Client VM (1.6.0-b105) for windows-x86, built on Nov 29 2006 00:48:48 by "java_re" with unknown MS VC++:1310

