#
# A fatal error has been detected by the Java Runtime Environment:
#
#  EXCEPTION_ACCESS_VIOLATION (0xc0000005) at pc=0x000000007110b5db, pid=8816, tid=0x00000000000023fc
#
# JRE version: Java(TM) SE Runtime Environment (8.0_271-b09) (build 1.8.0_271-b09)
# Java VM: Java HotSpot(TM) 64-Bit Server VM (25.271-b09 mixed mode windows-amd64 compressed oops)
# Problematic frame:
# C  [jSSC-2.8_x86_64.dll+0xb5db]
#
# Failed to write core dump. Minidumps are not enabled by default on client versions of Windows
#
# If you would like to submit a bug report, please visit:
#   http://bugreport.java.com/bugreport/crash.jsp
# The crash happened outside the Java Virtual Machine in native code.
# See problematic frame for where to report the bug.
#

---------------  T H R E A D  ---------------

Current thread (0x000001f596a72000):  JavaThread "main" [_thread_in_native, id=9212, stack(0x0000007ca0800000,0x0000007ca0900000)]

siginfo: ExceptionCode=0xc0000005, reading address 0xffffffff96a1adf5

Registers:
RAX=0xffffffff96a1adf5, RBX=0x0000007ca08fec70, RCX=0x00007ffa3276bf74, RDX=0x0000000000000000
RSP=0x0000007ca08fec00, RBP=0x0000007ca08fed80, RSI=0x000001f596a721f8, RDI=0x0000000000000444
R8 =0x0000007ca08feaf8, R9 =0x0000007ca08febf0, R10=0x0000000000000000, R11=0x0000000000000246
R12=0x0000007ca08fee30, R13=0x000001f596a83e00, R14=0x0000007ca08fed30, R15=0x000001f596a72000
RIP=0x000000007110b5db, EFLAGS=0x0000000000010202

Top of Stack: (sp=0x0000007ca08fec00)
0x0000007ca08fec00:   000001f5ac716640 000001f596a83b60
0x0000007ca08fec10:   000000007110b230 000001f596a40000
0x0000007ca08fec20:   000001f596970000 0000000000000004
0x0000007ca08fec30:   000001f596a721f8 0000000000000444
0x0000007ca08fec40:   0000007ca08fed80 0000000071112590
0x0000007ca08fec50:   000001f596a72000 0000007ca08fed30
0x0000007ca08fec60:   000001f596a83e00 0000007ca08fee30
0x0000007ca08fec70:   000001f596a83e00 00007ffa326e5d21
0x0000007ca08fec80:   0000007ca08fecb0 000001f596a40000
0x0000007ca08fec90:   0000007ca08fed80 0000000000000000
0x0000007ca08feca0:   0000000071113500 0000000071113be8
0x0000007ca08fecb0:   0000007ca08fece0 0000000071112641
0x0000007ca08fecc0:   0000007ca08fec50 000001f596a721f8
0x0000007ca08fecd0:   0000000000000000 0000000000000000
0x0000007ca08fece0:   0000007ca08fed80 0000000071101595
0x0000007ca08fecf0:   000000000000001c 000001f500000000 

Instructions: (pc=0x000000007110b5db)
0x000000007110b5bb:   c5 0f 1f 40 00 55 57 56 53 48 83 ec 28 48 8b 05
0x000000007110b5cb:   39 33 01 00 48 89 cb 48 85 c0 0f 84 c5 00 00 00
0x000000007110b5db:   8b 38 85 ff 0f 88 ab 00 00 00 48 8b 05 1c 33 01
0x000000007110b5eb:   00 48 85 c0 0f 84 bc 00 00 00 8b 30 85 f6 74 57 


Register to memory mapping:

RAX=0xffffffff96a1adf5 is an unknown value
RBX=0x0000007ca08fec70 is pointing into the stack for thread: 0x000001f596a72000
RCX=0x00007ffa3276bf74 is an unknown value
RDX=0x0000000000000000 is an unknown value
RSP=0x0000007ca08fec00 is pointing into the stack for thread: 0x000001f596a72000
RBP=0x0000007ca08fed80 is pointing into the stack for thread: 0x000001f596a72000
RSI=0x000001f596a721f8 is an unknown value
RDI=0x0000000000000444 is an unknown value
R8 =0x0000007ca08feaf8 is pointing into the stack for thread: 0x000001f596a72000
R9 =0x0000007ca08febf0 is pointing into the stack for thread: 0x000001f596a72000
R10=0x0000000000000000 is an unknown value
R11=0x0000000000000246 is an unknown value
R12=0x0000007ca08fee30 is pointing into the stack for thread: 0x000001f596a72000
R13=0x000001f596a83e00 is an unknown value
R14=0x0000007ca08fed30 is pointing into the stack for thread: 0x000001f596a72000
R15=0x000001f596a72000 is a thread


Stack: [0x0000007ca0800000,0x0000007ca0900000],  sp=0x0000007ca08fec00,  free space=1019k
Native frames: (J=compiled Java code, j=interpreted, Vv=VM code, C=native code)
C  [jSSC-2.8_x86_64.dll+0xb5db]
C  [jSSC-2.8_x86_64.dll+0x12590]
C  [jSSC-2.8_x86_64.dll+0x1595]
C  0x000001f598339f4e

Java frames: (J=compiled Java code, j=interpreted, Vv=VM code)
j  jssc.SerialNativeInterface.openPort(Ljava/lang/String;Z)J+0
j  jssc.SerialPort.openPort()Z+65
j  com.intelligt.modbus.jlibmodbus.serial.SerialPortJSSC.open()V+4
j  com.intelligt.modbus.jlibmodbus.net.ModbusConnectionSerial.openImpl()V+11
j  com.intelligt.modbus.jlibmodbus.net.ModbusConnection.open()V+1
j  com.intelligt.modbus.jlibmodbus.master.ModbusMaster.connectImpl()V+4
j  com.intelligt.modbus.jlibmodbus.master.ModbusMaster.connect()V+8
j  Ovens.Eurotherm2404_v5.createModBusMaster(Lcom/intelligt/modbus/jlibmodbus/serial/SerialParameters;Lcom/intelligt/modbus/jlibmodbus/Modbus$LogLevel;)Lcom/intelligt/modbus/jlibmodbus/master/ModbusMaster;+10
j  Ovens.Eurotherm2404_v5.main([Ljava/lang/String;)V+19
v  ~StubRoutines::call_stub

---------------  P R O C E S S  ---------------

Java Threads: ( => current thread )
  0x000001f5ab1ac800 JavaThread "Service Thread" daemon [_thread_blocked, id=8592, stack(0x0000007ca1a00000,0x0000007ca1b00000)]
  0x000001f5ab133800 JavaThread "C1 CompilerThread3" daemon [_thread_blocked, id=2224, stack(0x0000007ca1900000,0x0000007ca1a00000)]
  0x000001f5ab12e000 JavaThread "C2 CompilerThread2" daemon [_thread_blocked, id=9040, stack(0x0000007ca1800000,0x0000007ca1900000)]
  0x000001f5ab118000 JavaThread "C2 CompilerThread1" daemon [_thread_blocked, id=12252, stack(0x0000007ca1700000,0x0000007ca1800000)]
  0x000001f5ab116800 JavaThread "C2 CompilerThread0" daemon [_thread_blocked, id=7508, stack(0x0000007ca1600000,0x0000007ca1700000)]
  0x000001f5ab114800 JavaThread "Attach Listener" daemon [_thread_blocked, id=6068, stack(0x0000007ca1500000,0x0000007ca1600000)]
  0x000001f5ab114000 JavaThread "Signal Dispatcher" daemon [_thread_blocked, id=11876, stack(0x0000007ca1400000,0x0000007ca1500000)]
  0x000001f5ab0fa000 JavaThread "Finalizer" daemon [_thread_blocked, id=156, stack(0x0000007ca1300000,0x0000007ca1400000)]
  0x000001f5aa508000 JavaThread "Reference Handler" daemon [_thread_blocked, id=11124, stack(0x0000007ca1200000,0x0000007ca1300000)]
=>0x000001f596a72000 JavaThread "main" [_thread_in_native, id=9212, stack(0x0000007ca0800000,0x0000007ca0900000)]

Other Threads:
  0x000001f5ab0d3800 VMThread [stack: 0x0000007ca1100000,0x0000007ca1200000] [id=3364]
  0x000001f5ac51c800 WatcherThread [stack: 0x0000007ca1b00000,0x0000007ca1c00000] [id=8884]

VM state:not at safepoint (normal execution)

VM Mutex/Monitor currently owned by a thread: None

heap address: 0x00000000c0a00000, size: 1014 MB, Compressed Oops mode: 32-bit
Narrow klass base: 0x0000000000000000, Narrow klass shift: 3
Compressed class space size: 1073741824 Address: 0x0000000100000000

Heap:
 PSYoungGen      total 18944K, used 3277K [0x00000000eae00000, 0x00000000ec300000, 0x0000000100000000)
  eden space 16384K, 20% used [0x00000000eae00000,0x00000000eb1336b0,0x00000000ebe00000)
  from space 2560K, 0% used [0x00000000ec080000,0x00000000ec080000,0x00000000ec300000)
  to   space 2560K, 0% used [0x00000000ebe00000,0x00000000ebe00000,0x00000000ec080000)
 ParOldGen       total 44032K, used 0K [0x00000000c0a00000, 0x00000000c3500000, 0x00000000eae00000)
  object space 44032K, 0% used [0x00000000c0a00000,0x00000000c0a00000,0x00000000c3500000)
 Metaspace       used 3320K, capacity 4824K, committed 5120K, reserved 1056768K
  class space    used 380K, capacity 456K, committed 512K, reserved 1048576K

Card table byte_map: [0x000001f5a76e0000,0x000001f5a78e0000] byte_map_base: 0x000001f5a70db000

Marking Bits: (ParMarkBitMap*) 0x0000000058fc7fe0
 Begin Bits: [0x000001f5a7a40000, 0x000001f5a8a18000)
 End Bits:   [0x000001f5a8a18000, 0x000001f5a99f0000)

Polling page: 0x000001f5982f0000

CodeCache: size=245760Kb used=1447Kb max_used=1454Kb free=244312Kb
 bounds [0x000001f598320000, 0x000001f598590000, 0x000001f5a7320000]
 total_blobs=380 nmethods=142 adapters=151
 compilation: enabled

Compilation events (10 events):
Event: 0.378 Thread 0x000001f5ab133800 nmethod 138 0x000001f5984880d0 code [0x000001f598488260, 0x000001f5984886f0]
Event: 0.382 Thread 0x000001f5ab12e000 nmethod 134 0x000001f59848b910 code [0x000001f59848ba60, 0x000001f59848bf38]
Event: 0.389 Thread 0x000001f5ab133800  139       3       java.util.WeakHashMap::maskNull (12 bytes)
Event: 0.389 Thread 0x000001f5ab133800 nmethod 139 0x000001f59848b590 code [0x000001f59848b6e0, 0x000001f59848b878]
Event: 0.390 Thread 0x000001f5ab133800  140       3       java.util.WeakHashMap::hash (28 bytes)
Event: 0.390 Thread 0x000001f5ab133800 nmethod 140 0x000001f59848b110 code [0x000001f59848b280, 0x000001f59848b4d0]
Event: 0.394 Thread 0x000001f5ab133800  141       3       java.lang.String::<init> (15 bytes)
Event: 0.395 Thread 0x000001f5ab133800 nmethod 141 0x000001f59848a9d0 code [0x000001f59848ab60, 0x000001f59848af50]
Event: 0.396 Thread 0x000001f5ab133800  142       3       java.util.zip.ZipFile::access$400 (5 bytes)
Event: 0.396 Thread 0x000001f5ab133800 nmethod 142 0x000001f59848a690 code [0x000001f59848a7e0, 0x000001f59848a918]

GC Heap History (0 events):
No events

Deoptimization events (0 events):
No events

Classes redefined (0 events):
No events

Internal exceptions (3 events):
Event: 0.047 Thread 0x000001f596a72000 Exception <a 'java/lang/NoSuchMethodError': Method sun.misc.Unsafe.defineClass(Ljava/lang/String;[BII)Ljava/lang/Class; name or signature does not match> (0x00000000eae07cc0) thrown at [C:\jenkins\workspace\8-2-build-windows-amd64-cygwin\jdk8u271\605\hots
Event: 0.047 Thread 0x000001f596a72000 Exception <a 'java/lang/NoSuchMethodError': Method sun.misc.Unsafe.prefetchRead(Ljava/lang/Object;J)V name or signature does not match> (0x00000000eae07fa8) thrown at [C:\jenkins\workspace\8-2-build-windows-amd64-cygwin\jdk8u271\605\hotspot\src\share\vm\p
Event: 0.091 Thread 0x000001f596a72000 Exception <a 'java/io/FileNotFoundException'> (0x00000000eae5fb08) thrown at [C:\jenkins\workspace\8-2-build-windows-amd64-cygwin\jdk8u271\605\hotspot\src\share\vm\prims\jni.cpp, line 710]

Events (10 events):
Event: 0.390 loading class com/intelligt/modbus/jlibmodbus/utils/ModbusExceptionCode
Event: 0.390 loading class com/intelligt/modbus/jlibmodbus/utils/ModbusExceptionCode done
Event: 0.394 loading class com/intelligt/modbus/jlibmodbus/utils/ModbusFunctionCode
Event: 0.394 loading class com/intelligt/modbus/jlibmodbus/utils/ModbusFunctionCode done
Event: 0.395 loading class com/intelligt/modbus/jlibmodbus/data/CommStatus
Event: 0.395 loading class com/intelligt/modbus/jlibmodbus/data/CommStatus done
Event: 0.396 loading class java/util/LinkedList
Event: 0.396 loading class java/util/AbstractSequentialList
Event: 0.397 loading class java/util/AbstractSequentialList done
Event: 0.397 loading class java/util/LinkedList done


Dynamic libraries:
0x00007ff65cf70000 - 0x00007ff65cfb7000 	C:\Program Files\Java\jre1.8.0_271\bin\javaw.exe
0x00007ffa326d0000 - 0x00007ffa328c6000 	C:\WINDOWS\SYSTEM32\ntdll.dll
0x00007ffa318d0000 - 0x00007ffa3198d000 	C:\WINDOWS\System32\KERNEL32.DLL
0x00007ffa2fe20000 - 0x00007ffa300e8000 	C:\WINDOWS\System32\KERNELBASE.dll
0x00007ffa316f0000 - 0x00007ffa3179a000 	C:\WINDOWS\System32\ADVAPI32.dll
0x00007ffa31ad0000 - 0x00007ffa31b6e000 	C:\WINDOWS\System32\msvcrt.dll
0x00007ffa30d70000 - 0x00007ffa30e0b000 	C:\WINDOWS\System32\sechost.dll
0x00007ffa32560000 - 0x00007ffa32684000 	C:\WINDOWS\System32\RPCRT4.dll
0x00007ffa31b70000 - 0x00007ffa31d10000 	C:\WINDOWS\System32\USER32.dll
0x00007ffa30400000 - 0x00007ffa30422000 	C:\WINDOWS\System32\win32u.dll
0x00007ffa316b0000 - 0x00007ffa316da000 	C:\WINDOWS\System32\GDI32.dll
0x00007ffa30590000 - 0x00007ffa30699000 	C:\WINDOWS\System32\gdi32full.dll
0x00007ffa306a0000 - 0x00007ffa3073d000 	C:\WINDOWS\System32\msvcp_win.dll
0x00007ffa30120000 - 0x00007ffa30220000 	C:\WINDOWS\System32\ucrtbase.dll
0x00007ffa26540000 - 0x00007ffa267db000 	C:\WINDOWS\WinSxS\amd64_microsoft.windows.common-controls_6595b64144ccf1df_6.0.19041.488_none_ca04af081b815d21\COMCTL32.dll
0x00007ffa30ce0000 - 0x00007ffa30d10000 	C:\WINDOWS\System32\IMM32.DLL
0x00007ffa17520000 - 0x00007ffa17535000 	C:\Program Files\Java\jre1.8.0_271\bin\vcruntime140.dll
0x00007ffa04ec0000 - 0x00007ffa04f5b000 	C:\Program Files\Java\jre1.8.0_271\bin\msvcp140.dll
0x00000000587d0000 - 0x000000005903f000 	C:\Program Files\Java\jre1.8.0_271\bin\server\jvm.dll
0x00007ffa316e0000 - 0x00007ffa316e8000 	C:\WINDOWS\System32\PSAPI.DLL
0x00007ffa2a280000 - 0x00007ffa2a28a000 	C:\WINDOWS\SYSTEM32\VERSION.dll
0x00007ffa29cf0000 - 0x00007ffa29cf9000 	C:\WINDOWS\SYSTEM32\WSOCK32.dll
0x00007ffa2a250000 - 0x00007ffa2a277000 	C:\WINDOWS\SYSTEM32\WINMM.dll
0x00007ffa31ec0000 - 0x00007ffa31f2b000 	C:\WINDOWS\System32\WS2_32.dll
0x00007ffa2dd90000 - 0x00007ffa2dda2000 	C:\WINDOWS\SYSTEM32\kernel.appcore.dll
0x00007ffa20ca0000 - 0x00007ffa20cb0000 	C:\Program Files\Java\jre1.8.0_271\bin\verify.dll
0x00007ffa0b3f0000 - 0x00007ffa0b41b000 	C:\Program Files\Java\jre1.8.0_271\bin\java.dll
0x00007ffa13e00000 - 0x00007ffa13e18000 	C:\Program Files\Java\jre1.8.0_271\bin\zip.dll
0x00007ffa30e10000 - 0x00007ffa31550000 	C:\WINDOWS\System32\SHELL32.dll
0x00007ffa2df90000 - 0x00007ffa2e724000 	C:\WINDOWS\SYSTEM32\windows.storage.dll
0x00007ffa308f0000 - 0x00007ffa30c45000 	C:\WINDOWS\System32\combase.dll
0x00007ffa2f7e0000 - 0x00007ffa2f80c000 	C:\WINDOWS\SYSTEM32\Wldp.dll
0x00007ffa31550000 - 0x00007ffa315fe000 	C:\WINDOWS\System32\SHCORE.dll
0x00007ffa32500000 - 0x00007ffa32555000 	C:\WINDOWS\System32\shlwapi.dll
0x00007ffa2fd50000 - 0x00007ffa2fd76000 	C:\WINDOWS\SYSTEM32\profapi.dll
0x0000000071100000 - 0x0000000071125000 	C:\Users\david.PC541\.jssc\windows\jSSC-2.8_x86_64.dll
0x00007ffa20ab0000 - 0x00007ffa20c94000 	C:\WINDOWS\SYSTEM32\dbghelp.dll
0x00007ffa30380000 - 0x00007ffa303ff000 	C:\WINDOWS\System32\bcryptPrimitives.dll

VM Arguments:
jvm_args: -Dfile.encoding=Cp1252 
java_command: Ovens.Eurotherm2404_v5
java_class_path (initial): C:\Users\david.PC541\s_development\repos\thermalcalibrations\hobersal\bin;C:\Users\david.PC541\s_development\repos\thermalcalibrations\Comunicacion RS232;C:\Users\david.PC541\s_development\repos\thermalcalibrations\InstrumentInterfaces\target\classes;C:\Users\david.PC541\s_development\repos\java_development_libraries\tratamiento de unidades de medida\jscience-4.3.1.jar;C:\Users\david.PC541\s_development\repos\java_development_libraries\comms\serial\mfz-rxtx-2.2-20081207-win-x64\RXTXcomm.jar;C:\Users\david.PC541\s_development\repos\java_development_libraries\comms\javacomm20-win32\commapi\comm.jar;C:\Users\david.PC541\s_development\repos\java_development_libraries\frameworks\quantity_v_0_9.jar;C:\Users\david.PC541\s_development\repos\java_development_libraries\modBus\jamod-1.2-SNAPSHOT.jar;C:\Users\david.PC541\s_development\repos\java_development_libraries\modBus\modbus4j\modbus4J.jar;C:\Users\david.PC541\s_development\repos\java_development_libraries\modBus\modbus4j\seroUtils.jar;C:\Users\david.PC541\s_development\repos\java_development_libraries\comms\serial\modbus\jLibModbus\jlibmodbus-1.2.9.7.jar;C:\Users\david.PC541\s_development\repos\java_development_libraries\comms\serial\modbus\jLibModbus\jlibmodbus-1.2.9.7-src\lib\jssc-2.8.0.jar
Launcher Type: SUN_STANDARD

Environment Variables:
JAVA_HOME=C:\Program Files\Java\jre8
PATH=C:/Program Files/Java/jre8/bin/server;C:/Program Files/Java/jre8/bin;C:/Program Files/Java/jre8/lib/amd64;C:\Program Files\Java\jre8\bin;C:\Program Files (x86)\Common Files\Oracle\Java\javapath;C:\WINDOWS\system32;C:\WINDOWS;C:\WINDOWS\System32\Wbem;C:\WINDOWS\System32\WindowsPowerShell\v1.0\;C:\Program Files (x86)\ATI Technologies\ATI.ACE\Core-Static;C:\WINDOWS\System32\OpenSSH\;C:\Program Files\Git\cmd;C:\Users\david.PC541\AppData\Local\Microsoft\WindowsApps;;C:\eclipse;
USERNAME=david
OS=Windows_NT
PROCESSOR_IDENTIFIER=Intel64 Family 6 Model 42 Stepping 7, GenuineIntel



---------------  S Y S T E M  ---------------

OS: Windows 10.0 , 64 bit Build 19041 (10.0.19041.546)

CPU:total 8 (initial active 8) (4 cores per cpu, 2 threads per core) family 6 model 42 stepping 7, cmov, cx8, fxsr, mmx, sse, sse2, sse3, ssse3, sse4.1, sse4.2, popcnt, avx, aes, clmul, ht, tsc, tscinvbit

Memory: 4k page, physical 4150208k(1495784k free), swap 7951296k(4021512k free)

vm_info: Java HotSpot(TM) 64-Bit Server VM (25.271-b09) for windows-amd64 JRE (1.8.0_271-b09), built on Sep 16 2020 19:14:59 by "" with MS VC++ 15.9 (VS2017)

time: Mon Nov  2 10:22:26 2020
timezone: Hora estándar romance
elapsed time: 0.534714 seconds (0d 0h 0m 0s)

