#
# A fatal error has been detected by the Java Runtime Environment:
#
#  EXCEPTION_ACCESS_VIOLATION (0xc0000005) at pc=0x000000007110b5db, pid=11964, tid=0x00000000000002c8
#
# JRE version: Java(TM) SE Runtime Environment (8.0_271-b09) (build 1.8.0_271-b09)
# Java VM: Java HotSpot(TM) 64-Bit Server VM (25.271-b09 mixed mode windows-amd64 compressed oops)
# Problematic frame:
# C  [jSSC-2.8_x86_64.dll+0xb5db]
#
# Failed to write core dump. Minidumps are not enabled by default on client versions of Windows
#
# If you would like to submit a bug report, please visit:
#   http://bugreport.java.com/bugreport/crash.jsp
# The crash happened outside the Java Virtual Machine in native code.
# See problematic frame for where to report the bug.
#

---------------  T H R E A D  ---------------

Current thread (0x000001fff56a1800):  JavaThread "main" [_thread_in_native, id=712, stack(0x00000009ebc00000,0x00000009ebd00000)]

siginfo: ExceptionCode=0xc0000005, reading address 0xfffffffff59019ff

Registers:
RAX=0xfffffffff59019ff, RBX=0x00000009ebcff2b0, RCX=0x00007ffab294bf74, RDX=0x0000000000000000
RSP=0x00000009ebcff240, RBP=0x00000009ebcff3c0, RSI=0x000001fff56a19f8, RDI=0x0000000000000438
R8 =0x00000009ebcff138, R9 =0x00000009ebcff230, R10=0x0000000000000000, R11=0x0000000000000246
R12=0x00000009ebcff478, R13=0x000001fff56aeab0, R14=0x00000009ebcff370, R15=0x000001fff56a1800
RIP=0x000000007110b5db, EFLAGS=0x0000000000010206

Top of Stack: (sp=0x00000009ebcff240)
0x00000009ebcff240:   000001fffc36bba0 000001fff56ae990
0x00000009ebcff250:   000000007110b230 000001fff5670000
0x00000009ebcff260:   000001fff5560000 0000000000000004
0x00000009ebcff270:   000001fff56a19f8 0000000000000438
0x00000009ebcff280:   00000009ebcff3c0 0000000071112590
0x00000009ebcff290:   000001fff56a1800 00000009ebcff370
0x00000009ebcff2a0:   000001fff56aeab0 00000009ebcff478
0x00000009ebcff2b0:   000001fff56aeab0 00007ffab28c5d21
0x00000009ebcff2c0:   00000009ebcff2f0 000001fff5670000
0x00000009ebcff2d0:   00000009ebcff3c0 0000000000000000
0x00000009ebcff2e0:   0000000071113500 0000000071113be8
0x00000009ebcff2f0:   00000009ebcff320 0000000071112641
0x00000009ebcff300:   00000009ebcff290 000001fff56a19f8
0x00000009ebcff310:   0000000000000000 0000000000000000
0x00000009ebcff320:   00000009ebcff3c0 0000000071101595
0x00000009ebcff330:   000000000000001c 000001ff00000000 

Instructions: (pc=0x000000007110b5db)
0x000000007110b5bb:   c5 0f 1f 40 00 55 57 56 53 48 83 ec 28 48 8b 05
0x000000007110b5cb:   39 33 01 00 48 89 cb 48 85 c0 0f 84 c5 00 00 00
0x000000007110b5db:   8b 38 85 ff 0f 88 ab 00 00 00 48 8b 05 1c 33 01
0x000000007110b5eb:   00 48 85 c0 0f 84 bc 00 00 00 8b 30 85 f6 74 57 


Register to memory mapping:

RAX=0xfffffffff59019ff is an unknown value
RBX=0x00000009ebcff2b0 is pointing into the stack for thread: 0x000001fff56a1800
RCX=0x00007ffab294bf74 is an unknown value
RDX=0x0000000000000000 is an unknown value
RSP=0x00000009ebcff240 is pointing into the stack for thread: 0x000001fff56a1800
RBP=0x00000009ebcff3c0 is pointing into the stack for thread: 0x000001fff56a1800
RSI=0x000001fff56a19f8 is an unknown value
RDI=0x0000000000000438 is an unknown value
R8 =0x00000009ebcff138 is pointing into the stack for thread: 0x000001fff56a1800
R9 =0x00000009ebcff230 is pointing into the stack for thread: 0x000001fff56a1800
R10=0x0000000000000000 is an unknown value
R11=0x0000000000000246 is an unknown value
R12=0x00000009ebcff478 is pointing into the stack for thread: 0x000001fff56a1800
R13=0x000001fff56aeab0 is an unknown value
R14=0x00000009ebcff370 is pointing into the stack for thread: 0x000001fff56a1800
R15=0x000001fff56a1800 is a thread


Stack: [0x00000009ebc00000,0x00000009ebd00000],  sp=0x00000009ebcff240,  free space=1020k
Native frames: (J=compiled Java code, j=interpreted, Vv=VM code, C=native code)
C  [jSSC-2.8_x86_64.dll+0xb5db]
C  [jSSC-2.8_x86_64.dll+0x12590]
C  [jSSC-2.8_x86_64.dll+0x1595]
C  0x000001ff80019f4e

Java frames: (J=compiled Java code, j=interpreted, Vv=VM code)
j  jssc.SerialNativeInterface.openPort(Ljava/lang/String;Z)J+0
j  jssc.SerialPort.openPort()Z+65
j  com.intelligt.modbus.jlibmodbus.serial.SerialPortJSSC.open()V+4
j  com.intelligt.modbus.jlibmodbus.net.ModbusConnectionSerial.openImpl()V+11
j  com.intelligt.modbus.jlibmodbus.net.ModbusConnection.open()V+1
j  com.intelligt.modbus.jlibmodbus.master.ModbusMaster.connectImpl()V+4
j  com.intelligt.modbus.jlibmodbus.master.ModbusMaster.connect()V+8
j  Ovens.Eurotherm2404_practices.initializeModBusMaster(Lcom/intelligt/modbus/jlibmodbus/serial/SerialParameters;Lcom/intelligt/modbus/jlibmodbus/Modbus$LogLevel;)Lcom/intelligt/modbus/jlibmodbus/master/ModbusMaster;+10
j  Ovens.Eurotherm2404_practices.initialize(Ljava/lang/String;Lcom/intelligt/modbus/jlibmodbus/Modbus$LogLevel;)V+16
j  Ovens.Eurotherm2404_practices.<init>(Ljava/lang/String;Lcom/intelligt/modbus/jlibmodbus/Modbus$LogLevel;)V+17
j  Ovens.Eurotherm2404_practices.main([Ljava/lang/String;)V+9
v  ~StubRoutines::call_stub

---------------  P R O C E S S  ---------------

Java Threads: ( => current thread )
  0x000001fffc100800 JavaThread "Service Thread" daemon [_thread_blocked, id=5868, stack(0x00000009ece00000,0x00000009ecf00000)]
  0x000001fffad33000 JavaThread "C1 CompilerThread3" daemon [_thread_blocked, id=4664, stack(0x00000009ecd00000,0x00000009ece00000)]
  0x000001fffad36800 JavaThread "C2 CompilerThread2" daemon [_thread_blocked, id=9572, stack(0x00000009ecc00000,0x00000009ecd00000)]
  0x000001fffad31800 JavaThread "C2 CompilerThread1" daemon [_thread_blocked, id=11620, stack(0x00000009ecb00000,0x00000009ecc00000)]
  0x000001fffad2c000 JavaThread "C2 CompilerThread0" daemon [_thread_blocked, id=9856, stack(0x00000009eca00000,0x00000009ecb00000)]
  0x000001fffad29000 JavaThread "Attach Listener" daemon [_thread_blocked, id=5452, stack(0x00000009ec900000,0x00000009eca00000)]
  0x000001fffad28000 JavaThread "Signal Dispatcher" daemon [_thread_blocked, id=14800, stack(0x00000009ec800000,0x00000009ec900000)]
  0x000001fffad0a800 JavaThread "Finalizer" daemon [_thread_blocked, id=7176, stack(0x00000009ec700000,0x00000009ec800000)]
  0x000001ffface8800 JavaThread "Reference Handler" daemon [_thread_blocked, id=12300, stack(0x00000009ec600000,0x00000009ec700000)]
=>0x000001fff56a1800 JavaThread "main" [_thread_in_native, id=712, stack(0x00000009ebc00000,0x00000009ebd00000)]

Other Threads:
  0x000001ffface3800 VMThread [stack: 0x00000009ec500000,0x00000009ec600000] [id=5692]
  0x000001fffadbb800 WatcherThread [stack: 0x00000009ecf00000,0x00000009ed000000] [id=9112]

VM state:not at safepoint (normal execution)

VM Mutex/Monitor currently owned by a thread: None

heap address: 0x00000000c0a00000, size: 1014 MB, Compressed Oops mode: 32-bit
Narrow klass base: 0x0000000000000000, Narrow klass shift: 3
Compressed class space size: 1073741824 Address: 0x0000000100000000

Heap:
 PSYoungGen      total 18944K, used 3277K [0x00000000eae00000, 0x00000000ec300000, 0x0000000100000000)
  eden space 16384K, 20% used [0x00000000eae00000,0x00000000eb1334f0,0x00000000ebe00000)
  from space 2560K, 0% used [0x00000000ec080000,0x00000000ec080000,0x00000000ec300000)
  to   space 2560K, 0% used [0x00000000ebe00000,0x00000000ebe00000,0x00000000ec080000)
 ParOldGen       total 44032K, used 0K [0x00000000c0a00000, 0x00000000c3500000, 0x00000000eae00000)
  object space 44032K, 0% used [0x00000000c0a00000,0x00000000c0a00000,0x00000000c3500000)
 Metaspace       used 3330K, capacity 4824K, committed 5120K, reserved 1056768K
  class space    used 380K, capacity 456K, committed 512K, reserved 1048576K

Card table byte_map: [0x000001fff72e0000,0x000001fff74e0000] byte_map_base: 0x000001fff6cdb000

Marking Bits: (ParMarkBitMap*) 0x0000000063187fe0
 Begin Bits: [0x000001fff7640000, 0x000001fff8618000)
 End Bits:   [0x000001fff8618000, 0x000001fff95f0000)

Polling page: 0x000001fff5630000

CodeCache: size=245760Kb used=1446Kb max_used=1458Kb free=244313Kb
 bounds [0x000001ff80000000, 0x000001ff80270000, 0x000001ff8f000000]
 total_blobs=380 nmethods=142 adapters=151
 compilation: enabled

Compilation events (10 events):
Event: 0.178 Thread 0x000001fffad33000 nmethod 138 0x000001ff80167810 code [0x000001ff80167960, 0x000001ff80167af8]
Event: 0.178 Thread 0x000001fffad33000  139       3       java.util.WeakHashMap::hash (28 bytes)
Event: 0.178 Thread 0x000001fffad33000 nmethod 139 0x000001ff80167b90 code [0x000001ff80167d00, 0x000001ff80167f50]
Event: 0.179 Thread 0x000001fffad33000  140       3       java.lang.String::<init> (15 bytes)
Event: 0.179 Thread 0x000001fffad33000 nmethod 140 0x000001ff80168010 code [0x000001ff801681a0, 0x000001ff80168590]
Event: 0.180 Thread 0x000001fffad33000  141       3       java.lang.String::concat (47 bytes)
Event: 0.180 Thread 0x000001fffad33000 nmethod 141 0x000001ff80168750 code [0x000001ff80168920, 0x000001ff801690e0]
Event: 0.180 Thread 0x000001fffad33000  142       3       java.lang.String::getChars (16 bytes)
Event: 0.180 Thread 0x000001fffad33000 nmethod 142 0x000001ff80169450 code [0x000001ff801695c0, 0x000001ff801697d0]
Event: 0.182 Thread 0x000001fffad2c000 nmethod 135 0x000001ff8016c990 code [0x000001ff8016cae0, 0x000001ff8016cfb8]

GC Heap History (0 events):
No events

Deoptimization events (0 events):
No events

Classes redefined (0 events):
No events

Internal exceptions (3 events):
Event: 0.042 Thread 0x000001fff56a1800 Exception <a 'java/lang/NoSuchMethodError': Method sun.misc.Unsafe.defineClass(Ljava/lang/String;[BII)Ljava/lang/Class; name or signature does not match> (0x00000000eae07cc0) thrown at [C:\jenkins\workspace\8-2-build-windows-amd64-cygwin\jdk8u271\605\hots
Event: 0.042 Thread 0x000001fff56a1800 Exception <a 'java/lang/NoSuchMethodError': Method sun.misc.Unsafe.prefetchRead(Ljava/lang/Object;J)V name or signature does not match> (0x00000000eae07fa8) thrown at [C:\jenkins\workspace\8-2-build-windows-amd64-cygwin\jdk8u271\605\hotspot\src\share\vm\p
Event: 0.085 Thread 0x000001fff56a1800 Exception <a 'java/io/FileNotFoundException'> (0x00000000eae5f7e0) thrown at [C:\jenkins\workspace\8-2-build-windows-amd64-cygwin\jdk8u271\605\hotspot\src\share\vm\prims\jni.cpp, line 710]

Events (10 events):
Event: 0.178 loading class com/intelligt/modbus/jlibmodbus/utils/ModbusExceptionCode
Event: 0.178 loading class com/intelligt/modbus/jlibmodbus/utils/ModbusExceptionCode done
Event: 0.179 loading class com/intelligt/modbus/jlibmodbus/utils/ModbusFunctionCode
Event: 0.179 loading class com/intelligt/modbus/jlibmodbus/utils/ModbusFunctionCode done
Event: 0.180 loading class com/intelligt/modbus/jlibmodbus/data/CommStatus
Event: 0.180 loading class com/intelligt/modbus/jlibmodbus/data/CommStatus done
Event: 0.180 loading class java/util/LinkedList
Event: 0.180 loading class java/util/AbstractSequentialList
Event: 0.180 loading class java/util/AbstractSequentialList done
Event: 0.181 loading class java/util/LinkedList done


Dynamic libraries:
0x00007ff781940000 - 0x00007ff781987000 	C:\Program Files\Java\jre1.8.0_271\bin\javaw.exe
0x00007ffab28b0000 - 0x00007ffab2aa6000 	C:\WINDOWS\SYSTEM32\ntdll.dll
0x00007ffab1f60000 - 0x00007ffab201d000 	C:\WINDOWS\System32\KERNEL32.DLL
0x00007ffab0290000 - 0x00007ffab0558000 	C:\WINDOWS\System32\KERNELBASE.dll
0x00007ffab1550000 - 0x00007ffab15fa000 	C:\WINDOWS\System32\ADVAPI32.dll
0x00007ffab1dc0000 - 0x00007ffab1e5e000 	C:\WINDOWS\System32\msvcrt.dll
0x00007ffab2050000 - 0x00007ffab20eb000 	C:\WINDOWS\System32\sechost.dll
0x00007ffab13c0000 - 0x00007ffab14e4000 	C:\WINDOWS\System32\RPCRT4.dll
0x00007ffab20f0000 - 0x00007ffab2290000 	C:\WINDOWS\System32\USER32.dll
0x00007ffab08f0000 - 0x00007ffab0912000 	C:\WINDOWS\System32\win32u.dll
0x00007ffab0b80000 - 0x00007ffab0baa000 	C:\WINDOWS\System32\GDI32.dll
0x00007ffab06c0000 - 0x00007ffab07c9000 	C:\WINDOWS\System32\gdi32full.dll
0x00007ffab0800000 - 0x00007ffab089d000 	C:\WINDOWS\System32\msvcp_win.dll
0x00007ffab0190000 - 0x00007ffab0290000 	C:\WINDOWS\System32\ucrtbase.dll
0x00007ffaa05c0000 - 0x00007ffaa085b000 	C:\WINDOWS\WinSxS\amd64_microsoft.windows.common-controls_6595b64144ccf1df_6.0.19041.488_none_ca04af081b815d21\COMCTL32.dll
0x00007ffab1390000 - 0x00007ffab13c0000 	C:\WINDOWS\System32\IMM32.DLL
0x00007ffaad3a0000 - 0x00007ffaad3b5000 	C:\Program Files\Java\jre1.8.0_271\bin\vcruntime140.dll
0x00007ffaab720000 - 0x00007ffaab7bb000 	C:\Program Files\Java\jre1.8.0_271\bin\msvcp140.dll
0x0000000062990000 - 0x00000000631ff000 	C:\Program Files\Java\jre1.8.0_271\bin\server\jvm.dll
0x00007ffab2040000 - 0x00007ffab2048000 	C:\WINDOWS\System32\PSAPI.DLL
0x00007ffaad330000 - 0x00007ffaad339000 	C:\WINDOWS\SYSTEM32\WSOCK32.dll
0x00007ffaa8300000 - 0x00007ffaa8327000 	C:\WINDOWS\SYSTEM32\WINMM.dll
0x00007ffaa9770000 - 0x00007ffaa977a000 	C:\WINDOWS\SYSTEM32\VERSION.dll
0x00007ffab1ef0000 - 0x00007ffab1f5b000 	C:\WINDOWS\System32\WS2_32.dll
0x00007ffaadf70000 - 0x00007ffaadf82000 	C:\WINDOWS\SYSTEM32\kernel.appcore.dll
0x00007ffaad300000 - 0x00007ffaad310000 	C:\Program Files\Java\jre1.8.0_271\bin\verify.dll
0x00007ffaab6f0000 - 0x00007ffaab71b000 	C:\Program Files\Java\jre1.8.0_271\bin\java.dll
0x00007ffaad2e0000 - 0x00007ffaad2f8000 	C:\Program Files\Java\jre1.8.0_271\bin\zip.dll
0x00007ffab1680000 - 0x00007ffab1dc0000 	C:\WINDOWS\System32\SHELL32.dll
0x00007ffaae170000 - 0x00007ffaae904000 	C:\WINDOWS\SYSTEM32\windows.storage.dll
0x00007ffab0bb0000 - 0x00007ffab0f05000 	C:\WINDOWS\System32\combase.dll
0x00007ffaafa70000 - 0x00007ffaafa9c000 	C:\WINDOWS\SYSTEM32\Wldp.dll
0x00007ffab2690000 - 0x00007ffab273e000 	C:\WINDOWS\System32\SHCORE.dll
0x00007ffab2420000 - 0x00007ffab2475000 	C:\WINDOWS\System32\shlwapi.dll
0x00007ffaaff30000 - 0x00007ffaaff56000 	C:\WINDOWS\SYSTEM32\profapi.dll
0x0000000071100000 - 0x0000000071125000 	C:\Users\david.PC541\.jssc\windows\jSSC-2.8_x86_64.dll
0x00007ffa9f4b0000 - 0x00007ffa9f694000 	C:\WINDOWS\SYSTEM32\dbghelp.dll
0x00007ffab00b0000 - 0x00007ffab012f000 	C:\WINDOWS\System32\bcryptPrimitives.dll

VM Arguments:
jvm_args: -Dfile.encoding=Cp1252 
java_command: Ovens.Eurotherm2404_practices
java_class_path (initial): C:\Users\david.PC541\s_development\repos\thermalcalibrations\hobersal\bin;C:\Users\david.PC541\s_development\repos\thermalcalibrations\Comunicacion RS232;C:\Users\david.PC541\s_development\repos\thermalcalibrations\InstrumentInterfaces\target\classes;C:\Users\david.PC541\s_development\repos\java_development_libraries\tratamiento de unidades de medida\jscience-4.3.1.jar;C:\Users\david.PC541\s_development\repos\java_development_libraries\comms\serial\mfz-rxtx-2.2-20081207-win-x64\RXTXcomm.jar;C:\Users\david.PC541\s_development\repos\java_development_libraries\comms\javacomm20-win32\commapi\comm.jar;C:\Users\david.PC541\s_development\repos\java_development_libraries\frameworks\quantity_v_0_9.jar;C:\Users\david.PC541\s_development\repos\java_development_libraries\modBus\jamod-1.2-SNAPSHOT.jar;C:\Users\david.PC541\s_development\repos\java_development_libraries\modBus\modbus4j\modbus4J.jar;C:\Users\david.PC541\s_development\repos\java_development_libraries\modBus\modbus4j\seroUtils.jar;C:\Users\david.PC541\s_development\repos\java_development_libraries\comms\serial\modbus\jLibModbus\jlibmodbus-1.2.9.7.jar;C:\Users\david.PC541\s_development\repos\java_development_libraries\comms\serial\modbus\jLibModbus\jlibmodbus-1.2.9.7-src\lib\jssc-2.8.0.jar
Launcher Type: SUN_STANDARD

Environment Variables:
PATH=C:\ProgramData\Oracle\Java\javapath;C:\Program Files (x86)\Common Files\Oracle\Java\javapath;C:\WINDOWS\system32;C:\WINDOWS;C:\WINDOWS\System32\Wbem;C:\WINDOWS\System32\WindowsPowerShell\v1.0\;C:\Program Files (x86)\ATI Technologies\ATI.ACE\Core-Static;C:\WINDOWS\System32\OpenSSH\;C:\Program Files\Git\cmd;C:\Users\david.PC541\AppData\Local\Microsoft\WindowsApps;
USERNAME=david
OS=Windows_NT
PROCESSOR_IDENTIFIER=Intel64 Family 6 Model 42 Stepping 7, GenuineIntel



---------------  S Y S T E M  ---------------

OS: Windows 10.0 , 64 bit Build 19041 (10.0.19041.546)

CPU:total 8 (initial active 8) (4 cores per cpu, 2 threads per core) family 6 model 42 stepping 7, cmov, cx8, fxsr, mmx, sse, sse2, sse3, ssse3, sse4.1, sse4.2, popcnt, avx, aes, clmul, ht, tsc, tscinvbit

Memory: 4k page, physical 4150208k(708436k free), swap 7644828k(2580024k free)

vm_info: Java HotSpot(TM) 64-Bit Server VM (25.271-b09) for windows-amd64 JRE (1.8.0_271-b09), built on Sep 16 2020 19:14:59 by "" with MS VC++ 15.9 (VS2017)

time: Mon Nov  2 09:24:19 2020
timezone: Hora estándar romance
elapsed time: 0.233240 seconds (0d 0h 0m 0s)

